[39mrunning build_ext[0m
[39mrunning build_src[0m
[39mbuild_src[0m
[39mbuilding py_modules sources[0m
[39mbuilding library "radau5" sources[0m
[39mbuilding library "lapack_lite" sources[0m
[39mbuilding extension "/home/mark/Documents/RESEARCH/Dropbox/Mark/HindmarshRose/bifurcation/radau5_temp._radau5_HindmarshRose_vf" sources[0m
[39mswig: /home/mark/Documents/RESEARCH/Dropbox/Mark/HindmarshRose/bifurcation/radau5_temp/radau5_HindmarshRose_vf.i[0m
[39mswig -python -I/usr/local/lib/python2.7/dist-packages/numpy/core/include -I/home/mark/Documents/RESEARCH/Dropbox/Mark/HindmarshRose/bifurcation -I/usr/local/lib/python2.7/dist-packages/PyDSTool/integrator -o /home/mark/Documents/RESEARCH/Dropbox/Mark/HindmarshRose/bifurcation/radau5_temp/radau5_HindmarshRose_vf_wrap.c -outdir /home/mark/Documents/RESEARCH/Dropbox/Mark/HindmarshRose/bifurcation/radau5_temp /home/mark/Documents/RESEARCH/Dropbox/Mark/HindmarshRose/bifurcation/radau5_temp/radau5_HindmarshRose_vf.i[0m
[39mbuild_src: building npy-pkg config files[0m
[39mcustomize UnixCCompiler[0m
[39mcustomize UnixCCompiler using build_clib[0m
[39mcustomize Gnu95FCompiler[0m
[39mFound executable /usr/bin/gfortran[0m
[39mcustomize Gnu95FCompiler[0m
[39mcustomize Gnu95FCompiler using build_clib[0m
[39mcustomize UnixCCompiler[0m
[39mcustomize UnixCCompiler using build_ext[0m
[39mcustomize Gnu95FCompiler[0m
[39mcustomize Gnu95FCompiler[0m
[39mcustomize Gnu95FCompiler using build_ext[0m
[39mbuilding '/home/mark/Documents/RESEARCH/Dropbox/Mark/HindmarshRose/bifurcation/radau5_temp._radau5_HindmarshRose_vf' extension[0m
[39mcompiling C sources[0m
[39mC compiler: x86_64-linux-gnu-gcc -pthread -DNDEBUG -g -fwrapv -O2 -Wall -Wstrict-prototypes -fno-strict-aliasing -Wdate-time -D_FORTIFY_SOURCE=2 -g -fstack-protector-strong -Wformat -Werror=format-security -fPIC
[0m
[39mcompile options: '-I/usr/local/lib/python2.7/dist-packages/numpy/core/include -I/home/mark/Documents/RESEARCH/Dropbox/Mark/HindmarshRose/bifurcation -I/usr/local/lib/python2.7/dist-packages/PyDSTool/integrator -I/usr/local/lib/python2.7/dist-packages/numpy/core/include -I/usr/include/python2.7 -c'
extra options: '-w -Wno-return-type -Wall -D__RADAU__'[0m
[39mx86_64-linux-gnu-gcc: /usr/local/lib/python2.7/dist-packages/PyDSTool/integrator/memory.c[0m
[39mx86_64-linux-gnu-gcc: /usr/local/lib/python2.7/dist-packages/PyDSTool/integrator/integration.c[0m
[39mx86_64-linux-gnu-gcc: /home/mark/Documents/RESEARCH/Dropbox/Mark/HindmarshRose/bifurcation/radau5_temp/radau5_HindmarshRose_vf_wrap.c[0m
[39mx86_64-linux-gnu-gcc: /home/mark/Documents/RESEARCH/Dropbox/Mark/HindmarshRose/bifurcation/radau5_temp/HindmarshRose_vf.c[0m
[39mx86_64-linux-gnu-gcc: /usr/local/lib/python2.7/dist-packages/PyDSTool/integrator/interface.c[0m
[39mx86_64-linux-gnu-gcc: /usr/local/lib/python2.7/dist-packages/PyDSTool/integrator/radau5mod.c[0m
[39mx86_64-linux-gnu-gcc: /usr/local/lib/python2.7/dist-packages/PyDSTool/integrator/eventFinding.c[0m
[39m/usr/bin/gfortran -Wall -g -Wall -g -shared /home/mark/Documents/RESEARCH/Dropbox/Mark/HindmarshRose/bifurcation/radau5_temp/home/mark/Documents/RESEARCH/Dropbox/Mark/HindmarshRose/bifurcation/radau5_temp/HindmarshRose_vf.o /home/mark/Documents/RESEARCH/Dropbox/Mark/HindmarshRose/bifurcation/radau5_temp/usr/local/lib/python2.7/dist-packages/PyDSTool/integrator/radau5mod.o /home/mark/Documents/RESEARCH/Dropbox/Mark/HindmarshRose/bifurcation/radau5_temp/usr/local/lib/python2.7/dist-packages/PyDSTool/integrator/integration.o /home/mark/Documents/RESEARCH/Dropbox/Mark/HindmarshRose/bifurcation/radau5_temp/usr/local/lib/python2.7/dist-packages/PyDSTool/integrator/interface.o /home/mark/Documents/RESEARCH/Dropbox/Mark/HindmarshRose/bifurcation/radau5_temp/usr/local/lib/python2.7/dist-packages/PyDSTool/integrator/eventFinding.o /home/mark/Documents/RESEARCH/Dropbox/Mark/HindmarshRose/bifurcation/radau5_temp/usr/local/lib/python2.7/dist-packages/PyDSTool/integrator/memory.o /home/mark/Documents/RESEARCH/Dropbox/Mark/HindmarshRose/bifurcation/radau5_temp/home/mark/Documents/RESEARCH/Dropbox/Mark/HindmarshRose/bifurcation/radau5_temp/radau5_HindmarshRose_vf_wrap.o -Lbuild/temp.linux-x86_64-2.7 -lradau5 -llapack_lite -lgfortran -o /home/mark/Documents/RESEARCH/Dropbox/Mark/HindmarshRose/bifurcation/radau5_temp/_radau5_HindmarshRose_vf.so -w[0m
