[39mrunning build[0m
[39mrunning config_cc[0m
[39munifing config_cc, config, build_clib, build_ext, build commands --compiler options[0m
[39mrunning config_fc[0m
[39munifing config_fc, config, build_clib, build_ext, build commands --fcompiler options[0m
[39mrunning build_src[0m
[39mbuild_src[0m
[39mbuilding extension "_auto_HindmarshRoseFast_vf" sources[0m
[39mcreating auto_temp/src.linux-x86_64-2.7[0m
[39mcreating auto_temp/src.linux-x86_64-2.7/auto_temp[0m
[39mswig: /home/mark/Documents/RESEARCH/Dropbox/Mark/HindmarshRose/bifurcation/auto_temp/auto_HindmarshRoseFast_vf.i[0m
[39mswig -python -I/usr/local/lib/python2.7/dist-packages/numpy/core/include -I/home/mark/Documents/RESEARCH/Dropbox/Mark/HindmarshRose/bifurcation -I/usr/local/lib/python2.7/dist-packages/PyDSTool/PyCont/auto/module/include -I/home/mark/Documents/RESEARCH/Dropbox/Mark/HindmarshRose/bifurcation/auto_temp -I/usr/local/lib/python2.7/dist-packages/PyDSTool/PyCont/auto/src/include -o auto_temp/src.linux-x86_64-2.7/auto_temp/auto_HindmarshRoseFast_vf_wrap.c -outdir auto_temp/src.linux-x86_64-2.7/auto_temp /home/mark/Documents/RESEARCH/Dropbox/Mark/HindmarshRose/bifurcation/auto_temp/auto_HindmarshRoseFast_vf.i[0m
[39mbuild_src: building npy-pkg config files[0m
[39mrunning build_ext[0m
[36mnew_compiler returns distutils.unixccompiler.UnixCCompiler[0m
[39mcustomize UnixCCompiler[0m
[39mcustomize UnixCCompiler using build_ext[0m
********************************************************************************
distutils.unixccompiler.UnixCCompiler
linker_exe    = ['x86_64-linux-gnu-gcc', '-pthread']
compiler_so   = ['x86_64-linux-gnu-gcc', '-pthread', '-DNDEBUG', '-g', '-fwrapv', '-O2', '-Wall', '-Wstrict-prototypes', '-fno-strict-aliasing', '-Wdate-time', '-D_FORTIFY_SOURCE=2', '-g', '-fstack-protector-strong', '-Wformat', '-Werror=format-security', '-fPIC']
archiver      = ['x86_64-linux-gnu-gcc-ar', 'rc']
preprocessor  = ['x86_64-linux-gnu-gcc', '-pthread', '-E']
linker_so     = ['x86_64-linux-gnu-gcc', '-pthread', '-shared', '-Wl,-O1', '-Wl,-Bsymbolic-functions', '-Wl,-Bsymbolic-functions', '-Wl,-z,relro', '-fno-strict-aliasing', '-DNDEBUG', '-g', '-fwrapv', '-O2', '-Wall', '-Wstrict-prototypes', '-Wdate-time', '-D_FORTIFY_SOURCE=2', '-g', '-fstack-protector-strong', '-Wformat', '-Werror=format-security', '-Wl,-Bsymbolic-functions', '-Wl,-z,relro', '-Wdate-time', '-D_FORTIFY_SOURCE=2', '-g', '-fstack-protector-strong', '-Wformat', '-Werror=format-security']
compiler_cxx  = ['c++', '-pthread']
ranlib        = None
compiler      = ['x86_64-linux-gnu-gcc', '-pthread', '-DNDEBUG', '-g', '-fwrapv', '-O2', '-Wall', '-Wstrict-prototypes', '-fno-strict-aliasing', '-Wdate-time', '-D_FORTIFY_SOURCE=2', '-g', '-fstack-protector-strong', '-Wformat', '-Werror=format-security']
libraries     = []
library_dirs  = []
include_dirs  = ['/usr/include/python2.7']
********************************************************************************
[39mbuilding '_auto_HindmarshRoseFast_vf' extension[0m
[39mcompiling C sources[0m
[39mC compiler: x86_64-linux-gnu-gcc -pthread -DNDEBUG -g -fwrapv -O2 -Wall -Wstrict-prototypes -fno-strict-aliasing -Wdate-time -D_FORTIFY_SOURCE=2 -g -fstack-protector-strong -Wformat -Werror=format-security -fPIC
[0m
[39mcreating auto_temp/auto_temp[0m
[39mcreating auto_temp/auto_temp/src.linux-x86_64-2.7[0m
[39mcreating auto_temp/auto_temp/src.linux-x86_64-2.7/auto_temp[0m
[39mcreating auto_temp/usr[0m
[39mcreating auto_temp/usr/local[0m
[39mcreating auto_temp/usr/local/lib[0m
[39mcreating auto_temp/usr/local/lib/python2.7[0m
[39mcreating auto_temp/usr/local/lib/python2.7/dist-packages[0m
[39mcreating auto_temp/usr/local/lib/python2.7/dist-packages/PyDSTool[0m
[39mcreating auto_temp/usr/local/lib/python2.7/dist-packages/PyDSTool/PyCont[0m
[39mcreating auto_temp/usr/local/lib/python2.7/dist-packages/PyDSTool/PyCont/auto[0m
[39mcreating auto_temp/usr/local/lib/python2.7/dist-packages/PyDSTool/PyCont/auto/src[0m
[39mcreating auto_temp/usr/local/lib/python2.7/dist-packages/PyDSTool/PyCont/auto/src/libf2c[0m
[39mcreating auto_temp/usr/local/lib/python2.7/dist-packages/PyDSTool/PyCont/auto/module[0m
[39mcreating auto_temp/home[0m
[39mcreating auto_temp/home/mark[0m
[39mcreating auto_temp/home/mark/Documents[0m
[39mcreating auto_temp/home/mark/Documents/RESEARCH[0m
[39mcreating auto_temp/home/mark/Documents/RESEARCH/Dropbox[0m
[39mcreating auto_temp/home/mark/Documents/RESEARCH/Dropbox/Mark[0m
[39mcreating auto_temp/home/mark/Documents/RESEARCH/Dropbox/Mark/HindmarshRose[0m
[39mcreating auto_temp/home/mark/Documents/RESEARCH/Dropbox/Mark/HindmarshRose/bifurcation[0m
[39mcreating auto_temp/home/mark/Documents/RESEARCH/Dropbox/Mark/HindmarshRose/bifurcation/auto_temp[0m
[39mcompile options: '-I/usr/local/lib/python2.7/dist-packages/numpy/core/include -I/home/mark/Documents/RESEARCH/Dropbox/Mark/HindmarshRose/bifurcation -I/usr/local/lib/python2.7/dist-packages/PyDSTool/PyCont/auto/module/include -I/home/mark/Documents/RESEARCH/Dropbox/Mark/HindmarshRose/bifurcation/auto_temp -I/usr/local/lib/python2.7/dist-packages/PyDSTool/PyCont/auto/src/include -I/usr/local/lib/python2.7/dist-packages/numpy/core/include -I/usr/include/python2.7 -c'
extra options: '-w -D__PYTHON__ -std=c99'[0m
[39mx86_64-linux-gnu-gcc: /usr/local/lib/python2.7/dist-packages/PyDSTool/PyCont/auto/module/../src/reduce.c[0m
[36mexec_command(['x86_64-linux-gnu-gcc', '-pthread', '-DNDEBUG', '-g', '-fwrapv', '-O2', '-Wall', '-Wstrict-prototypes', '-fno-strict-aliasing', '-Wdate-time', '-D_FORTIFY_SOURCE=2', '-g', '-fstack-protector-strong', '-Wformat', '-Werror=format-security', '-fPIC', '-I/usr/local/lib/python2.7/dist-packages/numpy/core/include', '-I/home/mark/Documents/RESEARCH/Dropbox/Mark/HindmarshRose/bifurcation', '-I/usr/local/lib/python2.7/dist-packages/PyDSTool/PyCont/auto/module/include', '-I/home/mark/Documents/RESEARCH/Dropbox/Mark/HindmarshRose/bifurcation/auto_temp', '-I/usr/local/lib/python2.7/dist-packages/PyDSTool/PyCont/auto/src/include', '-I/usr/local/lib/python2.7/dist-packages/numpy/core/include', '-I/usr/include/python2.7', '-c', '/usr/local/lib/python2.7/dist-packages/PyDSTool/PyCont/auto/module/../src/reduce.c', '-o', 'auto_temp/usr/local/lib/python2.7/dist-packages/PyDSTool/PyCont/auto/src/reduce.o', '-w', '-D__PYTHON__', '-std=c99'],)[0m
[36mRetaining cwd: /home/mark/Documents/RESEARCH/Dropbox/Mark/HindmarshRose/bifurcation[0m
[36m_preserve_environment([])[0m
[36m_update_environment(...)[0m
[36m_exec_command_posix(...)[0m
[36mRunning os.system('( x86_64-linux-gnu-gcc -pthread -DNDEBUG -g -fwrapv -O2 -Wall -Wstrict-prototypes -fno-strict-aliasing -Wdate-time -D_FORTIFY_SOURCE=2 -g -fstack-protector-strong -Wformat -Werror=format-security -fPIC -I/usr/local/lib/python2.7/dist-packages/numpy/core/include -I/home/mark/Documents/RESEARCH/Dropbox/Mark/HindmarshRose/bifurcation -I/usr/local/lib/python2.7/dist-packages/PyDSTool/PyCont/auto/module/include -I/home/mark/Documents/RESEARCH/Dropbox/Mark/HindmarshRose/bifurcation/auto_temp -I/usr/local/lib/python2.7/dist-packages/PyDSTool/PyCont/auto/src/include -I/usr/local/lib/python2.7/dist-packages/numpy/core/include -I/usr/include/python2.7 -c /usr/local/lib/python2.7/dist-packages/PyDSTool/PyCont/auto/module/../src/reduce.c -o auto_temp/usr/local/lib/python2.7/dist-packages/PyDSTool/PyCont/auto/src/reduce.o -w -D__PYTHON__ -std=c99 ; echo $? > /tmp/tmpSZN13T/SW6X5i ) 2>&1 | tee /tmp/tmpSZN13T/0VY3Km ')[0m
[36m_update_environment(...)[0m
[39mx86_64-linux-gnu-gcc: /usr/local/lib/python2.7/dist-packages/PyDSTool/PyCont/auto/module/../src/conpar.c[0m
[36mexec_command(['x86_64-linux-gnu-gcc', '-pthread', '-DNDEBUG', '-g', '-fwrapv', '-O2', '-Wall', '-Wstrict-prototypes', '-fno-strict-aliasing', '-Wdate-time', '-D_FORTIFY_SOURCE=2', '-g', '-fstack-protector-strong', '-Wformat', '-Werror=format-security', '-fPIC', '-I/usr/local/lib/python2.7/dist-packages/numpy/core/include', '-I/home/mark/Documents/RESEARCH/Dropbox/Mark/HindmarshRose/bifurcation', '-I/usr/local/lib/python2.7/dist-packages/PyDSTool/PyCont/auto/module/include', '-I/home/mark/Documents/RESEARCH/Dropbox/Mark/HindmarshRose/bifurcation/auto_temp', '-I/usr/local/lib/python2.7/dist-packages/PyDSTool/PyCont/auto/src/include', '-I/usr/local/lib/python2.7/dist-packages/numpy/core/include', '-I/usr/include/python2.7', '-c', '/usr/local/lib/python2.7/dist-packages/PyDSTool/PyCont/auto/module/../src/conpar.c', '-o', 'auto_temp/usr/local/lib/python2.7/dist-packages/PyDSTool/PyCont/auto/src/conpar.o', '-w', '-D__PYTHON__', '-std=c99'],)[0m
[36mRetaining cwd: /home/mark/Documents/RESEARCH/Dropbox/Mark/HindmarshRose/bifurcation[0m
[36m_preserve_environment([])[0m
[36m_update_environment(...)[0m
[36m_exec_command_posix(...)[0m
[36mRunning os.system('( x86_64-linux-gnu-gcc -pthread -DNDEBUG -g -fwrapv -O2 -Wall -Wstrict-prototypes -fno-strict-aliasing -Wdate-time -D_FORTIFY_SOURCE=2 -g -fstack-protector-strong -Wformat -Werror=format-security -fPIC -I/usr/local/lib/python2.7/dist-packages/numpy/core/include -I/home/mark/Documents/RESEARCH/Dropbox/Mark/HindmarshRose/bifurcation -I/usr/local/lib/python2.7/dist-packages/PyDSTool/PyCont/auto/module/include -I/home/mark/Documents/RESEARCH/Dropbox/Mark/HindmarshRose/bifurcation/auto_temp -I/usr/local/lib/python2.7/dist-packages/PyDSTool/PyCont/auto/src/include -I/usr/local/lib/python2.7/dist-packages/numpy/core/include -I/usr/include/python2.7 -c /usr/local/lib/python2.7/dist-packages/PyDSTool/PyCont/auto/module/../src/conpar.c -o auto_temp/usr/local/lib/python2.7/dist-packages/PyDSTool/PyCont/auto/src/conpar.o -w -D__PYTHON__ -std=c99 ; echo $? > /tmp/tmpSZN13T/RU7J6Q ) 2>&1 | tee /tmp/tmpSZN13T/o3FAAU ')[0m
[36m_update_environment(...)[0m
[39mx86_64-linux-gnu-gcc: /usr/local/lib/python2.7/dist-packages/PyDSTool/PyCont/auto/module/../src/libf2c/pow_di.c[0m
[36mexec_command(['x86_64-linux-gnu-gcc', '-pthread', '-DNDEBUG', '-g', '-fwrapv', '-O2', '-Wall', '-Wstrict-prototypes', '-fno-strict-aliasing', '-Wdate-time', '-D_FORTIFY_SOURCE=2', '-g', '-fstack-protector-strong', '-Wformat', '-Werror=format-security', '-fPIC', '-I/usr/local/lib/python2.7/dist-packages/numpy/core/include', '-I/home/mark/Documents/RESEARCH/Dropbox/Mark/HindmarshRose/bifurcation', '-I/usr/local/lib/python2.7/dist-packages/PyDSTool/PyCont/auto/module/include', '-I/home/mark/Documents/RESEARCH/Dropbox/Mark/HindmarshRose/bifurcation/auto_temp', '-I/usr/local/lib/python2.7/dist-packages/PyDSTool/PyCont/auto/src/include', '-I/usr/local/lib/python2.7/dist-packages/numpy/core/include', '-I/usr/include/python2.7', '-c', '/usr/local/lib/python2.7/dist-packages/PyDSTool/PyCont/auto/module/../src/libf2c/pow_di.c', '-o', 'auto_temp/usr/local/lib/python2.7/dist-packages/PyDSTool/PyCont/auto/src/libf2c/pow_di.o', '-w', '-D__PYTHON__', '-std=c99'],)[0m
[36mRetaining cwd: /home/mark/Documents/RESEARCH/Dropbox/Mark/HindmarshRose/bifurcation[0m
[36m_preserve_environment([])[0m
[36m_update_environment(...)[0m
[36m_exec_command_posix(...)[0m
[36mRunning os.system('( x86_64-linux-gnu-gcc -pthread -DNDEBUG -g -fwrapv -O2 -Wall -Wstrict-prototypes -fno-strict-aliasing -Wdate-time -D_FORTIFY_SOURCE=2 -g -fstack-protector-strong -Wformat -Werror=format-security -fPIC -I/usr/local/lib/python2.7/dist-packages/numpy/core/include -I/home/mark/Documents/RESEARCH/Dropbox/Mark/HindmarshRose/bifurcation -I/usr/local/lib/python2.7/dist-packages/PyDSTool/PyCont/auto/module/include -I/home/mark/Documents/RESEARCH/Dropbox/Mark/HindmarshRose/bifurcation/auto_temp -I/usr/local/lib/python2.7/dist-packages/PyDSTool/PyCont/auto/src/include -I/usr/local/lib/python2.7/dist-packages/numpy/core/include -I/usr/include/python2.7 -c /usr/local/lib/python2.7/dist-packages/PyDSTool/PyCont/auto/module/../src/libf2c/pow_di.c -o auto_temp/usr/local/lib/python2.7/dist-packages/PyDSTool/PyCont/auto/src/libf2c/pow_di.o -w -D__PYTHON__ -std=c99 ; echo $? > /tmp/tmpSZN13T/6ATVTu ) 2>&1 | tee /tmp/tmpSZN13T/EA9WOb ')[0m
[36m_update_environment(...)[0m
[39mx86_64-linux-gnu-gcc: auto_temp/src.linux-x86_64-2.7/auto_temp/auto_HindmarshRoseFast_vf_wrap.c[0m
[36mexec_command(['x86_64-linux-gnu-gcc', '-pthread', '-DNDEBUG', '-g', '-fwrapv', '-O2', '-Wall', '-Wstrict-prototypes', '-fno-strict-aliasing', '-Wdate-time', '-D_FORTIFY_SOURCE=2', '-g', '-fstack-protector-strong', '-Wformat', '-Werror=format-security', '-fPIC', '-I/usr/local/lib/python2.7/dist-packages/numpy/core/include', '-I/home/mark/Documents/RESEARCH/Dropbox/Mark/HindmarshRose/bifurcation', '-I/usr/local/lib/python2.7/dist-packages/PyDSTool/PyCont/auto/module/include', '-I/home/mark/Documents/RESEARCH/Dropbox/Mark/HindmarshRose/bifurcation/auto_temp', '-I/usr/local/lib/python2.7/dist-packages/PyDSTool/PyCont/auto/src/include', '-I/usr/local/lib/python2.7/dist-packages/numpy/core/include', '-I/usr/include/python2.7', '-c', 'auto_temp/src.linux-x86_64-2.7/auto_temp/auto_HindmarshRoseFast_vf_wrap.c', '-o', 'auto_temp/auto_temp/src.linux-x86_64-2.7/auto_temp/auto_HindmarshRoseFast_vf_wrap.o', '-w', '-D__PYTHON__', '-std=c99'],)[0m
[36mRetaining cwd: /home/mark/Documents/RESEARCH/Dropbox/Mark/HindmarshRose/bifurcation[0m
[36m_preserve_environment([])[0m
[36m_update_environment(...)[0m
[36m_exec_command_posix(...)[0m
[36mRunning os.system('( x86_64-linux-gnu-gcc -pthread -DNDEBUG -g -fwrapv -O2 -Wall -Wstrict-prototypes -fno-strict-aliasing -Wdate-time -D_FORTIFY_SOURCE=2 -g -fstack-protector-strong -Wformat -Werror=format-security -fPIC -I/usr/local/lib/python2.7/dist-packages/numpy/core/include -I/home/mark/Documents/RESEARCH/Dropbox/Mark/HindmarshRose/bifurcation -I/usr/local/lib/python2.7/dist-packages/PyDSTool/PyCont/auto/module/include -I/home/mark/Documents/RESEARCH/Dropbox/Mark/HindmarshRose/bifurcation/auto_temp -I/usr/local/lib/python2.7/dist-packages/PyDSTool/PyCont/auto/src/include -I/usr/local/lib/python2.7/dist-packages/numpy/core/include -I/usr/include/python2.7 -c auto_temp/src.linux-x86_64-2.7/auto_temp/auto_HindmarshRoseFast_vf_wrap.c -o auto_temp/auto_temp/src.linux-x86_64-2.7/auto_temp/auto_HindmarshRoseFast_vf_wrap.o -w -D__PYTHON__ -std=c99 ; echo $? > /tmp/tmpSZN13T/d7i2ZK ) 2>&1 | tee /tmp/tmpSZN13T/lYVg9B ')[0m
[36m_update_environment(...)[0m
[39mx86_64-linux-gnu-gcc: /usr/local/lib/python2.7/dist-packages/PyDSTool/PyCont/auto/module/../src/libf2c/pow_dd.c[0m
[36mexec_command(['x86_64-linux-gnu-gcc', '-pthread', '-DNDEBUG', '-g', '-fwrapv', '-O2', '-Wall', '-Wstrict-prototypes', '-fno-strict-aliasing', '-Wdate-time', '-D_FORTIFY_SOURCE=2', '-g', '-fstack-protector-strong', '-Wformat', '-Werror=format-security', '-fPIC', '-I/usr/local/lib/python2.7/dist-packages/numpy/core/include', '-I/home/mark/Documents/RESEARCH/Dropbox/Mark/HindmarshRose/bifurcation', '-I/usr/local/lib/python2.7/dist-packages/PyDSTool/PyCont/auto/module/include', '-I/home/mark/Documents/RESEARCH/Dropbox/Mark/HindmarshRose/bifurcation/auto_temp', '-I/usr/local/lib/python2.7/dist-packages/PyDSTool/PyCont/auto/src/include', '-I/usr/local/lib/python2.7/dist-packages/numpy/core/include', '-I/usr/include/python2.7', '-c', '/usr/local/lib/python2.7/dist-packages/PyDSTool/PyCont/auto/module/../src/libf2c/pow_dd.c', '-o', 'auto_temp/usr/local/lib/python2.7/dist-packages/PyDSTool/PyCont/auto/src/libf2c/pow_dd.o', '-w', '-D__PYTHON__', '-std=c99'],)[0m
[36mRetaining cwd: /home/mark/Documents/RESEARCH/Dropbox/Mark/HindmarshRose/bifurcation[0m
[36m_preserve_environment([])[0m
[36m_update_environment(...)[0m
[36m_exec_command_posix(...)[0m
[36mRunning os.system('( x86_64-linux-gnu-gcc -pthread -DNDEBUG -g -fwrapv -O2 -Wall -Wstrict-prototypes -fno-strict-aliasing -Wdate-time -D_FORTIFY_SOURCE=2 -g -fstack-protector-strong -Wformat -Werror=format-security -fPIC -I/usr/local/lib/python2.7/dist-packages/numpy/core/include -I/home/mark/Documents/RESEARCH/Dropbox/Mark/HindmarshRose/bifurcation -I/usr/local/lib/python2.7/dist-packages/PyDSTool/PyCont/auto/module/include -I/home/mark/Documents/RESEARCH/Dropbox/Mark/HindmarshRose/bifurcation/auto_temp -I/usr/local/lib/python2.7/dist-packages/PyDSTool/PyCont/auto/src/include -I/usr/local/lib/python2.7/dist-packages/numpy/core/include -I/usr/include/python2.7 -c /usr/local/lib/python2.7/dist-packages/PyDSTool/PyCont/auto/module/../src/libf2c/pow_dd.c -o auto_temp/usr/local/lib/python2.7/dist-packages/PyDSTool/PyCont/auto/src/libf2c/pow_dd.o -w -D__PYTHON__ -std=c99 ; echo $? > /tmp/tmpSZN13T/c4Znzb ) 2>&1 | tee /tmp/tmpSZN13T/BhDLjc ')[0m
[36m_update_environment(...)[0m
[39mx86_64-linux-gnu-gcc: /usr/local/lib/python2.7/dist-packages/PyDSTool/PyCont/auto/module/../src/autlib2.c[0m
[36mexec_command(['x86_64-linux-gnu-gcc', '-pthread', '-DNDEBUG', '-g', '-fwrapv', '-O2', '-Wall', '-Wstrict-prototypes', '-fno-strict-aliasing', '-Wdate-time', '-D_FORTIFY_SOURCE=2', '-g', '-fstack-protector-strong', '-Wformat', '-Werror=format-security', '-fPIC', '-I/usr/local/lib/python2.7/dist-packages/numpy/core/include', '-I/home/mark/Documents/RESEARCH/Dropbox/Mark/HindmarshRose/bifurcation', '-I/usr/local/lib/python2.7/dist-packages/PyDSTool/PyCont/auto/module/include', '-I/home/mark/Documents/RESEARCH/Dropbox/Mark/HindmarshRose/bifurcation/auto_temp', '-I/usr/local/lib/python2.7/dist-packages/PyDSTool/PyCont/auto/src/include', '-I/usr/local/lib/python2.7/dist-packages/numpy/core/include', '-I/usr/include/python2.7', '-c', '/usr/local/lib/python2.7/dist-packages/PyDSTool/PyCont/auto/module/../src/autlib2.c', '-o', 'auto_temp/usr/local/lib/python2.7/dist-packages/PyDSTool/PyCont/auto/src/autlib2.o', '-w', '-D__PYTHON__', '-std=c99'],)[0m
[36mRetaining cwd: /home/mark/Documents/RESEARCH/Dropbox/Mark/HindmarshRose/bifurcation[0m
[36m_preserve_environment([])[0m
[36m_update_environment(...)[0m
[36m_exec_command_posix(...)[0m
[36mRunning os.system('( x86_64-linux-gnu-gcc -pthread -DNDEBUG -g -fwrapv -O2 -Wall -Wstrict-prototypes -fno-strict-aliasing -Wdate-time -D_FORTIFY_SOURCE=2 -g -fstack-protector-strong -Wformat -Werror=format-security -fPIC -I/usr/local/lib/python2.7/dist-packages/numpy/core/include -I/home/mark/Documents/RESEARCH/Dropbox/Mark/HindmarshRose/bifurcation -I/usr/local/lib/python2.7/dist-packages/PyDSTool/PyCont/auto/module/include -I/home/mark/Documents/RESEARCH/Dropbox/Mark/HindmarshRose/bifurcation/auto_temp -I/usr/local/lib/python2.7/dist-packages/PyDSTool/PyCont/auto/src/include -I/usr/local/lib/python2.7/dist-packages/numpy/core/include -I/usr/include/python2.7 -c /usr/local/lib/python2.7/dist-packages/PyDSTool/PyCont/auto/module/../src/autlib2.c -o auto_temp/usr/local/lib/python2.7/dist-packages/PyDSTool/PyCont/auto/src/autlib2.o -w -D__PYTHON__ -std=c99 ; echo $? > /tmp/tmpSZN13T/Kb3JTH ) 2>&1 | tee /tmp/tmpSZN13T/1gTF9W ')[0m
[36m_update_environment(...)[0m
[39mx86_64-linux-gnu-gcc: /usr/local/lib/python2.7/dist-packages/PyDSTool/PyCont/auto/module/../src/libf2c/d_lg10.c[0m
[36mexec_command(['x86_64-linux-gnu-gcc', '-pthread', '-DNDEBUG', '-g', '-fwrapv', '-O2', '-Wall', '-Wstrict-prototypes', '-fno-strict-aliasing', '-Wdate-time', '-D_FORTIFY_SOURCE=2', '-g', '-fstack-protector-strong', '-Wformat', '-Werror=format-security', '-fPIC', '-I/usr/local/lib/python2.7/dist-packages/numpy/core/include', '-I/home/mark/Documents/RESEARCH/Dropbox/Mark/HindmarshRose/bifurcation', '-I/usr/local/lib/python2.7/dist-packages/PyDSTool/PyCont/auto/module/include', '-I/home/mark/Documents/RESEARCH/Dropbox/Mark/HindmarshRose/bifurcation/auto_temp', '-I/usr/local/lib/python2.7/dist-packages/PyDSTool/PyCont/auto/src/include', '-I/usr/local/lib/python2.7/dist-packages/numpy/core/include', '-I/usr/include/python2.7', '-c', '/usr/local/lib/python2.7/dist-packages/PyDSTool/PyCont/auto/module/../src/libf2c/d_lg10.c', '-o', 'auto_temp/usr/local/lib/python2.7/dist-packages/PyDSTool/PyCont/auto/src/libf2c/d_lg10.o', '-w', '-D__PYTHON__', '-std=c99'],)[0m
[36mRetaining cwd: /home/mark/Documents/RESEARCH/Dropbox/Mark/HindmarshRose/bifurcation[0m
[36m_preserve_environment([])[0m
[36m_update_environment(...)[0m
[36m_exec_command_posix(...)[0m
[36mRunning os.system('( x86_64-linux-gnu-gcc -pthread -DNDEBUG -g -fwrapv -O2 -Wall -Wstrict-prototypes -fno-strict-aliasing -Wdate-time -D_FORTIFY_SOURCE=2 -g -fstack-protector-strong -Wformat -Werror=format-security -fPIC -I/usr/local/lib/python2.7/dist-packages/numpy/core/include -I/home/mark/Documents/RESEARCH/Dropbox/Mark/HindmarshRose/bifurcation -I/usr/local/lib/python2.7/dist-packages/PyDSTool/PyCont/auto/module/include -I/home/mark/Documents/RESEARCH/Dropbox/Mark/HindmarshRose/bifurcation/auto_temp -I/usr/local/lib/python2.7/dist-packages/PyDSTool/PyCont/auto/src/include -I/usr/local/lib/python2.7/dist-packages/numpy/core/include -I/usr/include/python2.7 -c /usr/local/lib/python2.7/dist-packages/PyDSTool/PyCont/auto/module/../src/libf2c/d_lg10.c -o auto_temp/usr/local/lib/python2.7/dist-packages/PyDSTool/PyCont/auto/src/libf2c/d_lg10.o -w -D__PYTHON__ -std=c99 ; echo $? > /tmp/tmpSZN13T/_JDgC0 ) 2>&1 | tee /tmp/tmpSZN13T/9FTvM3 ')[0m
[36m_update_environment(...)[0m
[39mx86_64-linux-gnu-gcc: /usr/local/lib/python2.7/dist-packages/PyDSTool/PyCont/auto/module/../src/autlib3.c[0m
[36mexec_command(['x86_64-linux-gnu-gcc', '-pthread', '-DNDEBUG', '-g', '-fwrapv', '-O2', '-Wall', '-Wstrict-prototypes', '-fno-strict-aliasing', '-Wdate-time', '-D_FORTIFY_SOURCE=2', '-g', '-fstack-protector-strong', '-Wformat', '-Werror=format-security', '-fPIC', '-I/usr/local/lib/python2.7/dist-packages/numpy/core/include', '-I/home/mark/Documents/RESEARCH/Dropbox/Mark/HindmarshRose/bifurcation', '-I/usr/local/lib/python2.7/dist-packages/PyDSTool/PyCont/auto/module/include', '-I/home/mark/Documents/RESEARCH/Dropbox/Mark/HindmarshRose/bifurcation/auto_temp', '-I/usr/local/lib/python2.7/dist-packages/PyDSTool/PyCont/auto/src/include', '-I/usr/local/lib/python2.7/dist-packages/numpy/core/include', '-I/usr/include/python2.7', '-c', '/usr/local/lib/python2.7/dist-packages/PyDSTool/PyCont/auto/module/../src/autlib3.c', '-o', 'auto_temp/usr/local/lib/python2.7/dist-packages/PyDSTool/PyCont/auto/src/autlib3.o', '-w', '-D__PYTHON__', '-std=c99'],)[0m
[36mRetaining cwd: /home/mark/Documents/RESEARCH/Dropbox/Mark/HindmarshRose/bifurcation[0m
[36m_preserve_environment([])[0m
[36m_update_environment(...)[0m
[36m_exec_command_posix(...)[0m
[36mRunning os.system('( x86_64-linux-gnu-gcc -pthread -DNDEBUG -g -fwrapv -O2 -Wall -Wstrict-prototypes -fno-strict-aliasing -Wdate-time -D_FORTIFY_SOURCE=2 -g -fstack-protector-strong -Wformat -Werror=format-security -fPIC -I/usr/local/lib/python2.7/dist-packages/numpy/core/include -I/home/mark/Documents/RESEARCH/Dropbox/Mark/HindmarshRose/bifurcation -I/usr/local/lib/python2.7/dist-packages/PyDSTool/PyCont/auto/module/include -I/home/mark/Documents/RESEARCH/Dropbox/Mark/HindmarshRose/bifurcation/auto_temp -I/usr/local/lib/python2.7/dist-packages/PyDSTool/PyCont/auto/src/include -I/usr/local/lib/python2.7/dist-packages/numpy/core/include -I/usr/include/python2.7 -c /usr/local/lib/python2.7/dist-packages/PyDSTool/PyCont/auto/module/../src/autlib3.c -o auto_temp/usr/local/lib/python2.7/dist-packages/PyDSTool/PyCont/auto/src/autlib3.o -w -D__PYTHON__ -std=c99 ; echo $? > /tmp/tmpSZN13T/OKxmp4 ) 2>&1 | tee /tmp/tmpSZN13T/laK0Kg ')[0m
[36m_update_environment(...)[0m
[39mx86_64-linux-gnu-gcc: /home/mark/Documents/RESEARCH/Dropbox/Mark/HindmarshRose/bifurcation/auto_temp/HindmarshRoseFast_vf.c[0m
[36mexec_command(['x86_64-linux-gnu-gcc', '-pthread', '-DNDEBUG', '-g', '-fwrapv', '-O2', '-Wall', '-Wstrict-prototypes', '-fno-strict-aliasing', '-Wdate-time', '-D_FORTIFY_SOURCE=2', '-g', '-fstack-protector-strong', '-Wformat', '-Werror=format-security', '-fPIC', '-I/usr/local/lib/python2.7/dist-packages/numpy/core/include', '-I/home/mark/Documents/RESEARCH/Dropbox/Mark/HindmarshRose/bifurcation', '-I/usr/local/lib/python2.7/dist-packages/PyDSTool/PyCont/auto/module/include', '-I/home/mark/Documents/RESEARCH/Dropbox/Mark/HindmarshRose/bifurcation/auto_temp', '-I/usr/local/lib/python2.7/dist-packages/PyDSTool/PyCont/auto/src/include', '-I/usr/local/lib/python2.7/dist-packages/numpy/core/include', '-I/usr/include/python2.7', '-c', '/home/mark/Documents/RESEARCH/Dropbox/Mark/HindmarshRose/bifurcation/auto_temp/HindmarshRoseFast_vf.c', '-o', 'auto_temp/home/mark/Documents/RESEARCH/Dropbox/Mark/HindmarshRose/bifurcation/auto_temp/HindmarshRoseFast_vf.o', '-w', '-D__PYTHON__', '-std=c99'],)[0m
[36mRetaining cwd: /home/mark/Documents/RESEARCH/Dropbox/Mark/HindmarshRose/bifurcation[0m
[36m_preserve_environment([])[0m
[36m_update_environment(...)[0m
[36m_exec_command_posix(...)[0m
[36mRunning os.system('( x86_64-linux-gnu-gcc -pthread -DNDEBUG -g -fwrapv -O2 -Wall -Wstrict-prototypes -fno-strict-aliasing -Wdate-time -D_FORTIFY_SOURCE=2 -g -fstack-protector-strong -Wformat -Werror=format-security -fPIC -I/usr/local/lib/python2.7/dist-packages/numpy/core/include -I/home/mark/Documents/RESEARCH/Dropbox/Mark/HindmarshRose/bifurcation -I/usr/local/lib/python2.7/dist-packages/PyDSTool/PyCont/auto/module/include -I/home/mark/Documents/RESEARCH/Dropbox/Mark/HindmarshRose/bifurcation/auto_temp -I/usr/local/lib/python2.7/dist-packages/PyDSTool/PyCont/auto/src/include -I/usr/local/lib/python2.7/dist-packages/numpy/core/include -I/usr/include/python2.7 -c /home/mark/Documents/RESEARCH/Dropbox/Mark/HindmarshRose/bifurcation/auto_temp/HindmarshRoseFast_vf.c -o auto_temp/home/mark/Documents/RESEARCH/Dropbox/Mark/HindmarshRose/bifurcation/auto_temp/HindmarshRoseFast_vf.o -w -D__PYTHON__ -std=c99 ; echo $? > /tmp/tmpSZN13T/8H52Or ) 2>&1 | tee /tmp/tmpSZN13T/3Ok1UC ')[0m
[36m_update_environment(...)[0m
[39mx86_64-linux-gnu-gcc: /usr/local/lib/python2.7/dist-packages/PyDSTool/PyCont/auto/module/../src/libf2c/d_imag.c[0m
[36mexec_command(['x86_64-linux-gnu-gcc', '-pthread', '-DNDEBUG', '-g', '-fwrapv', '-O2', '-Wall', '-Wstrict-prototypes', '-fno-strict-aliasing', '-Wdate-time', '-D_FORTIFY_SOURCE=2', '-g', '-fstack-protector-strong', '-Wformat', '-Werror=format-security', '-fPIC', '-I/usr/local/lib/python2.7/dist-packages/numpy/core/include', '-I/home/mark/Documents/RESEARCH/Dropbox/Mark/HindmarshRose/bifurcation', '-I/usr/local/lib/python2.7/dist-packages/PyDSTool/PyCont/auto/module/include', '-I/home/mark/Documents/RESEARCH/Dropbox/Mark/HindmarshRose/bifurcation/auto_temp', '-I/usr/local/lib/python2.7/dist-packages/PyDSTool/PyCont/auto/src/include', '-I/usr/local/lib/python2.7/dist-packages/numpy/core/include', '-I/usr/include/python2.7', '-c', '/usr/local/lib/python2.7/dist-packages/PyDSTool/PyCont/auto/module/../src/libf2c/d_imag.c', '-o', 'auto_temp/usr/local/lib/python2.7/dist-packages/PyDSTool/PyCont/auto/src/libf2c/d_imag.o', '-w', '-D__PYTHON__', '-std=c99'],)[0m
[36mRetaining cwd: /home/mark/Documents/RESEARCH/Dropbox/Mark/HindmarshRose/bifurcation[0m
[36m_preserve_environment([])[0m
[36m_update_environment(...)[0m
[36m_exec_command_posix(...)[0m
[36mRunning os.system('( x86_64-linux-gnu-gcc -pthread -DNDEBUG -g -fwrapv -O2 -Wall -Wstrict-prototypes -fno-strict-aliasing -Wdate-time -D_FORTIFY_SOURCE=2 -g -fstack-protector-strong -Wformat -Werror=format-security -fPIC -I/usr/local/lib/python2.7/dist-packages/numpy/core/include -I/home/mark/Documents/RESEARCH/Dropbox/Mark/HindmarshRose/bifurcation -I/usr/local/lib/python2.7/dist-packages/PyDSTool/PyCont/auto/module/include -I/home/mark/Documents/RESEARCH/Dropbox/Mark/HindmarshRose/bifurcation/auto_temp -I/usr/local/lib/python2.7/dist-packages/PyDSTool/PyCont/auto/src/include -I/usr/local/lib/python2.7/dist-packages/numpy/core/include -I/usr/include/python2.7 -c /usr/local/lib/python2.7/dist-packages/PyDSTool/PyCont/auto/module/../src/libf2c/d_imag.c -o auto_temp/usr/local/lib/python2.7/dist-packages/PyDSTool/PyCont/auto/src/libf2c/d_imag.o -w -D__PYTHON__ -std=c99 ; echo $? > /tmp/tmpSZN13T/JIl4J7 ) 2>&1 | tee /tmp/tmpSZN13T/BYbA0h ')[0m
[36m_update_environment(...)[0m
[39mx86_64-linux-gnu-gcc: /usr/local/lib/python2.7/dist-packages/PyDSTool/PyCont/auto/module/../src/libf2c/pow_ii.c[0m
[36mexec_command(['x86_64-linux-gnu-gcc', '-pthread', '-DNDEBUG', '-g', '-fwrapv', '-O2', '-Wall', '-Wstrict-prototypes', '-fno-strict-aliasing', '-Wdate-time', '-D_FORTIFY_SOURCE=2', '-g', '-fstack-protector-strong', '-Wformat', '-Werror=format-security', '-fPIC', '-I/usr/local/lib/python2.7/dist-packages/numpy/core/include', '-I/home/mark/Documents/RESEARCH/Dropbox/Mark/HindmarshRose/bifurcation', '-I/usr/local/lib/python2.7/dist-packages/PyDSTool/PyCont/auto/module/include', '-I/home/mark/Documents/RESEARCH/Dropbox/Mark/HindmarshRose/bifurcation/auto_temp', '-I/usr/local/lib/python2.7/dist-packages/PyDSTool/PyCont/auto/src/include', '-I/usr/local/lib/python2.7/dist-packages/numpy/core/include', '-I/usr/include/python2.7', '-c', '/usr/local/lib/python2.7/dist-packages/PyDSTool/PyCont/auto/module/../src/libf2c/pow_ii.c', '-o', 'auto_temp/usr/local/lib/python2.7/dist-packages/PyDSTool/PyCont/auto/src/libf2c/pow_ii.o', '-w', '-D__PYTHON__', '-std=c99'],)[0m
[36mRetaining cwd: /home/mark/Documents/RESEARCH/Dropbox/Mark/HindmarshRose/bifurcation[0m
[36m_preserve_environment([])[0m
[36m_update_environment(...)[0m
[36m_exec_command_posix(...)[0m
[36mRunning os.system('( x86_64-linux-gnu-gcc -pthread -DNDEBUG -g -fwrapv -O2 -Wall -Wstrict-prototypes -fno-strict-aliasing -Wdate-time -D_FORTIFY_SOURCE=2 -g -fstack-protector-strong -Wformat -Werror=format-security -fPIC -I/usr/local/lib/python2.7/dist-packages/numpy/core/include -I/home/mark/Documents/RESEARCH/Dropbox/Mark/HindmarshRose/bifurcation -I/usr/local/lib/python2.7/dist-packages/PyDSTool/PyCont/auto/module/include -I/home/mark/Documents/RESEARCH/Dropbox/Mark/HindmarshRose/bifurcation/auto_temp -I/usr/local/lib/python2.7/dist-packages/PyDSTool/PyCont/auto/src/include -I/usr/local/lib/python2.7/dist-packages/numpy/core/include -I/usr/include/python2.7 -c /usr/local/lib/python2.7/dist-packages/PyDSTool/PyCont/auto/module/../src/libf2c/pow_ii.c -o auto_temp/usr/local/lib/python2.7/dist-packages/PyDSTool/PyCont/auto/src/libf2c/pow_ii.o -w -D__PYTHON__ -std=c99 ; echo $? > /tmp/tmpSZN13T/HaPuJg ) 2>&1 | tee /tmp/tmpSZN13T/kE_nua ')[0m
[36m_update_environment(...)[0m
[39mx86_64-linux-gnu-gcc: /usr/local/lib/python2.7/dist-packages/PyDSTool/PyCont/auto/module/../src/autlib1.c[0m
[36mexec_command(['x86_64-linux-gnu-gcc', '-pthread', '-DNDEBUG', '-g', '-fwrapv', '-O2', '-Wall', '-Wstrict-prototypes', '-fno-strict-aliasing', '-Wdate-time', '-D_FORTIFY_SOURCE=2', '-g', '-fstack-protector-strong', '-Wformat', '-Werror=format-security', '-fPIC', '-I/usr/local/lib/python2.7/dist-packages/numpy/core/include', '-I/home/mark/Documents/RESEARCH/Dropbox/Mark/HindmarshRose/bifurcation', '-I/usr/local/lib/python2.7/dist-packages/PyDSTool/PyCont/auto/module/include', '-I/home/mark/Documents/RESEARCH/Dropbox/Mark/HindmarshRose/bifurcation/auto_temp', '-I/usr/local/lib/python2.7/dist-packages/PyDSTool/PyCont/auto/src/include', '-I/usr/local/lib/python2.7/dist-packages/numpy/core/include', '-I/usr/include/python2.7', '-c', '/usr/local/lib/python2.7/dist-packages/PyDSTool/PyCont/auto/module/../src/autlib1.c', '-o', 'auto_temp/usr/local/lib/python2.7/dist-packages/PyDSTool/PyCont/auto/src/autlib1.o', '-w', '-D__PYTHON__', '-std=c99'],)[0m
[36mRetaining cwd: /home/mark/Documents/RESEARCH/Dropbox/Mark/HindmarshRose/bifurcation[0m
[36m_preserve_environment([])[0m
[36m_update_environment(...)[0m
[36m_exec_command_posix(...)[0m
[36mRunning os.system('( x86_64-linux-gnu-gcc -pthread -DNDEBUG -g -fwrapv -O2 -Wall -Wstrict-prototypes -fno-strict-aliasing -Wdate-time -D_FORTIFY_SOURCE=2 -g -fstack-protector-strong -Wformat -Werror=format-security -fPIC -I/usr/local/lib/python2.7/dist-packages/numpy/core/include -I/home/mark/Documents/RESEARCH/Dropbox/Mark/HindmarshRose/bifurcation -I/usr/local/lib/python2.7/dist-packages/PyDSTool/PyCont/auto/module/include -I/home/mark/Documents/RESEARCH/Dropbox/Mark/HindmarshRose/bifurcation/auto_temp -I/usr/local/lib/python2.7/dist-packages/PyDSTool/PyCont/auto/src/include -I/usr/local/lib/python2.7/dist-packages/numpy/core/include -I/usr/include/python2.7 -c /usr/local/lib/python2.7/dist-packages/PyDSTool/PyCont/auto/module/../src/autlib1.c -o auto_temp/usr/local/lib/python2.7/dist-packages/PyDSTool/PyCont/auto/src/autlib1.o -w -D__PYTHON__ -std=c99 ; echo $? > /tmp/tmpSZN13T/q706zO ) 2>&1 | tee /tmp/tmpSZN13T/cZ2jHK ')[0m
[36m_update_environment(...)[0m
[39mx86_64-linux-gnu-gcc: /usr/local/lib/python2.7/dist-packages/PyDSTool/PyCont/auto/module/../src/libf2c/i_nint.c[0m
[36mexec_command(['x86_64-linux-gnu-gcc', '-pthread', '-DNDEBUG', '-g', '-fwrapv', '-O2', '-Wall', '-Wstrict-prototypes', '-fno-strict-aliasing', '-Wdate-time', '-D_FORTIFY_SOURCE=2', '-g', '-fstack-protector-strong', '-Wformat', '-Werror=format-security', '-fPIC', '-I/usr/local/lib/python2.7/dist-packages/numpy/core/include', '-I/home/mark/Documents/RESEARCH/Dropbox/Mark/HindmarshRose/bifurcation', '-I/usr/local/lib/python2.7/dist-packages/PyDSTool/PyCont/auto/module/include', '-I/home/mark/Documents/RESEARCH/Dropbox/Mark/HindmarshRose/bifurcation/auto_temp', '-I/usr/local/lib/python2.7/dist-packages/PyDSTool/PyCont/auto/src/include', '-I/usr/local/lib/python2.7/dist-packages/numpy/core/include', '-I/usr/include/python2.7', '-c', '/usr/local/lib/python2.7/dist-packages/PyDSTool/PyCont/auto/module/../src/libf2c/i_nint.c', '-o', 'auto_temp/usr/local/lib/python2.7/dist-packages/PyDSTool/PyCont/auto/src/libf2c/i_nint.o', '-w', '-D__PYTHON__', '-std=c99'],)[0m
[36mRetaining cwd: /home/mark/Documents/RESEARCH/Dropbox/Mark/HindmarshRose/bifurcation[0m
[36m_preserve_environment([])[0m
[36m_update_environment(...)[0m
[36m_exec_command_posix(...)[0m
[36mRunning os.system('( x86_64-linux-gnu-gcc -pthread -DNDEBUG -g -fwrapv -O2 -Wall -Wstrict-prototypes -fno-strict-aliasing -Wdate-time -D_FORTIFY_SOURCE=2 -g -fstack-protector-strong -Wformat -Werror=format-security -fPIC -I/usr/local/lib/python2.7/dist-packages/numpy/core/include -I/home/mark/Documents/RESEARCH/Dropbox/Mark/HindmarshRose/bifurcation -I/usr/local/lib/python2.7/dist-packages/PyDSTool/PyCont/auto/module/include -I/home/mark/Documents/RESEARCH/Dropbox/Mark/HindmarshRose/bifurcation/auto_temp -I/usr/local/lib/python2.7/dist-packages/PyDSTool/PyCont/auto/src/include -I/usr/local/lib/python2.7/dist-packages/numpy/core/include -I/usr/include/python2.7 -c /usr/local/lib/python2.7/dist-packages/PyDSTool/PyCont/auto/module/../src/libf2c/i_nint.c -o auto_temp/usr/local/lib/python2.7/dist-packages/PyDSTool/PyCont/auto/src/libf2c/i_nint.o -w -D__PYTHON__ -std=c99 ; echo $? > /tmp/tmpSZN13T/HTykf_ ) 2>&1 | tee /tmp/tmpSZN13T/6GLAwj ')[0m
[36m_update_environment(...)[0m
[39mx86_64-linux-gnu-gcc: /usr/local/lib/python2.7/dist-packages/PyDSTool/PyCont/auto/module/../src/dmatrix.c[0m
[36mexec_command(['x86_64-linux-gnu-gcc', '-pthread', '-DNDEBUG', '-g', '-fwrapv', '-O2', '-Wall', '-Wstrict-prototypes', '-fno-strict-aliasing', '-Wdate-time', '-D_FORTIFY_SOURCE=2', '-g', '-fstack-protector-strong', '-Wformat', '-Werror=format-security', '-fPIC', '-I/usr/local/lib/python2.7/dist-packages/numpy/core/include', '-I/home/mark/Documents/RESEARCH/Dropbox/Mark/HindmarshRose/bifurcation', '-I/usr/local/lib/python2.7/dist-packages/PyDSTool/PyCont/auto/module/include', '-I/home/mark/Documents/RESEARCH/Dropbox/Mark/HindmarshRose/bifurcation/auto_temp', '-I/usr/local/lib/python2.7/dist-packages/PyDSTool/PyCont/auto/src/include', '-I/usr/local/lib/python2.7/dist-packages/numpy/core/include', '-I/usr/include/python2.7', '-c', '/usr/local/lib/python2.7/dist-packages/PyDSTool/PyCont/auto/module/../src/dmatrix.c', '-o', 'auto_temp/usr/local/lib/python2.7/dist-packages/PyDSTool/PyCont/auto/src/dmatrix.o', '-w', '-D__PYTHON__', '-std=c99'],)[0m
[36mRetaining cwd: /home/mark/Documents/RESEARCH/Dropbox/Mark/HindmarshRose/bifurcation[0m
[36m_preserve_environment([])[0m
[36m_update_environment(...)[0m
[36m_exec_command_posix(...)[0m
[36mRunning os.system('( x86_64-linux-gnu-gcc -pthread -DNDEBUG -g -fwrapv -O2 -Wall -Wstrict-prototypes -fno-strict-aliasing -Wdate-time -D_FORTIFY_SOURCE=2 -g -fstack-protector-strong -Wformat -Werror=format-security -fPIC -I/usr/local/lib/python2.7/dist-packages/numpy/core/include -I/home/mark/Documents/RESEARCH/Dropbox/Mark/HindmarshRose/bifurcation -I/usr/local/lib/python2.7/dist-packages/PyDSTool/PyCont/auto/module/include -I/home/mark/Documents/RESEARCH/Dropbox/Mark/HindmarshRose/bifurcation/auto_temp -I/usr/local/lib/python2.7/dist-packages/PyDSTool/PyCont/auto/src/include -I/usr/local/lib/python2.7/dist-packages/numpy/core/include -I/usr/include/python2.7 -c /usr/local/lib/python2.7/dist-packages/PyDSTool/PyCont/auto/module/../src/dmatrix.c -o auto_temp/usr/local/lib/python2.7/dist-packages/PyDSTool/PyCont/auto/src/dmatrix.o -w -D__PYTHON__ -std=c99 ; echo $? > /tmp/tmpSZN13T/CVSXqK ) 2>&1 | tee /tmp/tmpSZN13T/D1a3iV ')[0m
[36m_update_environment(...)[0m
[39mx86_64-linux-gnu-gcc: /usr/local/lib/python2.7/dist-packages/PyDSTool/PyCont/auto/module/../src/libf2c/z_exp.c[0m
[36mexec_command(['x86_64-linux-gnu-gcc', '-pthread', '-DNDEBUG', '-g', '-fwrapv', '-O2', '-Wall', '-Wstrict-prototypes', '-fno-strict-aliasing', '-Wdate-time', '-D_FORTIFY_SOURCE=2', '-g', '-fstack-protector-strong', '-Wformat', '-Werror=format-security', '-fPIC', '-I/usr/local/lib/python2.7/dist-packages/numpy/core/include', '-I/home/mark/Documents/RESEARCH/Dropbox/Mark/HindmarshRose/bifurcation', '-I/usr/local/lib/python2.7/dist-packages/PyDSTool/PyCont/auto/module/include', '-I/home/mark/Documents/RESEARCH/Dropbox/Mark/HindmarshRose/bifurcation/auto_temp', '-I/usr/local/lib/python2.7/dist-packages/PyDSTool/PyCont/auto/src/include', '-I/usr/local/lib/python2.7/dist-packages/numpy/core/include', '-I/usr/include/python2.7', '-c', '/usr/local/lib/python2.7/dist-packages/PyDSTool/PyCont/auto/module/../src/libf2c/z_exp.c', '-o', 'auto_temp/usr/local/lib/python2.7/dist-packages/PyDSTool/PyCont/auto/src/libf2c/z_exp.o', '-w', '-D__PYTHON__', '-std=c99'],)[0m
[36mRetaining cwd: /home/mark/Documents/RESEARCH/Dropbox/Mark/HindmarshRose/bifurcation[0m
[36m_preserve_environment([])[0m
[36m_update_environment(...)[0m
[36m_exec_command_posix(...)[0m
[36mRunning os.system('( x86_64-linux-gnu-gcc -pthread -DNDEBUG -g -fwrapv -O2 -Wall -Wstrict-prototypes -fno-strict-aliasing -Wdate-time -D_FORTIFY_SOURCE=2 -g -fstack-protector-strong -Wformat -Werror=format-security -fPIC -I/usr/local/lib/python2.7/dist-packages/numpy/core/include -I/home/mark/Documents/RESEARCH/Dropbox/Mark/HindmarshRose/bifurcation -I/usr/local/lib/python2.7/dist-packages/PyDSTool/PyCont/auto/module/include -I/home/mark/Documents/RESEARCH/Dropbox/Mark/HindmarshRose/bifurcation/auto_temp -I/usr/local/lib/python2.7/dist-packages/PyDSTool/PyCont/auto/src/include -I/usr/local/lib/python2.7/dist-packages/numpy/core/include -I/usr/include/python2.7 -c /usr/local/lib/python2.7/dist-packages/PyDSTool/PyCont/auto/module/../src/libf2c/z_exp.c -o auto_temp/usr/local/lib/python2.7/dist-packages/PyDSTool/PyCont/auto/src/libf2c/z_exp.o -w -D__PYTHON__ -std=c99 ; echo $? > /tmp/tmpSZN13T/JgldmI ) 2>&1 | tee /tmp/tmpSZN13T/at3I7g ')[0m
[36m_update_environment(...)[0m
[39mx86_64-linux-gnu-gcc: /usr/local/lib/python2.7/dist-packages/PyDSTool/PyCont/auto/module/../src/auto.c[0m
[36mexec_command(['x86_64-linux-gnu-gcc', '-pthread', '-DNDEBUG', '-g', '-fwrapv', '-O2', '-Wall', '-Wstrict-prototypes', '-fno-strict-aliasing', '-Wdate-time', '-D_FORTIFY_SOURCE=2', '-g', '-fstack-protector-strong', '-Wformat', '-Werror=format-security', '-fPIC', '-I/usr/local/lib/python2.7/dist-packages/numpy/core/include', '-I/home/mark/Documents/RESEARCH/Dropbox/Mark/HindmarshRose/bifurcation', '-I/usr/local/lib/python2.7/dist-packages/PyDSTool/PyCont/auto/module/include', '-I/home/mark/Documents/RESEARCH/Dropbox/Mark/HindmarshRose/bifurcation/auto_temp', '-I/usr/local/lib/python2.7/dist-packages/PyDSTool/PyCont/auto/src/include', '-I/usr/local/lib/python2.7/dist-packages/numpy/core/include', '-I/usr/include/python2.7', '-c', '/usr/local/lib/python2.7/dist-packages/PyDSTool/PyCont/auto/module/../src/auto.c', '-o', 'auto_temp/usr/local/lib/python2.7/dist-packages/PyDSTool/PyCont/auto/src/auto.o', '-w', '-D__PYTHON__', '-std=c99'],)[0m
[36mRetaining cwd: /home/mark/Documents/RESEARCH/Dropbox/Mark/HindmarshRose/bifurcation[0m
[36m_preserve_environment([])[0m
[36m_update_environment(...)[0m
[36m_exec_command_posix(...)[0m
[36mRunning os.system('( x86_64-linux-gnu-gcc -pthread -DNDEBUG -g -fwrapv -O2 -Wall -Wstrict-prototypes -fno-strict-aliasing -Wdate-time -D_FORTIFY_SOURCE=2 -g -fstack-protector-strong -Wformat -Werror=format-security -fPIC -I/usr/local/lib/python2.7/dist-packages/numpy/core/include -I/home/mark/Documents/RESEARCH/Dropbox/Mark/HindmarshRose/bifurcation -I/usr/local/lib/python2.7/dist-packages/PyDSTool/PyCont/auto/module/include -I/home/mark/Documents/RESEARCH/Dropbox/Mark/HindmarshRose/bifurcation/auto_temp -I/usr/local/lib/python2.7/dist-packages/PyDSTool/PyCont/auto/src/include -I/usr/local/lib/python2.7/dist-packages/numpy/core/include -I/usr/include/python2.7 -c /usr/local/lib/python2.7/dist-packages/PyDSTool/PyCont/auto/module/../src/auto.c -o auto_temp/usr/local/lib/python2.7/dist-packages/PyDSTool/PyCont/auto/src/auto.o -w -D__PYTHON__ -std=c99 ; echo $? > /tmp/tmpSZN13T/oRwuAR ) 2>&1 | tee /tmp/tmpSZN13T/DUZhpV ')[0m
[36m_update_environment(...)[0m
[39mx86_64-linux-gnu-gcc: /usr/local/lib/python2.7/dist-packages/PyDSTool/PyCont/auto/module/../src/libf2c/i_dnnt.c[0m
[36mexec_command(['x86_64-linux-gnu-gcc', '-pthread', '-DNDEBUG', '-g', '-fwrapv', '-O2', '-Wall', '-Wstrict-prototypes', '-fno-strict-aliasing', '-Wdate-time', '-D_FORTIFY_SOURCE=2', '-g', '-fstack-protector-strong', '-Wformat', '-Werror=format-security', '-fPIC', '-I/usr/local/lib/python2.7/dist-packages/numpy/core/include', '-I/home/mark/Documents/RESEARCH/Dropbox/Mark/HindmarshRose/bifurcation', '-I/usr/local/lib/python2.7/dist-packages/PyDSTool/PyCont/auto/module/include', '-I/home/mark/Documents/RESEARCH/Dropbox/Mark/HindmarshRose/bifurcation/auto_temp', '-I/usr/local/lib/python2.7/dist-packages/PyDSTool/PyCont/auto/src/include', '-I/usr/local/lib/python2.7/dist-packages/numpy/core/include', '-I/usr/include/python2.7', '-c', '/usr/local/lib/python2.7/dist-packages/PyDSTool/PyCont/auto/module/../src/libf2c/i_dnnt.c', '-o', 'auto_temp/usr/local/lib/python2.7/dist-packages/PyDSTool/PyCont/auto/src/libf2c/i_dnnt.o', '-w', '-D__PYTHON__', '-std=c99'],)[0m
[36mRetaining cwd: /home/mark/Documents/RESEARCH/Dropbox/Mark/HindmarshRose/bifurcation[0m
[36m_preserve_environment([])[0m
[36m_update_environment(...)[0m
[36m_exec_command_posix(...)[0m
[36mRunning os.system('( x86_64-linux-gnu-gcc -pthread -DNDEBUG -g -fwrapv -O2 -Wall -Wstrict-prototypes -fno-strict-aliasing -Wdate-time -D_FORTIFY_SOURCE=2 -g -fstack-protector-strong -Wformat -Werror=format-security -fPIC -I/usr/local/lib/python2.7/dist-packages/numpy/core/include -I/home/mark/Documents/RESEARCH/Dropbox/Mark/HindmarshRose/bifurcation -I/usr/local/lib/python2.7/dist-packages/PyDSTool/PyCont/auto/module/include -I/home/mark/Documents/RESEARCH/Dropbox/Mark/HindmarshRose/bifurcation/auto_temp -I/usr/local/lib/python2.7/dist-packages/PyDSTool/PyCont/auto/src/include -I/usr/local/lib/python2.7/dist-packages/numpy/core/include -I/usr/include/python2.7 -c /usr/local/lib/python2.7/dist-packages/PyDSTool/PyCont/auto/module/../src/libf2c/i_dnnt.c -o auto_temp/usr/local/lib/python2.7/dist-packages/PyDSTool/PyCont/auto/src/libf2c/i_dnnt.o -w -D__PYTHON__ -std=c99 ; echo $? > /tmp/tmpSZN13T/tddixd ) 2>&1 | tee /tmp/tmpSZN13T/cFrZg0 ')[0m
[36m_update_environment(...)[0m
[39mx86_64-linux-gnu-gcc: /usr/local/lib/python2.7/dist-packages/PyDSTool/PyCont/auto/module/../src/libf2c/cabs.c[0m
[36mexec_command(['x86_64-linux-gnu-gcc', '-pthread', '-DNDEBUG', '-g', '-fwrapv', '-O2', '-Wall', '-Wstrict-prototypes', '-fno-strict-aliasing', '-Wdate-time', '-D_FORTIFY_SOURCE=2', '-g', '-fstack-protector-strong', '-Wformat', '-Werror=format-security', '-fPIC', '-I/usr/local/lib/python2.7/dist-packages/numpy/core/include', '-I/home/mark/Documents/RESEARCH/Dropbox/Mark/HindmarshRose/bifurcation', '-I/usr/local/lib/python2.7/dist-packages/PyDSTool/PyCont/auto/module/include', '-I/home/mark/Documents/RESEARCH/Dropbox/Mark/HindmarshRose/bifurcation/auto_temp', '-I/usr/local/lib/python2.7/dist-packages/PyDSTool/PyCont/auto/src/include', '-I/usr/local/lib/python2.7/dist-packages/numpy/core/include', '-I/usr/include/python2.7', '-c', '/usr/local/lib/python2.7/dist-packages/PyDSTool/PyCont/auto/module/../src/libf2c/cabs.c', '-o', 'auto_temp/usr/local/lib/python2.7/dist-packages/PyDSTool/PyCont/auto/src/libf2c/cabs.o', '-w', '-D__PYTHON__', '-std=c99'],)[0m
[36mRetaining cwd: /home/mark/Documents/RESEARCH/Dropbox/Mark/HindmarshRose/bifurcation[0m
[36m_preserve_environment([])[0m
[36m_update_environment(...)[0m
[36m_exec_command_posix(...)[0m
[36mRunning os.system('( x86_64-linux-gnu-gcc -pthread -DNDEBUG -g -fwrapv -O2 -Wall -Wstrict-prototypes -fno-strict-aliasing -Wdate-time -D_FORTIFY_SOURCE=2 -g -fstack-protector-strong -Wformat -Werror=format-security -fPIC -I/usr/local/lib/python2.7/dist-packages/numpy/core/include -I/home/mark/Documents/RESEARCH/Dropbox/Mark/HindmarshRose/bifurcation -I/usr/local/lib/python2.7/dist-packages/PyDSTool/PyCont/auto/module/include -I/home/mark/Documents/RESEARCH/Dropbox/Mark/HindmarshRose/bifurcation/auto_temp -I/usr/local/lib/python2.7/dist-packages/PyDSTool/PyCont/auto/src/include -I/usr/local/lib/python2.7/dist-packages/numpy/core/include -I/usr/include/python2.7 -c /usr/local/lib/python2.7/dist-packages/PyDSTool/PyCont/auto/module/../src/libf2c/cabs.c -o auto_temp/usr/local/lib/python2.7/dist-packages/PyDSTool/PyCont/auto/src/libf2c/cabs.o -w -D__PYTHON__ -std=c99 ; echo $? > /tmp/tmpSZN13T/BysvE5 ) 2>&1 | tee /tmp/tmpSZN13T/p6rfo2 ')[0m
[36m_update_environment(...)[0m
[39mx86_64-linux-gnu-gcc: /usr/local/lib/python2.7/dist-packages/PyDSTool/PyCont/auto/module/../src/setubv.c[0m
[36mexec_command(['x86_64-linux-gnu-gcc', '-pthread', '-DNDEBUG', '-g', '-fwrapv', '-O2', '-Wall', '-Wstrict-prototypes', '-fno-strict-aliasing', '-Wdate-time', '-D_FORTIFY_SOURCE=2', '-g', '-fstack-protector-strong', '-Wformat', '-Werror=format-security', '-fPIC', '-I/usr/local/lib/python2.7/dist-packages/numpy/core/include', '-I/home/mark/Documents/RESEARCH/Dropbox/Mark/HindmarshRose/bifurcation', '-I/usr/local/lib/python2.7/dist-packages/PyDSTool/PyCont/auto/module/include', '-I/home/mark/Documents/RESEARCH/Dropbox/Mark/HindmarshRose/bifurcation/auto_temp', '-I/usr/local/lib/python2.7/dist-packages/PyDSTool/PyCont/auto/src/include', '-I/usr/local/lib/python2.7/dist-packages/numpy/core/include', '-I/usr/include/python2.7', '-c', '/usr/local/lib/python2.7/dist-packages/PyDSTool/PyCont/auto/module/../src/setubv.c', '-o', 'auto_temp/usr/local/lib/python2.7/dist-packages/PyDSTool/PyCont/auto/src/setubv.o', '-w', '-D__PYTHON__', '-std=c99'],)[0m
[36mRetaining cwd: /home/mark/Documents/RESEARCH/Dropbox/Mark/HindmarshRose/bifurcation[0m
[36m_preserve_environment([])[0m
[36m_update_environment(...)[0m
[36m_exec_command_posix(...)[0m
[36mRunning os.system('( x86_64-linux-gnu-gcc -pthread -DNDEBUG -g -fwrapv -O2 -Wall -Wstrict-prototypes -fno-strict-aliasing -Wdate-time -D_FORTIFY_SOURCE=2 -g -fstack-protector-strong -Wformat -Werror=format-security -fPIC -I/usr/local/lib/python2.7/dist-packages/numpy/core/include -I/home/mark/Documents/RESEARCH/Dropbox/Mark/HindmarshRose/bifurcation -I/usr/local/lib/python2.7/dist-packages/PyDSTool/PyCont/auto/module/include -I/home/mark/Documents/RESEARCH/Dropbox/Mark/HindmarshRose/bifurcation/auto_temp -I/usr/local/lib/python2.7/dist-packages/PyDSTool/PyCont/auto/src/include -I/usr/local/lib/python2.7/dist-packages/numpy/core/include -I/usr/include/python2.7 -c /usr/local/lib/python2.7/dist-packages/PyDSTool/PyCont/auto/module/../src/setubv.c -o auto_temp/usr/local/lib/python2.7/dist-packages/PyDSTool/PyCont/auto/src/setubv.o -w -D__PYTHON__ -std=c99 ; echo $? > /tmp/tmpSZN13T/jVAC0B ) 2>&1 | tee /tmp/tmpSZN13T/tRZBxn ')[0m
[36m_update_environment(...)[0m
[39mx86_64-linux-gnu-gcc: /usr/local/lib/python2.7/dist-packages/PyDSTool/PyCont/auto/module/../src/eispack.c[0m
[36mexec_command(['x86_64-linux-gnu-gcc', '-pthread', '-DNDEBUG', '-g', '-fwrapv', '-O2', '-Wall', '-Wstrict-prototypes', '-fno-strict-aliasing', '-Wdate-time', '-D_FORTIFY_SOURCE=2', '-g', '-fstack-protector-strong', '-Wformat', '-Werror=format-security', '-fPIC', '-I/usr/local/lib/python2.7/dist-packages/numpy/core/include', '-I/home/mark/Documents/RESEARCH/Dropbox/Mark/HindmarshRose/bifurcation', '-I/usr/local/lib/python2.7/dist-packages/PyDSTool/PyCont/auto/module/include', '-I/home/mark/Documents/RESEARCH/Dropbox/Mark/HindmarshRose/bifurcation/auto_temp', '-I/usr/local/lib/python2.7/dist-packages/PyDSTool/PyCont/auto/src/include', '-I/usr/local/lib/python2.7/dist-packages/numpy/core/include', '-I/usr/include/python2.7', '-c', '/usr/local/lib/python2.7/dist-packages/PyDSTool/PyCont/auto/module/../src/eispack.c', '-o', 'auto_temp/usr/local/lib/python2.7/dist-packages/PyDSTool/PyCont/auto/src/eispack.o', '-w', '-D__PYTHON__', '-std=c99'],)[0m
[36mRetaining cwd: /home/mark/Documents/RESEARCH/Dropbox/Mark/HindmarshRose/bifurcation[0m
[36m_preserve_environment([])[0m
[36m_update_environment(...)[0m
[36m_exec_command_posix(...)[0m
[36mRunning os.system('( x86_64-linux-gnu-gcc -pthread -DNDEBUG -g -fwrapv -O2 -Wall -Wstrict-prototypes -fno-strict-aliasing -Wdate-time -D_FORTIFY_SOURCE=2 -g -fstack-protector-strong -Wformat -Werror=format-security -fPIC -I/usr/local/lib/python2.7/dist-packages/numpy/core/include -I/home/mark/Documents/RESEARCH/Dropbox/Mark/HindmarshRose/bifurcation -I/usr/local/lib/python2.7/dist-packages/PyDSTool/PyCont/auto/module/include -I/home/mark/Documents/RESEARCH/Dropbox/Mark/HindmarshRose/bifurcation/auto_temp -I/usr/local/lib/python2.7/dist-packages/PyDSTool/PyCont/auto/src/include -I/usr/local/lib/python2.7/dist-packages/numpy/core/include -I/usr/include/python2.7 -c /usr/local/lib/python2.7/dist-packages/PyDSTool/PyCont/auto/module/../src/eispack.c -o auto_temp/usr/local/lib/python2.7/dist-packages/PyDSTool/PyCont/auto/src/eispack.o -w -D__PYTHON__ -std=c99 ; echo $? > /tmp/tmpSZN13T/4UGACZ ) 2>&1 | tee /tmp/tmpSZN13T/_Vzx6I ')[0m
[36m_update_environment(...)[0m
[39mx86_64-linux-gnu-gcc: /usr/local/lib/python2.7/dist-packages/PyDSTool/PyCont/auto/module/../src/libf2c/r_lg10.c[0m
[36mexec_command(['x86_64-linux-gnu-gcc', '-pthread', '-DNDEBUG', '-g', '-fwrapv', '-O2', '-Wall', '-Wstrict-prototypes', '-fno-strict-aliasing', '-Wdate-time', '-D_FORTIFY_SOURCE=2', '-g', '-fstack-protector-strong', '-Wformat', '-Werror=format-security', '-fPIC', '-I/usr/local/lib/python2.7/dist-packages/numpy/core/include', '-I/home/mark/Documents/RESEARCH/Dropbox/Mark/HindmarshRose/bifurcation', '-I/usr/local/lib/python2.7/dist-packages/PyDSTool/PyCont/auto/module/include', '-I/home/mark/Documents/RESEARCH/Dropbox/Mark/HindmarshRose/bifurcation/auto_temp', '-I/usr/local/lib/python2.7/dist-packages/PyDSTool/PyCont/auto/src/include', '-I/usr/local/lib/python2.7/dist-packages/numpy/core/include', '-I/usr/include/python2.7', '-c', '/usr/local/lib/python2.7/dist-packages/PyDSTool/PyCont/auto/module/../src/libf2c/r_lg10.c', '-o', 'auto_temp/usr/local/lib/python2.7/dist-packages/PyDSTool/PyCont/auto/src/libf2c/r_lg10.o', '-w', '-D__PYTHON__', '-std=c99'],)[0m
[36mRetaining cwd: /home/mark/Documents/RESEARCH/Dropbox/Mark/HindmarshRose/bifurcation[0m
[36m_preserve_environment([])[0m
[36m_update_environment(...)[0m
[36m_exec_command_posix(...)[0m
[36mRunning os.system('( x86_64-linux-gnu-gcc -pthread -DNDEBUG -g -fwrapv -O2 -Wall -Wstrict-prototypes -fno-strict-aliasing -Wdate-time -D_FORTIFY_SOURCE=2 -g -fstack-protector-strong -Wformat -Werror=format-security -fPIC -I/usr/local/lib/python2.7/dist-packages/numpy/core/include -I/home/mark/Documents/RESEARCH/Dropbox/Mark/HindmarshRose/bifurcation -I/usr/local/lib/python2.7/dist-packages/PyDSTool/PyCont/auto/module/include -I/home/mark/Documents/RESEARCH/Dropbox/Mark/HindmarshRose/bifurcation/auto_temp -I/usr/local/lib/python2.7/dist-packages/PyDSTool/PyCont/auto/src/include -I/usr/local/lib/python2.7/dist-packages/numpy/core/include -I/usr/include/python2.7 -c /usr/local/lib/python2.7/dist-packages/PyDSTool/PyCont/auto/module/../src/libf2c/r_lg10.c -o auto_temp/usr/local/lib/python2.7/dist-packages/PyDSTool/PyCont/auto/src/libf2c/r_lg10.o -w -D__PYTHON__ -std=c99 ; echo $? > /tmp/tmpSZN13T/LNoM56 ) 2>&1 | tee /tmp/tmpSZN13T/90LBlB ')[0m
[36m_update_environment(...)[0m
[39mx86_64-linux-gnu-gcc: /usr/local/lib/python2.7/dist-packages/PyDSTool/PyCont/auto/module/automod.c[0m
[36mexec_command(['x86_64-linux-gnu-gcc', '-pthread', '-DNDEBUG', '-g', '-fwrapv', '-O2', '-Wall', '-Wstrict-prototypes', '-fno-strict-aliasing', '-Wdate-time', '-D_FORTIFY_SOURCE=2', '-g', '-fstack-protector-strong', '-Wformat', '-Werror=format-security', '-fPIC', '-I/usr/local/lib/python2.7/dist-packages/numpy/core/include', '-I/home/mark/Documents/RESEARCH/Dropbox/Mark/HindmarshRose/bifurcation', '-I/usr/local/lib/python2.7/dist-packages/PyDSTool/PyCont/auto/module/include', '-I/home/mark/Documents/RESEARCH/Dropbox/Mark/HindmarshRose/bifurcation/auto_temp', '-I/usr/local/lib/python2.7/dist-packages/PyDSTool/PyCont/auto/src/include', '-I/usr/local/lib/python2.7/dist-packages/numpy/core/include', '-I/usr/include/python2.7', '-c', '/usr/local/lib/python2.7/dist-packages/PyDSTool/PyCont/auto/module/automod.c', '-o', 'auto_temp/usr/local/lib/python2.7/dist-packages/PyDSTool/PyCont/auto/module/automod.o', '-w', '-D__PYTHON__', '-std=c99'],)[0m
[36mRetaining cwd: /home/mark/Documents/RESEARCH/Dropbox/Mark/HindmarshRose/bifurcation[0m
[36m_preserve_environment([])[0m
[36m_update_environment(...)[0m
[36m_exec_command_posix(...)[0m
[36mRunning os.system('( x86_64-linux-gnu-gcc -pthread -DNDEBUG -g -fwrapv -O2 -Wall -Wstrict-prototypes -fno-strict-aliasing -Wdate-time -D_FORTIFY_SOURCE=2 -g -fstack-protector-strong -Wformat -Werror=format-security -fPIC -I/usr/local/lib/python2.7/dist-packages/numpy/core/include -I/home/mark/Documents/RESEARCH/Dropbox/Mark/HindmarshRose/bifurcation -I/usr/local/lib/python2.7/dist-packages/PyDSTool/PyCont/auto/module/include -I/home/mark/Documents/RESEARCH/Dropbox/Mark/HindmarshRose/bifurcation/auto_temp -I/usr/local/lib/python2.7/dist-packages/PyDSTool/PyCont/auto/src/include -I/usr/local/lib/python2.7/dist-packages/numpy/core/include -I/usr/include/python2.7 -c /usr/local/lib/python2.7/dist-packages/PyDSTool/PyCont/auto/module/automod.c -o auto_temp/usr/local/lib/python2.7/dist-packages/PyDSTool/PyCont/auto/module/automod.o -w -D__PYTHON__ -std=c99 ; echo $? > /tmp/tmpSZN13T/nl2CQk ) 2>&1 | tee /tmp/tmpSZN13T/u6ubR5 ')[0m
[36m_update_environment(...)[0m
[39mx86_64-linux-gnu-gcc: /usr/local/lib/python2.7/dist-packages/PyDSTool/PyCont/auto/module/../src/libf2c/z_log.c[0m
[36mexec_command(['x86_64-linux-gnu-gcc', '-pthread', '-DNDEBUG', '-g', '-fwrapv', '-O2', '-Wall', '-Wstrict-prototypes', '-fno-strict-aliasing', '-Wdate-time', '-D_FORTIFY_SOURCE=2', '-g', '-fstack-protector-strong', '-Wformat', '-Werror=format-security', '-fPIC', '-I/usr/local/lib/python2.7/dist-packages/numpy/core/include', '-I/home/mark/Documents/RESEARCH/Dropbox/Mark/HindmarshRose/bifurcation', '-I/usr/local/lib/python2.7/dist-packages/PyDSTool/PyCont/auto/module/include', '-I/home/mark/Documents/RESEARCH/Dropbox/Mark/HindmarshRose/bifurcation/auto_temp', '-I/usr/local/lib/python2.7/dist-packages/PyDSTool/PyCont/auto/src/include', '-I/usr/local/lib/python2.7/dist-packages/numpy/core/include', '-I/usr/include/python2.7', '-c', '/usr/local/lib/python2.7/dist-packages/PyDSTool/PyCont/auto/module/../src/libf2c/z_log.c', '-o', 'auto_temp/usr/local/lib/python2.7/dist-packages/PyDSTool/PyCont/auto/src/libf2c/z_log.o', '-w', '-D__PYTHON__', '-std=c99'],)[0m
[36mRetaining cwd: /home/mark/Documents/RESEARCH/Dropbox/Mark/HindmarshRose/bifurcation[0m
[36m_preserve_environment([])[0m
[36m_update_environment(...)[0m
[36m_exec_command_posix(...)[0m
[36mRunning os.system('( x86_64-linux-gnu-gcc -pthread -DNDEBUG -g -fwrapv -O2 -Wall -Wstrict-prototypes -fno-strict-aliasing -Wdate-time -D_FORTIFY_SOURCE=2 -g -fstack-protector-strong -Wformat -Werror=format-security -fPIC -I/usr/local/lib/python2.7/dist-packages/numpy/core/include -I/home/mark/Documents/RESEARCH/Dropbox/Mark/HindmarshRose/bifurcation -I/usr/local/lib/python2.7/dist-packages/PyDSTool/PyCont/auto/module/include -I/home/mark/Documents/RESEARCH/Dropbox/Mark/HindmarshRose/bifurcation/auto_temp -I/usr/local/lib/python2.7/dist-packages/PyDSTool/PyCont/auto/src/include -I/usr/local/lib/python2.7/dist-packages/numpy/core/include -I/usr/include/python2.7 -c /usr/local/lib/python2.7/dist-packages/PyDSTool/PyCont/auto/module/../src/libf2c/z_log.c -o auto_temp/usr/local/lib/python2.7/dist-packages/PyDSTool/PyCont/auto/src/libf2c/z_log.o -w -D__PYTHON__ -std=c99 ; echo $? > /tmp/tmpSZN13T/N85f6g ) 2>&1 | tee /tmp/tmpSZN13T/88TILV ')[0m
[36m_update_environment(...)[0m
[39mx86_64-linux-gnu-gcc: /usr/local/lib/python2.7/dist-packages/PyDSTool/PyCont/auto/module/../src/libf2c/z_abs.c[0m
[36mexec_command(['x86_64-linux-gnu-gcc', '-pthread', '-DNDEBUG', '-g', '-fwrapv', '-O2', '-Wall', '-Wstrict-prototypes', '-fno-strict-aliasing', '-Wdate-time', '-D_FORTIFY_SOURCE=2', '-g', '-fstack-protector-strong', '-Wformat', '-Werror=format-security', '-fPIC', '-I/usr/local/lib/python2.7/dist-packages/numpy/core/include', '-I/home/mark/Documents/RESEARCH/Dropbox/Mark/HindmarshRose/bifurcation', '-I/usr/local/lib/python2.7/dist-packages/PyDSTool/PyCont/auto/module/include', '-I/home/mark/Documents/RESEARCH/Dropbox/Mark/HindmarshRose/bifurcation/auto_temp', '-I/usr/local/lib/python2.7/dist-packages/PyDSTool/PyCont/auto/src/include', '-I/usr/local/lib/python2.7/dist-packages/numpy/core/include', '-I/usr/include/python2.7', '-c', '/usr/local/lib/python2.7/dist-packages/PyDSTool/PyCont/auto/module/../src/libf2c/z_abs.c', '-o', 'auto_temp/usr/local/lib/python2.7/dist-packages/PyDSTool/PyCont/auto/src/libf2c/z_abs.o', '-w', '-D__PYTHON__', '-std=c99'],)[0m
[36mRetaining cwd: /home/mark/Documents/RESEARCH/Dropbox/Mark/HindmarshRose/bifurcation[0m
[36m_preserve_environment([])[0m
[36m_update_environment(...)[0m
[36m_exec_command_posix(...)[0m
[36mRunning os.system('( x86_64-linux-gnu-gcc -pthread -DNDEBUG -g -fwrapv -O2 -Wall -Wstrict-prototypes -fno-strict-aliasing -Wdate-time -D_FORTIFY_SOURCE=2 -g -fstack-protector-strong -Wformat -Werror=format-security -fPIC -I/usr/local/lib/python2.7/dist-packages/numpy/core/include -I/home/mark/Documents/RESEARCH/Dropbox/Mark/HindmarshRose/bifurcation -I/usr/local/lib/python2.7/dist-packages/PyDSTool/PyCont/auto/module/include -I/home/mark/Documents/RESEARCH/Dropbox/Mark/HindmarshRose/bifurcation/auto_temp -I/usr/local/lib/python2.7/dist-packages/PyDSTool/PyCont/auto/src/include -I/usr/local/lib/python2.7/dist-packages/numpy/core/include -I/usr/include/python2.7 -c /usr/local/lib/python2.7/dist-packages/PyDSTool/PyCont/auto/module/../src/libf2c/z_abs.c -o auto_temp/usr/local/lib/python2.7/dist-packages/PyDSTool/PyCont/auto/src/libf2c/z_abs.o -w -D__PYTHON__ -std=c99 ; echo $? > /tmp/tmpSZN13T/pZU9TK ) 2>&1 | tee /tmp/tmpSZN13T/oAYVo2 ')[0m
[36m_update_environment(...)[0m
[39mx86_64-linux-gnu-gcc: /usr/local/lib/python2.7/dist-packages/PyDSTool/PyCont/auto/module/../src/libf2c/d_sign.c[0m
[36mexec_command(['x86_64-linux-gnu-gcc', '-pthread', '-DNDEBUG', '-g', '-fwrapv', '-O2', '-Wall', '-Wstrict-prototypes', '-fno-strict-aliasing', '-Wdate-time', '-D_FORTIFY_SOURCE=2', '-g', '-fstack-protector-strong', '-Wformat', '-Werror=format-security', '-fPIC', '-I/usr/local/lib/python2.7/dist-packages/numpy/core/include', '-I/home/mark/Documents/RESEARCH/Dropbox/Mark/HindmarshRose/bifurcation', '-I/usr/local/lib/python2.7/dist-packages/PyDSTool/PyCont/auto/module/include', '-I/home/mark/Documents/RESEARCH/Dropbox/Mark/HindmarshRose/bifurcation/auto_temp', '-I/usr/local/lib/python2.7/dist-packages/PyDSTool/PyCont/auto/src/include', '-I/usr/local/lib/python2.7/dist-packages/numpy/core/include', '-I/usr/include/python2.7', '-c', '/usr/local/lib/python2.7/dist-packages/PyDSTool/PyCont/auto/module/../src/libf2c/d_sign.c', '-o', 'auto_temp/usr/local/lib/python2.7/dist-packages/PyDSTool/PyCont/auto/src/libf2c/d_sign.o', '-w', '-D__PYTHON__', '-std=c99'],)[0m
[36mRetaining cwd: /home/mark/Documents/RESEARCH/Dropbox/Mark/HindmarshRose/bifurcation[0m
[36m_preserve_environment([])[0m
[36m_update_environment(...)[0m
[36m_exec_command_posix(...)[0m
[36mRunning os.system('( x86_64-linux-gnu-gcc -pthread -DNDEBUG -g -fwrapv -O2 -Wall -Wstrict-prototypes -fno-strict-aliasing -Wdate-time -D_FORTIFY_SOURCE=2 -g -fstack-protector-strong -Wformat -Werror=format-security -fPIC -I/usr/local/lib/python2.7/dist-packages/numpy/core/include -I/home/mark/Documents/RESEARCH/Dropbox/Mark/HindmarshRose/bifurcation -I/usr/local/lib/python2.7/dist-packages/PyDSTool/PyCont/auto/module/include -I/home/mark/Documents/RESEARCH/Dropbox/Mark/HindmarshRose/bifurcation/auto_temp -I/usr/local/lib/python2.7/dist-packages/PyDSTool/PyCont/auto/src/include -I/usr/local/lib/python2.7/dist-packages/numpy/core/include -I/usr/include/python2.7 -c /usr/local/lib/python2.7/dist-packages/PyDSTool/PyCont/auto/module/../src/libf2c/d_sign.c -o auto_temp/usr/local/lib/python2.7/dist-packages/PyDSTool/PyCont/auto/src/libf2c/d_sign.o -w -D__PYTHON__ -std=c99 ; echo $? > /tmp/tmpSZN13T/KzvThg ) 2>&1 | tee /tmp/tmpSZN13T/AHb5bf ')[0m
[36m_update_environment(...)[0m
[39mx86_64-linux-gnu-gcc: /usr/local/lib/python2.7/dist-packages/PyDSTool/PyCont/auto/module/../src/autlib4.c[0m
[36mexec_command(['x86_64-linux-gnu-gcc', '-pthread', '-DNDEBUG', '-g', '-fwrapv', '-O2', '-Wall', '-Wstrict-prototypes', '-fno-strict-aliasing', '-Wdate-time', '-D_FORTIFY_SOURCE=2', '-g', '-fstack-protector-strong', '-Wformat', '-Werror=format-security', '-fPIC', '-I/usr/local/lib/python2.7/dist-packages/numpy/core/include', '-I/home/mark/Documents/RESEARCH/Dropbox/Mark/HindmarshRose/bifurcation', '-I/usr/local/lib/python2.7/dist-packages/PyDSTool/PyCont/auto/module/include', '-I/home/mark/Documents/RESEARCH/Dropbox/Mark/HindmarshRose/bifurcation/auto_temp', '-I/usr/local/lib/python2.7/dist-packages/PyDSTool/PyCont/auto/src/include', '-I/usr/local/lib/python2.7/dist-packages/numpy/core/include', '-I/usr/include/python2.7', '-c', '/usr/local/lib/python2.7/dist-packages/PyDSTool/PyCont/auto/module/../src/autlib4.c', '-o', 'auto_temp/usr/local/lib/python2.7/dist-packages/PyDSTool/PyCont/auto/src/autlib4.o', '-w', '-D__PYTHON__', '-std=c99'],)[0m
[36mRetaining cwd: /home/mark/Documents/RESEARCH/Dropbox/Mark/HindmarshRose/bifurcation[0m
[36m_preserve_environment([])[0m
[36m_update_environment(...)[0m
[36m_exec_command_posix(...)[0m
[36mRunning os.system('( x86_64-linux-gnu-gcc -pthread -DNDEBUG -g -fwrapv -O2 -Wall -Wstrict-prototypes -fno-strict-aliasing -Wdate-time -D_FORTIFY_SOURCE=2 -g -fstack-protector-strong -Wformat -Werror=format-security -fPIC -I/usr/local/lib/python2.7/dist-packages/numpy/core/include -I/home/mark/Documents/RESEARCH/Dropbox/Mark/HindmarshRose/bifurcation -I/usr/local/lib/python2.7/dist-packages/PyDSTool/PyCont/auto/module/include -I/home/mark/Documents/RESEARCH/Dropbox/Mark/HindmarshRose/bifurcation/auto_temp -I/usr/local/lib/python2.7/dist-packages/PyDSTool/PyCont/auto/src/include -I/usr/local/lib/python2.7/dist-packages/numpy/core/include -I/usr/include/python2.7 -c /usr/local/lib/python2.7/dist-packages/PyDSTool/PyCont/auto/module/../src/autlib4.c -o auto_temp/usr/local/lib/python2.7/dist-packages/PyDSTool/PyCont/auto/src/autlib4.o -w -D__PYTHON__ -std=c99 ; echo $? > /tmp/tmpSZN13T/OrUbBv ) 2>&1 | tee /tmp/tmpSZN13T/iyfahJ ')[0m
[36m_update_environment(...)[0m
[39mx86_64-linux-gnu-gcc: /usr/local/lib/python2.7/dist-packages/PyDSTool/PyCont/auto/module/../src/autlib5.c[0m
[36mexec_command(['x86_64-linux-gnu-gcc', '-pthread', '-DNDEBUG', '-g', '-fwrapv', '-O2', '-Wall', '-Wstrict-prototypes', '-fno-strict-aliasing', '-Wdate-time', '-D_FORTIFY_SOURCE=2', '-g', '-fstack-protector-strong', '-Wformat', '-Werror=format-security', '-fPIC', '-I/usr/local/lib/python2.7/dist-packages/numpy/core/include', '-I/home/mark/Documents/RESEARCH/Dropbox/Mark/HindmarshRose/bifurcation', '-I/usr/local/lib/python2.7/dist-packages/PyDSTool/PyCont/auto/module/include', '-I/home/mark/Documents/RESEARCH/Dropbox/Mark/HindmarshRose/bifurcation/auto_temp', '-I/usr/local/lib/python2.7/dist-packages/PyDSTool/PyCont/auto/src/include', '-I/usr/local/lib/python2.7/dist-packages/numpy/core/include', '-I/usr/include/python2.7', '-c', '/usr/local/lib/python2.7/dist-packages/PyDSTool/PyCont/auto/module/../src/autlib5.c', '-o', 'auto_temp/usr/local/lib/python2.7/dist-packages/PyDSTool/PyCont/auto/src/autlib5.o', '-w', '-D__PYTHON__', '-std=c99'],)[0m
[36mRetaining cwd: /home/mark/Documents/RESEARCH/Dropbox/Mark/HindmarshRose/bifurcation[0m
[36m_preserve_environment([])[0m
[36m_update_environment(...)[0m
[36m_exec_command_posix(...)[0m
[36mRunning os.system('( x86_64-linux-gnu-gcc -pthread -DNDEBUG -g -fwrapv -O2 -Wall -Wstrict-prototypes -fno-strict-aliasing -Wdate-time -D_FORTIFY_SOURCE=2 -g -fstack-protector-strong -Wformat -Werror=format-security -fPIC -I/usr/local/lib/python2.7/dist-packages/numpy/core/include -I/home/mark/Documents/RESEARCH/Dropbox/Mark/HindmarshRose/bifurcation -I/usr/local/lib/python2.7/dist-packages/PyDSTool/PyCont/auto/module/include -I/home/mark/Documents/RESEARCH/Dropbox/Mark/HindmarshRose/bifurcation/auto_temp -I/usr/local/lib/python2.7/dist-packages/PyDSTool/PyCont/auto/src/include -I/usr/local/lib/python2.7/dist-packages/numpy/core/include -I/usr/include/python2.7 -c /usr/local/lib/python2.7/dist-packages/PyDSTool/PyCont/auto/module/../src/autlib5.c -o auto_temp/usr/local/lib/python2.7/dist-packages/PyDSTool/PyCont/auto/src/autlib5.o -w -D__PYTHON__ -std=c99 ; echo $? > /tmp/tmpSZN13T/7KtawQ ) 2>&1 | tee /tmp/tmpSZN13T/iylGmQ ')[0m
[36m_update_environment(...)[0m
[39mx86_64-linux-gnu-gcc: /usr/local/lib/python2.7/dist-packages/PyDSTool/PyCont/auto/module/interface.c[0m
[36mexec_command(['x86_64-linux-gnu-gcc', '-pthread', '-DNDEBUG', '-g', '-fwrapv', '-O2', '-Wall', '-Wstrict-prototypes', '-fno-strict-aliasing', '-Wdate-time', '-D_FORTIFY_SOURCE=2', '-g', '-fstack-protector-strong', '-Wformat', '-Werror=format-security', '-fPIC', '-I/usr/local/lib/python2.7/dist-packages/numpy/core/include', '-I/home/mark/Documents/RESEARCH/Dropbox/Mark/HindmarshRose/bifurcation', '-I/usr/local/lib/python2.7/dist-packages/PyDSTool/PyCont/auto/module/include', '-I/home/mark/Documents/RESEARCH/Dropbox/Mark/HindmarshRose/bifurcation/auto_temp', '-I/usr/local/lib/python2.7/dist-packages/PyDSTool/PyCont/auto/src/include', '-I/usr/local/lib/python2.7/dist-packages/numpy/core/include', '-I/usr/include/python2.7', '-c', '/usr/local/lib/python2.7/dist-packages/PyDSTool/PyCont/auto/module/interface.c', '-o', 'auto_temp/usr/local/lib/python2.7/dist-packages/PyDSTool/PyCont/auto/module/interface.o', '-w', '-D__PYTHON__', '-std=c99'],)[0m
[36mRetaining cwd: /home/mark/Documents/RESEARCH/Dropbox/Mark/HindmarshRose/bifurcation[0m
[36m_preserve_environment([])[0m
[36m_update_environment(...)[0m
[36m_exec_command_posix(...)[0m
[36mRunning os.system('( x86_64-linux-gnu-gcc -pthread -DNDEBUG -g -fwrapv -O2 -Wall -Wstrict-prototypes -fno-strict-aliasing -Wdate-time -D_FORTIFY_SOURCE=2 -g -fstack-protector-strong -Wformat -Werror=format-security -fPIC -I/usr/local/lib/python2.7/dist-packages/numpy/core/include -I/home/mark/Documents/RESEARCH/Dropbox/Mark/HindmarshRose/bifurcation -I/usr/local/lib/python2.7/dist-packages/PyDSTool/PyCont/auto/module/include -I/home/mark/Documents/RESEARCH/Dropbox/Mark/HindmarshRose/bifurcation/auto_temp -I/usr/local/lib/python2.7/dist-packages/PyDSTool/PyCont/auto/src/include -I/usr/local/lib/python2.7/dist-packages/numpy/core/include -I/usr/include/python2.7 -c /usr/local/lib/python2.7/dist-packages/PyDSTool/PyCont/auto/module/interface.c -o auto_temp/usr/local/lib/python2.7/dist-packages/PyDSTool/PyCont/auto/module/interface.o -w -D__PYTHON__ -std=c99 ; echo $? > /tmp/tmpSZN13T/1PzsEj ) 2>&1 | tee /tmp/tmpSZN13T/cuzh7s ')[0m
[36m_update_environment(...)[0m
[39mx86_64-linux-gnu-gcc: /usr/local/lib/python2.7/dist-packages/PyDSTool/PyCont/auto/module/../src/fcon.c[0m
[36mexec_command(['x86_64-linux-gnu-gcc', '-pthread', '-DNDEBUG', '-g', '-fwrapv', '-O2', '-Wall', '-Wstrict-prototypes', '-fno-strict-aliasing', '-Wdate-time', '-D_FORTIFY_SOURCE=2', '-g', '-fstack-protector-strong', '-Wformat', '-Werror=format-security', '-fPIC', '-I/usr/local/lib/python2.7/dist-packages/numpy/core/include', '-I/home/mark/Documents/RESEARCH/Dropbox/Mark/HindmarshRose/bifurcation', '-I/usr/local/lib/python2.7/dist-packages/PyDSTool/PyCont/auto/module/include', '-I/home/mark/Documents/RESEARCH/Dropbox/Mark/HindmarshRose/bifurcation/auto_temp', '-I/usr/local/lib/python2.7/dist-packages/PyDSTool/PyCont/auto/src/include', '-I/usr/local/lib/python2.7/dist-packages/numpy/core/include', '-I/usr/include/python2.7', '-c', '/usr/local/lib/python2.7/dist-packages/PyDSTool/PyCont/auto/module/../src/fcon.c', '-o', 'auto_temp/usr/local/lib/python2.7/dist-packages/PyDSTool/PyCont/auto/src/fcon.o', '-w', '-D__PYTHON__', '-std=c99'],)[0m
[36mRetaining cwd: /home/mark/Documents/RESEARCH/Dropbox/Mark/HindmarshRose/bifurcation[0m
[36m_preserve_environment([])[0m
[36m_update_environment(...)[0m
[36m_exec_command_posix(...)[0m
[36mRunning os.system('( x86_64-linux-gnu-gcc -pthread -DNDEBUG -g -fwrapv -O2 -Wall -Wstrict-prototypes -fno-strict-aliasing -Wdate-time -D_FORTIFY_SOURCE=2 -g -fstack-protector-strong -Wformat -Werror=format-security -fPIC -I/usr/local/lib/python2.7/dist-packages/numpy/core/include -I/home/mark/Documents/RESEARCH/Dropbox/Mark/HindmarshRose/bifurcation -I/usr/local/lib/python2.7/dist-packages/PyDSTool/PyCont/auto/module/include -I/home/mark/Documents/RESEARCH/Dropbox/Mark/HindmarshRose/bifurcation/auto_temp -I/usr/local/lib/python2.7/dist-packages/PyDSTool/PyCont/auto/src/include -I/usr/local/lib/python2.7/dist-packages/numpy/core/include -I/usr/include/python2.7 -c /usr/local/lib/python2.7/dist-packages/PyDSTool/PyCont/auto/module/../src/fcon.c -o auto_temp/usr/local/lib/python2.7/dist-packages/PyDSTool/PyCont/auto/src/fcon.o -w -D__PYTHON__ -std=c99 ; echo $? > /tmp/tmpSZN13T/_n_jb0 ) 2>&1 | tee /tmp/tmpSZN13T/9pGtZg ')[0m
[36m_update_environment(...)[0m
[39mx86_64-linux-gnu-gcc -pthread -shared -Wl,-O1 -Wl,-Bsymbolic-functions -Wl,-Bsymbolic-functions -Wl,-z,relro -fno-strict-aliasing -DNDEBUG -g -fwrapv -O2 -Wall -Wstrict-prototypes -Wdate-time -D_FORTIFY_SOURCE=2 -g -fstack-protector-strong -Wformat -Werror=format-security -Wl,-Bsymbolic-functions -Wl,-z,relro -Wdate-time -D_FORTIFY_SOURCE=2 -g -fstack-protector-strong -Wformat -Werror=format-security auto_temp/auto_temp/src.linux-x86_64-2.7/auto_temp/auto_HindmarshRoseFast_vf_wrap.o auto_temp/usr/local/lib/python2.7/dist-packages/PyDSTool/PyCont/auto/src/auto.o auto_temp/usr/local/lib/python2.7/dist-packages/PyDSTool/PyCont/auto/src/autlib1.o auto_temp/usr/local/lib/python2.7/dist-packages/PyDSTool/PyCont/auto/src/autlib2.o auto_temp/usr/local/lib/python2.7/dist-packages/PyDSTool/PyCont/auto/src/autlib3.o auto_temp/usr/local/lib/python2.7/dist-packages/PyDSTool/PyCont/auto/src/autlib4.o auto_temp/usr/local/lib/python2.7/dist-packages/PyDSTool/PyCont/auto/src/autlib5.o auto_temp/usr/local/lib/python2.7/dist-packages/PyDSTool/PyCont/auto/src/eispack.o auto_temp/usr/local/lib/python2.7/dist-packages/PyDSTool/PyCont/auto/src/conpar.o auto_temp/usr/local/lib/python2.7/dist-packages/PyDSTool/PyCont/auto/src/setubv.o auto_temp/usr/local/lib/python2.7/dist-packages/PyDSTool/PyCont/auto/src/reduce.o auto_temp/usr/local/lib/python2.7/dist-packages/PyDSTool/PyCont/auto/src/dmatrix.o auto_temp/usr/local/lib/python2.7/dist-packages/PyDSTool/PyCont/auto/src/fcon.o auto_temp/usr/local/lib/python2.7/dist-packages/PyDSTool/PyCont/auto/src/libf2c/cabs.o auto_temp/usr/local/lib/python2.7/dist-packages/PyDSTool/PyCont/auto/src/libf2c/d_lg10.o auto_temp/usr/local/lib/python2.7/dist-packages/PyDSTool/PyCont/auto/src/libf2c/i_nint.o auto_temp/usr/local/lib/python2.7/dist-packages/PyDSTool/PyCont/auto/src/libf2c/pow_di.o auto_temp/usr/local/lib/python2.7/dist-packages/PyDSTool/PyCont/auto/src/libf2c/r_lg10.o auto_temp/usr/local/lib/python2.7/dist-packages/PyDSTool/PyCont/auto/src/libf2c/z_exp.o auto_temp/usr/local/lib/python2.7/dist-packages/PyDSTool/PyCont/auto/src/libf2c/d_imag.o auto_temp/usr/local/lib/python2.7/dist-packages/PyDSTool/PyCont/auto/src/libf2c/d_sign.o auto_temp/usr/local/lib/python2.7/dist-packages/PyDSTool/PyCont/auto/src/libf2c/i_dnnt.o auto_temp/usr/local/lib/python2.7/dist-packages/PyDSTool/PyCont/auto/src/libf2c/pow_dd.o auto_temp/usr/local/lib/python2.7/dist-packages/PyDSTool/PyCont/auto/src/libf2c/pow_ii.o auto_temp/usr/local/lib/python2.7/dist-packages/PyDSTool/PyCont/auto/src/libf2c/z_abs.o auto_temp/usr/local/lib/python2.7/dist-packages/PyDSTool/PyCont/auto/src/libf2c/z_log.o auto_temp/usr/local/lib/python2.7/dist-packages/PyDSTool/PyCont/auto/module/automod.o auto_temp/usr/local/lib/python2.7/dist-packages/PyDSTool/PyCont/auto/module/interface.o auto_temp/home/mark/Documents/RESEARCH/Dropbox/Mark/HindmarshRose/bifurcation/auto_temp/HindmarshRoseFast_vf.o -L./ -o ./_auto_HindmarshRoseFast_vf.so -w[0m
[36mexec_command(['x86_64-linux-gnu-gcc', '-pthread', '-shared', '-Wl,-O1', '-Wl,-Bsymbolic-functions', '-Wl,-Bsymbolic-functions', '-Wl,-z,relro', '-fno-strict-aliasing', '-DNDEBUG', '-g', '-fwrapv', '-O2', '-Wall', '-Wstrict-prototypes', '-Wdate-time', '-D_FORTIFY_SOURCE=2', '-g', '-fstack-protector-strong', '-Wformat', '-Werror=format-security', '-Wl,-Bsymbolic-functions', '-Wl,-z,relro', '-Wdate-time', '-D_FORTIFY_SOURCE=2', '-g', '-fstack-protector-strong', '-Wformat', '-Werror=format-security', 'auto_temp/auto_temp/src.linux-x86_64-2.7/auto_temp/auto_HindmarshRoseFast_vf_wrap.o', 'auto_temp/usr/local/lib/python2.7/dist-packages/PyDSTool/PyCont/auto/src/auto.o', 'auto_temp/usr/local/lib/python2.7/dist-packages/PyDSTool/PyCont/auto/src/autlib1.o', 'auto_temp/usr/local/lib/python2.7/dist-packages/PyDSTool/PyCont/auto/src/autlib2.o', 'auto_temp/usr/local/lib/python2.7/dist-packages/PyDSTool/PyCont/auto/src/autlib3.o', 'auto_temp/usr/local/lib/python2.7/dist-packages/PyDSTool/PyCont/auto/src/autlib4.o', 'auto_temp/usr/local/lib/python2.7/dist-packages/PyDSTool/PyCont/auto/src/autlib5.o', 'auto_temp/usr/local/lib/python2.7/dist-packages/PyDSTool/PyCont/auto/src/eispack.o', 'auto_temp/usr/local/lib/python2.7/dist-packages/PyDSTool/PyCont/auto/src/conpar.o', 'auto_temp/usr/local/lib/python2.7/dist-packages/PyDSTool/PyCont/auto/src/setubv.o', 'auto_temp/usr/local/lib/python2.7/dist-packages/PyDSTool/PyCont/auto/src/reduce.o', 'auto_temp/usr/local/lib/python2.7/dist-packages/PyDSTool/PyCont/auto/src/dmatrix.o', 'auto_temp/usr/local/lib/python2.7/dist-packages/PyDSTool/PyCont/auto/src/fcon.o', 'auto_temp/usr/local/lib/python2.7/dist-packages/PyDSTool/PyCont/auto/src/libf2c/cabs.o', 'auto_temp/usr/local/lib/python2.7/dist-packages/PyDSTool/PyCont/auto/src/libf2c/d_lg10.o', 'auto_temp/usr/local/lib/python2.7/dist-packages/PyDSTool/PyCont/auto/src/libf2c/i_nint.o', 'auto_temp/usr/local/lib/python2.7/dist-packages/PyDSTool/PyCont/auto/src/libf2c/pow_di.o', 'auto_temp/usr/local/lib/python2.7/dist-packages/PyDSTool/PyCont/auto/src/libf2c/r_lg10.o', 'auto_temp/usr/local/lib/python2.7/dist-packages/PyDSTool/PyCont/auto/src/libf2c/z_exp.o', 'auto_temp/usr/local/lib/python2.7/dist-packages/PyDSTool/PyCont/auto/src/libf2c/d_imag.o', 'auto_temp/usr/local/lib/python2.7/dist-packages/PyDSTool/PyCont/auto/src/libf2c/d_sign.o', 'auto_temp/usr/local/lib/python2.7/dist-packages/PyDSTool/PyCont/auto/src/libf2c/i_dnnt.o', 'auto_temp/usr/local/lib/python2.7/dist-packages/PyDSTool/PyCont/auto/src/libf2c/pow_dd.o', 'auto_temp/usr/local/lib/python2.7/dist-packages/PyDSTool/PyCont/auto/src/libf2c/pow_ii.o', 'auto_temp/usr/local/lib/python2.7/dist-packages/PyDSTool/PyCont/auto/src/libf2c/z_abs.o', 'auto_temp/usr/local/lib/python2.7/dist-packages/PyDSTool/PyCont/auto/src/libf2c/z_log.o', 'auto_temp/usr/local/lib/python2.7/dist-packages/PyDSTool/PyCont/auto/module/automod.o', 'auto_temp/usr/local/lib/python2.7/dist-packages/PyDSTool/PyCont/auto/module/interface.o', 'auto_temp/home/mark/Documents/RESEARCH/Dropbox/Mark/HindmarshRose/bifurcation/auto_temp/HindmarshRoseFast_vf.o', '-L./', '-o', './_auto_HindmarshRoseFast_vf.so', '-w'],)[0m
[36mRetaining cwd: /home/mark/Documents/RESEARCH/Dropbox/Mark/HindmarshRose/bifurcation[0m
[36m_preserve_environment([])[0m
[36m_update_environment(...)[0m
[36m_exec_command_posix(...)[0m
[36mRunning os.system('( x86_64-linux-gnu-gcc -pthread -shared -Wl,-O1 -Wl,-Bsymbolic-functions -Wl,-Bsymbolic-functions -Wl,-z,relro -fno-strict-aliasing -DNDEBUG -g -fwrapv -O2 -Wall -Wstrict-prototypes -Wdate-time -D_FORTIFY_SOURCE=2 -g -fstack-protector-strong -Wformat -Werror=format-security -Wl,-Bsymbolic-functions -Wl,-z,relro -Wdate-time -D_FORTIFY_SOURCE=2 -g -fstack-protector-strong -Wformat -Werror=format-security auto_temp/auto_temp/src.linux-x86_64-2.7/auto_temp/auto_HindmarshRoseFast_vf_wrap.o auto_temp/usr/local/lib/python2.7/dist-packages/PyDSTool/PyCont/auto/src/auto.o auto_temp/usr/local/lib/python2.7/dist-packages/PyDSTool/PyCont/auto/src/autlib1.o auto_temp/usr/local/lib/python2.7/dist-packages/PyDSTool/PyCont/auto/src/autlib2.o auto_temp/usr/local/lib/python2.7/dist-packages/PyDSTool/PyCont/auto/src/autlib3.o auto_temp/usr/local/lib/python2.7/dist-packages/PyDSTool/PyCont/auto/src/autlib4.o auto_temp/usr/local/lib/python2.7/dist-packages/PyDSTool/PyCont/auto/src/autlib5.o auto_temp/usr/local/lib/python2.7/dist-packages/PyDSTool/PyCont/auto/src/eispack.o auto_temp/usr/local/lib/python2.7/dist-packages/PyDSTool/PyCont/auto/src/conpar.o auto_temp/usr/local/lib/python2.7/dist-packages/PyDSTool/PyCont/auto/src/setubv.o auto_temp/usr/local/lib/python2.7/dist-packages/PyDSTool/PyCont/auto/src/reduce.o auto_temp/usr/local/lib/python2.7/dist-packages/PyDSTool/PyCont/auto/src/dmatrix.o auto_temp/usr/local/lib/python2.7/dist-packages/PyDSTool/PyCont/auto/src/fcon.o auto_temp/usr/local/lib/python2.7/dist-packages/PyDSTool/PyCont/auto/src/libf2c/cabs.o auto_temp/usr/local/lib/python2.7/dist-packages/PyDSTool/PyCont/auto/src/libf2c/d_lg10.o auto_temp/usr/local/lib/python2.7/dist-packages/PyDSTool/PyCont/auto/src/libf2c/i_nint.o auto_temp/usr/local/lib/python2.7/dist-packages/PyDSTool/PyCont/auto/src/libf2c/pow_di.o auto_temp/usr/local/lib/python2.7/dist-packages/PyDSTool/PyCont/auto/src/libf2c/r_lg10.o auto_temp/usr/local/lib/python2.7/dist-packages/PyDSTool/PyCont/auto/src/libf2c/z_exp.o auto_temp/usr/local/lib/python2.7/dist-packages/PyDSTool/PyCont/auto/src/libf2c/d_imag.o auto_temp/usr/local/lib/python2.7/dist-packages/PyDSTool/PyCont/auto/src/libf2c/d_sign.o auto_temp/usr/local/lib/python2.7/dist-packages/PyDSTool/PyCont/auto/src/libf2c/i_dnnt.o auto_temp/usr/local/lib/python2.7/dist-packages/PyDSTool/PyCont/auto/src/libf2c/pow_dd.o auto_temp/usr/local/lib/python2.7/dist-packages/PyDSTool/PyCont/auto/src/libf2c/pow_ii.o auto_temp/usr/local/lib/python2.7/dist-packages/PyDSTool/PyCont/auto/src/libf2c/z_abs.o auto_temp/usr/local/lib/python2.7/dist-packages/PyDSTool/PyCont/auto/src/libf2c/z_log.o auto_temp/usr/local/lib/python2.7/dist-packages/PyDSTool/PyCont/auto/module/automod.o auto_temp/usr/local/lib/python2.7/dist-packages/PyDSTool/PyCont/auto/module/interface.o auto_temp/home/mark/Documents/RESEARCH/Dropbox/Mark/HindmarshRose/bifurcation/auto_temp/HindmarshRoseFast_vf.o -L./ -o ./_auto_HindmarshRoseFast_vf.so -w ; echo $? > /tmp/tmpSZN13T/2xTb5M ) 2>&1 | tee /tmp/tmpSZN13T/pcmX4e ')[0m
[36m_update_environment(...)[0m
