[39mrunning build_ext[0m
[39mrunning build_src[0m
[39mbuild_src[0m
[39mbuilding py_modules sources[0m
[39mbuilding library "radau5" sources[0m
[39mbuilding library "lapack_lite" sources[0m
[39mbuilding extension "/home/osboxes/Documents/workspace/research/code/bifurcation/radau5_temp._radau5_HindmarshRose_vf" sources[0m
[39mswig: /home/osboxes/Documents/workspace/research/code/bifurcation/radau5_temp/radau5_HindmarshRose_vf.i[0m
[39mswig -python -I/home/osboxes/anaconda2/lib/python2.7/site-packages/numpy/core/include -I/home/osboxes/Documents/workspace/research/code/bifurcation -I/home/osboxes/anaconda2/lib/python2.7/site-packages/PyDSTool/integrator -o /home/osboxes/Documents/workspace/research/code/bifurcation/radau5_temp/radau5_HindmarshRose_vf_wrap.c -outdir /home/osboxes/Documents/workspace/research/code/bifurcation/radau5_temp /home/osboxes/Documents/workspace/research/code/bifurcation/radau5_temp/radau5_HindmarshRose_vf.i[0m
[39mbuild_src: building npy-pkg config files[0m
[39mcustomize UnixCCompiler[0m
[39mcustomize UnixCCompiler using build_clib[0m
[39mget_default_fcompiler: matching types: '['gnu95', 'intel', 'lahey', 'pg', 'absoft', 'nag', 'vast', 'compaq', 'intele', 'intelem', 'gnu', 'g95', 'pathf95', 'nagfor']'[0m
[39mcustomize Gnu95FCompiler[0m
[31mCould not locate executable gfortran[0m
[31mCould not locate executable f95[0m
[39mcustomize IntelFCompiler[0m
[31mCould not locate executable ifort[0m
[31mCould not locate executable ifc[0m
[39mcustomize LaheyFCompiler[0m
[31mCould not locate executable lf95[0m
[39mcustomize PGroupFCompiler[0m
[31mCould not locate executable pgfortran[0m
[39mcustomize AbsoftFCompiler[0m
[31mCould not locate executable f90[0m
[31mCould not locate executable f77[0m
[39mcustomize NAGFCompiler[0m
[39mcustomize VastFCompiler[0m
[39mcustomize CompaqFCompiler[0m
[31mCould not locate executable fort[0m
[39mcustomize IntelItaniumFCompiler[0m
[31mCould not locate executable efort[0m
[31mCould not locate executable efc[0m
[39mcustomize IntelEM64TFCompiler[0m
[39mcustomize GnuFCompiler[0m
[31mCould not locate executable g77[0m
[39mcustomize G95FCompiler[0m
[31mCould not locate executable g95[0m
[39mcustomize PathScaleFCompiler[0m
[31mCould not locate executable pathf95[0m
[39mcustomize NAGFORCompiler[0m
[31mCould not locate executable nagfor[0m
[31mdon't know how to compile Fortran code on platform 'posix'[0m
[39mbuilding 'radau5' library[0m
