[39mrunning build[0m
[39mrunning config_cc[0m
[39munifing config_cc, config, build_clib, build_ext, build commands --compiler options[0m
[39mrunning config_fc[0m
[39munifing config_fc, config, build_clib, build_ext, build commands --fcompiler options[0m
[39mrunning build_src[0m
[39mbuild_src[0m
[39mbuilding extension "_auto_HindmarshRoseFast_vf" sources[0m
[39mcreating auto_temp/src.macosx-10.11-intel-2.7[0m
[39mcreating auto_temp/src.macosx-10.11-intel-2.7/auto_temp[0m
[39mswig: /Users/mdlama/Dropbox/Work/StudentResearch/Mark/HindmarshRose/bifurcation/drew_play/auto_temp/auto_HindmarshRoseFast_vf.i[0m
[39mswig -python -I/System/Library/Frameworks/Python.framework/Versions/2.7/Extras/lib/python/numpy/core/include -I/Users/mdlama/Dropbox/Work/StudentResearch/Mark/HindmarshRose/bifurcation/drew_play -I/Users/mdlama/dev/PyDSTool/PyDSTool/PyCont/auto/module/include -I/Users/mdlama/Dropbox/Work/StudentResearch/Mark/HindmarshRose/bifurcation/drew_play/auto_temp -I/Users/mdlama/dev/PyDSTool/PyDSTool/PyCont/auto/src/include -o auto_temp/src.macosx-10.11-intel-2.7/auto_temp/auto_HindmarshRoseFast_vf_wrap.c -outdir auto_temp/src.macosx-10.11-intel-2.7/auto_temp /Users/mdlama/Dropbox/Work/StudentResearch/Mark/HindmarshRose/bifurcation/drew_play/auto_temp/auto_HindmarshRoseFast_vf.i[0m
[39mbuild_src: building npy-pkg config files[0m
[39mrunning build_ext[0m
[36mnew_compiler returns distutils.unixccompiler.UnixCCompiler[0m
[39mcustomize UnixCCompiler[0m
[39mcustomize UnixCCompiler using build_ext[0m
********************************************************************************
distutils.unixccompiler.UnixCCompiler
linker_exe    = ['cc']
compiler_so   = ['cc', '-fno-strict-aliasing', '-fno-common', '-dynamic', '-arch', 'i386', '-arch', 'x86_64', '-g', '-Os', '-pipe', '-fno-common', '-fno-strict-aliasing', '-fwrapv', '-DENABLE_DTRACE', '-DMACOSX', '-DNDEBUG', '-Wall', '-Wstrict-prototypes', '-Wshorten-64-to-32', '-DNDEBUG', '-g', '-fwrapv', '-Os', '-Wall', '-Wstrict-prototypes', '-DENABLE_DTRACE', '-arch', 'i386', '-arch', 'x86_64', '-pipe']
archiver      = ['ar', 'rc']
preprocessor  = ['cc', '-E']
linker_so     = ['cc', '-bundle', '-undefined', 'dynamic_lookup', '-arch', 'i386', '-arch', 'x86_64', '-Wl,-F.']
compiler_cxx  = ['c++']
ranlib        = ['ranlib']
compiler      = ['cc', '-fno-strict-aliasing', '-fno-common', '-dynamic', '-arch', 'i386', '-arch', 'x86_64', '-g', '-Os', '-pipe', '-fno-common', '-fno-strict-aliasing', '-fwrapv', '-DENABLE_DTRACE', '-DMACOSX', '-DNDEBUG', '-Wall', '-Wstrict-prototypes', '-Wshorten-64-to-32', '-DNDEBUG', '-g', '-fwrapv', '-Os', '-Wall', '-Wstrict-prototypes', '-DENABLE_DTRACE']
libraries     = []
library_dirs  = []
include_dirs  = ['/System/Library/Frameworks/Python.framework/Versions/2.7/include/python2.7']
********************************************************************************
[39mbuilding '_auto_HindmarshRoseFast_vf' extension[0m
[39mcompiling C sources[0m
[39mC compiler: cc -fno-strict-aliasing -fno-common -dynamic -arch i386 -arch x86_64 -g -Os -pipe -fno-common -fno-strict-aliasing -fwrapv -DENABLE_DTRACE -DMACOSX -DNDEBUG -Wall -Wstrict-prototypes -Wshorten-64-to-32 -DNDEBUG -g -fwrapv -Os -Wall -Wstrict-prototypes -DENABLE_DTRACE -arch i386 -arch x86_64 -pipe
[0m
[39mcreating auto_temp/auto_temp[0m
[39mcreating auto_temp/auto_temp/src.macosx-10.11-intel-2.7[0m
[39mcreating auto_temp/auto_temp/src.macosx-10.11-intel-2.7/auto_temp[0m
[39mcreating auto_temp/Users[0m
[39mcreating auto_temp/Users/mdlama[0m
[39mcreating auto_temp/Users/mdlama/dev[0m
[39mcreating auto_temp/Users/mdlama/dev/PyDSTool[0m
[39mcreating auto_temp/Users/mdlama/dev/PyDSTool/PyDSTool[0m
[39mcreating auto_temp/Users/mdlama/dev/PyDSTool/PyDSTool/PyCont[0m
[39mcreating auto_temp/Users/mdlama/dev/PyDSTool/PyDSTool/PyCont/auto[0m
[39mcreating auto_temp/Users/mdlama/dev/PyDSTool/PyDSTool/PyCont/auto/src[0m
[39mcreating auto_temp/Users/mdlama/dev/PyDSTool/PyDSTool/PyCont/auto/src/libf2c[0m
[39mcreating auto_temp/Users/mdlama/dev/PyDSTool/PyDSTool/PyCont/auto/module[0m
[39mcreating auto_temp/Users/mdlama/Dropbox[0m
[39mcreating auto_temp/Users/mdlama/Dropbox/Work[0m
[39mcreating auto_temp/Users/mdlama/Dropbox/Work/StudentResearch[0m
[39mcreating auto_temp/Users/mdlama/Dropbox/Work/StudentResearch/Mark[0m
[39mcreating auto_temp/Users/mdlama/Dropbox/Work/StudentResearch/Mark/HindmarshRose[0m
[39mcreating auto_temp/Users/mdlama/Dropbox/Work/StudentResearch/Mark/HindmarshRose/bifurcation[0m
[39mcreating auto_temp/Users/mdlama/Dropbox/Work/StudentResearch/Mark/HindmarshRose/bifurcation/drew_play[0m
[39mcreating auto_temp/Users/mdlama/Dropbox/Work/StudentResearch/Mark/HindmarshRose/bifurcation/drew_play/auto_temp[0m
[39mcompile options: '-I/System/Library/Frameworks/Python.framework/Versions/2.7/Extras/lib/python/numpy/core/include -I/Users/mdlama/Dropbox/Work/StudentResearch/Mark/HindmarshRose/bifurcation/drew_play -I/Users/mdlama/dev/PyDSTool/PyDSTool/PyCont/auto/module/include -I/Users/mdlama/Dropbox/Work/StudentResearch/Mark/HindmarshRose/bifurcation/drew_play/auto_temp -I/Users/mdlama/dev/PyDSTool/PyDSTool/PyCont/auto/src/include -I/System/Library/Frameworks/Python.framework/Versions/2.7/Extras/lib/python/numpy/core/include -I/System/Library/Frameworks/Python.framework/Versions/2.7/include/python2.7 -c'
extra options: '-w -D__PYTHON__ -std=c99'[0m
[39mcc: /Users/mdlama/dev/PyDSTool/PyDSTool/PyCont/auto/module/../src/reduce.c[0m
[36mexec_command(['cc', '-fno-strict-aliasing', '-fno-common', '-dynamic', '-arch', 'i386', '-arch', 'x86_64', '-g', '-Os', '-pipe', '-fno-common', '-fno-strict-aliasing', '-fwrapv', '-DENABLE_DTRACE', '-DMACOSX', '-DNDEBUG', '-Wall', '-Wstrict-prototypes', '-Wshorten-64-to-32', '-DNDEBUG', '-g', '-fwrapv', '-Os', '-Wall', '-Wstrict-prototypes', '-DENABLE_DTRACE', '-arch', 'i386', '-arch', 'x86_64', '-pipe', '-I/System/Library/Frameworks/Python.framework/Versions/2.7/Extras/lib/python/numpy/core/include', '-I/Users/mdlama/Dropbox/Work/StudentResearch/Mark/HindmarshRose/bifurcation/drew_play', '-I/Users/mdlama/dev/PyDSTool/PyDSTool/PyCont/auto/module/include', '-I/Users/mdlama/Dropbox/Work/StudentResearch/Mark/HindmarshRose/bifurcation/drew_play/auto_temp', '-I/Users/mdlama/dev/PyDSTool/PyDSTool/PyCont/auto/src/include', '-I/System/Library/Frameworks/Python.framework/Versions/2.7/Extras/lib/python/numpy/core/include', '-I/System/Library/Frameworks/Python.framework/Versions/2.7/include/python2.7', '-c', '/Users/mdlama/dev/PyDSTool/PyDSTool/PyCont/auto/module/../src/reduce.c', '-o', 'auto_temp/Users/mdlama/dev/PyDSTool/PyDSTool/PyCont/auto/src/reduce.o', '-w', '-D__PYTHON__', '-std=c99'],)[0m
[36mRetaining cwd: /Users/mdlama/Dropbox/Work/StudentResearch/Mark/HindmarshRose/bifurcation/drew_play[0m
[36m_preserve_environment([])[0m
[36m_update_environment(...)[0m
[36m_exec_command_posix(...)[0m
[36mRunning os.system('( cc -fno-strict-aliasing -fno-common -dynamic -arch i386 -arch x86_64 -g -Os -pipe -fno-common -fno-strict-aliasing -fwrapv -DENABLE_DTRACE -DMACOSX -DNDEBUG -Wall -Wstrict-prototypes -Wshorten-64-to-32 -DNDEBUG -g -fwrapv -Os -Wall -Wstrict-prototypes -DENABLE_DTRACE -arch i386 -arch x86_64 -pipe -I/System/Library/Frameworks/Python.framework/Versions/2.7/Extras/lib/python/numpy/core/include -I/Users/mdlama/Dropbox/Work/StudentResearch/Mark/HindmarshRose/bifurcation/drew_play -I/Users/mdlama/dev/PyDSTool/PyDSTool/PyCont/auto/module/include -I/Users/mdlama/Dropbox/Work/StudentResearch/Mark/HindmarshRose/bifurcation/drew_play/auto_temp -I/Users/mdlama/dev/PyDSTool/PyDSTool/PyCont/auto/src/include -I/System/Library/Frameworks/Python.framework/Versions/2.7/Extras/lib/python/numpy/core/include -I/System/Library/Frameworks/Python.framework/Versions/2.7/include/python2.7 -c /Users/mdlama/dev/PyDSTool/PyDSTool/PyCont/auto/module/../src/reduce.c -o auto_temp/Users/mdlama/dev/PyDSTool/PyDSTool/PyCont/auto/src/reduce.o -w -D__PYTHON__ -std=c99 ; echo $? > /var/folders/k0/n_7n3thj4h35pzp_ppnm3_l00000gp/T/tmp5eh5Za/Ake3R8 ) 2>&1 | tee /var/folders/k0/n_7n3thj4h35pzp_ppnm3_l00000gp/T/tmp5eh5Za/CO_3tz ')[0m
[36m_update_environment(...)[0m
[39mcc: /Users/mdlama/dev/PyDSTool/PyDSTool/PyCont/auto/module/../src/libf2c/i_dnnt.c[0m
[36mexec_command(['cc', '-fno-strict-aliasing', '-fno-common', '-dynamic', '-arch', 'i386', '-arch', 'x86_64', '-g', '-Os', '-pipe', '-fno-common', '-fno-strict-aliasing', '-fwrapv', '-DENABLE_DTRACE', '-DMACOSX', '-DNDEBUG', '-Wall', '-Wstrict-prototypes', '-Wshorten-64-to-32', '-DNDEBUG', '-g', '-fwrapv', '-Os', '-Wall', '-Wstrict-prototypes', '-DENABLE_DTRACE', '-arch', 'i386', '-arch', 'x86_64', '-pipe', '-I/System/Library/Frameworks/Python.framework/Versions/2.7/Extras/lib/python/numpy/core/include', '-I/Users/mdlama/Dropbox/Work/StudentResearch/Mark/HindmarshRose/bifurcation/drew_play', '-I/Users/mdlama/dev/PyDSTool/PyDSTool/PyCont/auto/module/include', '-I/Users/mdlama/Dropbox/Work/StudentResearch/Mark/HindmarshRose/bifurcation/drew_play/auto_temp', '-I/Users/mdlama/dev/PyDSTool/PyDSTool/PyCont/auto/src/include', '-I/System/Library/Frameworks/Python.framework/Versions/2.7/Extras/lib/python/numpy/core/include', '-I/System/Library/Frameworks/Python.framework/Versions/2.7/include/python2.7', '-c', '/Users/mdlama/dev/PyDSTool/PyDSTool/PyCont/auto/module/../src/libf2c/i_dnnt.c', '-o', 'auto_temp/Users/mdlama/dev/PyDSTool/PyDSTool/PyCont/auto/src/libf2c/i_dnnt.o', '-w', '-D__PYTHON__', '-std=c99'],)[0m
[36mRetaining cwd: /Users/mdlama/Dropbox/Work/StudentResearch/Mark/HindmarshRose/bifurcation/drew_play[0m
[36m_preserve_environment([])[0m
[36m_update_environment(...)[0m
[36m_exec_command_posix(...)[0m
[36mRunning os.system('( cc -fno-strict-aliasing -fno-common -dynamic -arch i386 -arch x86_64 -g -Os -pipe -fno-common -fno-strict-aliasing -fwrapv -DENABLE_DTRACE -DMACOSX -DNDEBUG -Wall -Wstrict-prototypes -Wshorten-64-to-32 -DNDEBUG -g -fwrapv -Os -Wall -Wstrict-prototypes -DENABLE_DTRACE -arch i386 -arch x86_64 -pipe -I/System/Library/Frameworks/Python.framework/Versions/2.7/Extras/lib/python/numpy/core/include -I/Users/mdlama/Dropbox/Work/StudentResearch/Mark/HindmarshRose/bifurcation/drew_play -I/Users/mdlama/dev/PyDSTool/PyDSTool/PyCont/auto/module/include -I/Users/mdlama/Dropbox/Work/StudentResearch/Mark/HindmarshRose/bifurcation/drew_play/auto_temp -I/Users/mdlama/dev/PyDSTool/PyDSTool/PyCont/auto/src/include -I/System/Library/Frameworks/Python.framework/Versions/2.7/Extras/lib/python/numpy/core/include -I/System/Library/Frameworks/Python.framework/Versions/2.7/include/python2.7 -c /Users/mdlama/dev/PyDSTool/PyDSTool/PyCont/auto/module/../src/libf2c/i_dnnt.c -o auto_temp/Users/mdlama/dev/PyDSTool/PyDSTool/PyCont/auto/src/libf2c/i_dnnt.o -w -D__PYTHON__ -std=c99 ; echo $? > /var/folders/k0/n_7n3thj4h35pzp_ppnm3_l00000gp/T/tmp5eh5Za/H0o3xE ) 2>&1 | tee /var/folders/k0/n_7n3thj4h35pzp_ppnm3_l00000gp/T/tmp5eh5Za/2izVor ')[0m
[36m_update_environment(...)[0m
[39mcc: /Users/mdlama/dev/PyDSTool/PyDSTool/PyCont/auto/module/../src/libf2c/cabs.c[0m
[36mexec_command(['cc', '-fno-strict-aliasing', '-fno-common', '-dynamic', '-arch', 'i386', '-arch', 'x86_64', '-g', '-Os', '-pipe', '-fno-common', '-fno-strict-aliasing', '-fwrapv', '-DENABLE_DTRACE', '-DMACOSX', '-DNDEBUG', '-Wall', '-Wstrict-prototypes', '-Wshorten-64-to-32', '-DNDEBUG', '-g', '-fwrapv', '-Os', '-Wall', '-Wstrict-prototypes', '-DENABLE_DTRACE', '-arch', 'i386', '-arch', 'x86_64', '-pipe', '-I/System/Library/Frameworks/Python.framework/Versions/2.7/Extras/lib/python/numpy/core/include', '-I/Users/mdlama/Dropbox/Work/StudentResearch/Mark/HindmarshRose/bifurcation/drew_play', '-I/Users/mdlama/dev/PyDSTool/PyDSTool/PyCont/auto/module/include', '-I/Users/mdlama/Dropbox/Work/StudentResearch/Mark/HindmarshRose/bifurcation/drew_play/auto_temp', '-I/Users/mdlama/dev/PyDSTool/PyDSTool/PyCont/auto/src/include', '-I/System/Library/Frameworks/Python.framework/Versions/2.7/Extras/lib/python/numpy/core/include', '-I/System/Library/Frameworks/Python.framework/Versions/2.7/include/python2.7', '-c', '/Users/mdlama/dev/PyDSTool/PyDSTool/PyCont/auto/module/../src/libf2c/cabs.c', '-o', 'auto_temp/Users/mdlama/dev/PyDSTool/PyDSTool/PyCont/auto/src/libf2c/cabs.o', '-w', '-D__PYTHON__', '-std=c99'],)[0m
[36mRetaining cwd: /Users/mdlama/Dropbox/Work/StudentResearch/Mark/HindmarshRose/bifurcation/drew_play[0m
[36m_preserve_environment([])[0m
[36m_update_environment(...)[0m
[36m_exec_command_posix(...)[0m
[36mRunning os.system('( cc -fno-strict-aliasing -fno-common -dynamic -arch i386 -arch x86_64 -g -Os -pipe -fno-common -fno-strict-aliasing -fwrapv -DENABLE_DTRACE -DMACOSX -DNDEBUG -Wall -Wstrict-prototypes -Wshorten-64-to-32 -DNDEBUG -g -fwrapv -Os -Wall -Wstrict-prototypes -DENABLE_DTRACE -arch i386 -arch x86_64 -pipe -I/System/Library/Frameworks/Python.framework/Versions/2.7/Extras/lib/python/numpy/core/include -I/Users/mdlama/Dropbox/Work/StudentResearch/Mark/HindmarshRose/bifurcation/drew_play -I/Users/mdlama/dev/PyDSTool/PyDSTool/PyCont/auto/module/include -I/Users/mdlama/Dropbox/Work/StudentResearch/Mark/HindmarshRose/bifurcation/drew_play/auto_temp -I/Users/mdlama/dev/PyDSTool/PyDSTool/PyCont/auto/src/include -I/System/Library/Frameworks/Python.framework/Versions/2.7/Extras/lib/python/numpy/core/include -I/System/Library/Frameworks/Python.framework/Versions/2.7/include/python2.7 -c /Users/mdlama/dev/PyDSTool/PyDSTool/PyCont/auto/module/../src/libf2c/cabs.c -o auto_temp/Users/mdlama/dev/PyDSTool/PyDSTool/PyCont/auto/src/libf2c/cabs.o -w -D__PYTHON__ -std=c99 ; echo $? > /var/folders/k0/n_7n3thj4h35pzp_ppnm3_l00000gp/T/tmp5eh5Za/GFCWBY ) 2>&1 | tee /var/folders/k0/n_7n3thj4h35pzp_ppnm3_l00000gp/T/tmp5eh5Za/MmF2hQ ')[0m
[36m_update_environment(...)[0m
[39mcc: /Users/mdlama/dev/PyDSTool/PyDSTool/PyCont/auto/module/../src/libf2c/z_abs.c[0m
[36mexec_command(['cc', '-fno-strict-aliasing', '-fno-common', '-dynamic', '-arch', 'i386', '-arch', 'x86_64', '-g', '-Os', '-pipe', '-fno-common', '-fno-strict-aliasing', '-fwrapv', '-DENABLE_DTRACE', '-DMACOSX', '-DNDEBUG', '-Wall', '-Wstrict-prototypes', '-Wshorten-64-to-32', '-DNDEBUG', '-g', '-fwrapv', '-Os', '-Wall', '-Wstrict-prototypes', '-DENABLE_DTRACE', '-arch', 'i386', '-arch', 'x86_64', '-pipe', '-I/System/Library/Frameworks/Python.framework/Versions/2.7/Extras/lib/python/numpy/core/include', '-I/Users/mdlama/Dropbox/Work/StudentResearch/Mark/HindmarshRose/bifurcation/drew_play', '-I/Users/mdlama/dev/PyDSTool/PyDSTool/PyCont/auto/module/include', '-I/Users/mdlama/Dropbox/Work/StudentResearch/Mark/HindmarshRose/bifurcation/drew_play/auto_temp', '-I/Users/mdlama/dev/PyDSTool/PyDSTool/PyCont/auto/src/include', '-I/System/Library/Frameworks/Python.framework/Versions/2.7/Extras/lib/python/numpy/core/include', '-I/System/Library/Frameworks/Python.framework/Versions/2.7/include/python2.7', '-c', '/Users/mdlama/dev/PyDSTool/PyDSTool/PyCont/auto/module/../src/libf2c/z_abs.c', '-o', 'auto_temp/Users/mdlama/dev/PyDSTool/PyDSTool/PyCont/auto/src/libf2c/z_abs.o', '-w', '-D__PYTHON__', '-std=c99'],)[0m
[36mRetaining cwd: /Users/mdlama/Dropbox/Work/StudentResearch/Mark/HindmarshRose/bifurcation/drew_play[0m
[36m_preserve_environment([])[0m
[36m_update_environment(...)[0m
[36m_exec_command_posix(...)[0m
[36mRunning os.system('( cc -fno-strict-aliasing -fno-common -dynamic -arch i386 -arch x86_64 -g -Os -pipe -fno-common -fno-strict-aliasing -fwrapv -DENABLE_DTRACE -DMACOSX -DNDEBUG -Wall -Wstrict-prototypes -Wshorten-64-to-32 -DNDEBUG -g -fwrapv -Os -Wall -Wstrict-prototypes -DENABLE_DTRACE -arch i386 -arch x86_64 -pipe -I/System/Library/Frameworks/Python.framework/Versions/2.7/Extras/lib/python/numpy/core/include -I/Users/mdlama/Dropbox/Work/StudentResearch/Mark/HindmarshRose/bifurcation/drew_play -I/Users/mdlama/dev/PyDSTool/PyDSTool/PyCont/auto/module/include -I/Users/mdlama/Dropbox/Work/StudentResearch/Mark/HindmarshRose/bifurcation/drew_play/auto_temp -I/Users/mdlama/dev/PyDSTool/PyDSTool/PyCont/auto/src/include -I/System/Library/Frameworks/Python.framework/Versions/2.7/Extras/lib/python/numpy/core/include -I/System/Library/Frameworks/Python.framework/Versions/2.7/include/python2.7 -c /Users/mdlama/dev/PyDSTool/PyDSTool/PyCont/auto/module/../src/libf2c/z_abs.c -o auto_temp/Users/mdlama/dev/PyDSTool/PyDSTool/PyCont/auto/src/libf2c/z_abs.o -w -D__PYTHON__ -std=c99 ; echo $? > /var/folders/k0/n_7n3thj4h35pzp_ppnm3_l00000gp/T/tmp5eh5Za/3CWjpq ) 2>&1 | tee /var/folders/k0/n_7n3thj4h35pzp_ppnm3_l00000gp/T/tmp5eh5Za/t7xBum ')[0m
[36m_update_environment(...)[0m
[39mcc: /Users/mdlama/dev/PyDSTool/PyDSTool/PyCont/auto/module/../src/dmatrix.c[0m
[36mexec_command(['cc', '-fno-strict-aliasing', '-fno-common', '-dynamic', '-arch', 'i386', '-arch', 'x86_64', '-g', '-Os', '-pipe', '-fno-common', '-fno-strict-aliasing', '-fwrapv', '-DENABLE_DTRACE', '-DMACOSX', '-DNDEBUG', '-Wall', '-Wstrict-prototypes', '-Wshorten-64-to-32', '-DNDEBUG', '-g', '-fwrapv', '-Os', '-Wall', '-Wstrict-prototypes', '-DENABLE_DTRACE', '-arch', 'i386', '-arch', 'x86_64', '-pipe', '-I/System/Library/Frameworks/Python.framework/Versions/2.7/Extras/lib/python/numpy/core/include', '-I/Users/mdlama/Dropbox/Work/StudentResearch/Mark/HindmarshRose/bifurcation/drew_play', '-I/Users/mdlama/dev/PyDSTool/PyDSTool/PyCont/auto/module/include', '-I/Users/mdlama/Dropbox/Work/StudentResearch/Mark/HindmarshRose/bifurcation/drew_play/auto_temp', '-I/Users/mdlama/dev/PyDSTool/PyDSTool/PyCont/auto/src/include', '-I/System/Library/Frameworks/Python.framework/Versions/2.7/Extras/lib/python/numpy/core/include', '-I/System/Library/Frameworks/Python.framework/Versions/2.7/include/python2.7', '-c', '/Users/mdlama/dev/PyDSTool/PyDSTool/PyCont/auto/module/../src/dmatrix.c', '-o', 'auto_temp/Users/mdlama/dev/PyDSTool/PyDSTool/PyCont/auto/src/dmatrix.o', '-w', '-D__PYTHON__', '-std=c99'],)[0m
[36mRetaining cwd: /Users/mdlama/Dropbox/Work/StudentResearch/Mark/HindmarshRose/bifurcation/drew_play[0m
[36m_preserve_environment([])[0m
[36m_update_environment(...)[0m
[36m_exec_command_posix(...)[0m
[36mRunning os.system('( cc -fno-strict-aliasing -fno-common -dynamic -arch i386 -arch x86_64 -g -Os -pipe -fno-common -fno-strict-aliasing -fwrapv -DENABLE_DTRACE -DMACOSX -DNDEBUG -Wall -Wstrict-prototypes -Wshorten-64-to-32 -DNDEBUG -g -fwrapv -Os -Wall -Wstrict-prototypes -DENABLE_DTRACE -arch i386 -arch x86_64 -pipe -I/System/Library/Frameworks/Python.framework/Versions/2.7/Extras/lib/python/numpy/core/include -I/Users/mdlama/Dropbox/Work/StudentResearch/Mark/HindmarshRose/bifurcation/drew_play -I/Users/mdlama/dev/PyDSTool/PyDSTool/PyCont/auto/module/include -I/Users/mdlama/Dropbox/Work/StudentResearch/Mark/HindmarshRose/bifurcation/drew_play/auto_temp -I/Users/mdlama/dev/PyDSTool/PyDSTool/PyCont/auto/src/include -I/System/Library/Frameworks/Python.framework/Versions/2.7/Extras/lib/python/numpy/core/include -I/System/Library/Frameworks/Python.framework/Versions/2.7/include/python2.7 -c /Users/mdlama/dev/PyDSTool/PyDSTool/PyCont/auto/module/../src/dmatrix.c -o auto_temp/Users/mdlama/dev/PyDSTool/PyDSTool/PyCont/auto/src/dmatrix.o -w -D__PYTHON__ -std=c99 ; echo $? > /var/folders/k0/n_7n3thj4h35pzp_ppnm3_l00000gp/T/tmp5eh5Za/10Rts0 ) 2>&1 | tee /var/folders/k0/n_7n3thj4h35pzp_ppnm3_l00000gp/T/tmp5eh5Za/lXUTuX ')[0m
[36m_update_environment(...)[0m
[39mcc: /Users/mdlama/dev/PyDSTool/PyDSTool/PyCont/auto/module/../src/conpar.c[0m
[36mexec_command(['cc', '-fno-strict-aliasing', '-fno-common', '-dynamic', '-arch', 'i386', '-arch', 'x86_64', '-g', '-Os', '-pipe', '-fno-common', '-fno-strict-aliasing', '-fwrapv', '-DENABLE_DTRACE', '-DMACOSX', '-DNDEBUG', '-Wall', '-Wstrict-prototypes', '-Wshorten-64-to-32', '-DNDEBUG', '-g', '-fwrapv', '-Os', '-Wall', '-Wstrict-prototypes', '-DENABLE_DTRACE', '-arch', 'i386', '-arch', 'x86_64', '-pipe', '-I/System/Library/Frameworks/Python.framework/Versions/2.7/Extras/lib/python/numpy/core/include', '-I/Users/mdlama/Dropbox/Work/StudentResearch/Mark/HindmarshRose/bifurcation/drew_play', '-I/Users/mdlama/dev/PyDSTool/PyDSTool/PyCont/auto/module/include', '-I/Users/mdlama/Dropbox/Work/StudentResearch/Mark/HindmarshRose/bifurcation/drew_play/auto_temp', '-I/Users/mdlama/dev/PyDSTool/PyDSTool/PyCont/auto/src/include', '-I/System/Library/Frameworks/Python.framework/Versions/2.7/Extras/lib/python/numpy/core/include', '-I/System/Library/Frameworks/Python.framework/Versions/2.7/include/python2.7', '-c', '/Users/mdlama/dev/PyDSTool/PyDSTool/PyCont/auto/module/../src/conpar.c', '-o', 'auto_temp/Users/mdlama/dev/PyDSTool/PyDSTool/PyCont/auto/src/conpar.o', '-w', '-D__PYTHON__', '-std=c99'],)[0m
[36mRetaining cwd: /Users/mdlama/Dropbox/Work/StudentResearch/Mark/HindmarshRose/bifurcation/drew_play[0m
[36m_preserve_environment([])[0m
[36m_update_environment(...)[0m
[36m_exec_command_posix(...)[0m
[36mRunning os.system('( cc -fno-strict-aliasing -fno-common -dynamic -arch i386 -arch x86_64 -g -Os -pipe -fno-common -fno-strict-aliasing -fwrapv -DENABLE_DTRACE -DMACOSX -DNDEBUG -Wall -Wstrict-prototypes -Wshorten-64-to-32 -DNDEBUG -g -fwrapv -Os -Wall -Wstrict-prototypes -DENABLE_DTRACE -arch i386 -arch x86_64 -pipe -I/System/Library/Frameworks/Python.framework/Versions/2.7/Extras/lib/python/numpy/core/include -I/Users/mdlama/Dropbox/Work/StudentResearch/Mark/HindmarshRose/bifurcation/drew_play -I/Users/mdlama/dev/PyDSTool/PyDSTool/PyCont/auto/module/include -I/Users/mdlama/Dropbox/Work/StudentResearch/Mark/HindmarshRose/bifurcation/drew_play/auto_temp -I/Users/mdlama/dev/PyDSTool/PyDSTool/PyCont/auto/src/include -I/System/Library/Frameworks/Python.framework/Versions/2.7/Extras/lib/python/numpy/core/include -I/System/Library/Frameworks/Python.framework/Versions/2.7/include/python2.7 -c /Users/mdlama/dev/PyDSTool/PyDSTool/PyCont/auto/module/../src/conpar.c -o auto_temp/Users/mdlama/dev/PyDSTool/PyDSTool/PyCont/auto/src/conpar.o -w -D__PYTHON__ -std=c99 ; echo $? > /var/folders/k0/n_7n3thj4h35pzp_ppnm3_l00000gp/T/tmp5eh5Za/3sw4EC ) 2>&1 | tee /var/folders/k0/n_7n3thj4h35pzp_ppnm3_l00000gp/T/tmp5eh5Za/3RDLjj ')[0m
[36m_update_environment(...)[0m
[39mcc: /Users/mdlama/dev/PyDSTool/PyDSTool/PyCont/auto/module/../src/libf2c/pow_di.c[0m
[36mexec_command(['cc', '-fno-strict-aliasing', '-fno-common', '-dynamic', '-arch', 'i386', '-arch', 'x86_64', '-g', '-Os', '-pipe', '-fno-common', '-fno-strict-aliasing', '-fwrapv', '-DENABLE_DTRACE', '-DMACOSX', '-DNDEBUG', '-Wall', '-Wstrict-prototypes', '-Wshorten-64-to-32', '-DNDEBUG', '-g', '-fwrapv', '-Os', '-Wall', '-Wstrict-prototypes', '-DENABLE_DTRACE', '-arch', 'i386', '-arch', 'x86_64', '-pipe', '-I/System/Library/Frameworks/Python.framework/Versions/2.7/Extras/lib/python/numpy/core/include', '-I/Users/mdlama/Dropbox/Work/StudentResearch/Mark/HindmarshRose/bifurcation/drew_play', '-I/Users/mdlama/dev/PyDSTool/PyDSTool/PyCont/auto/module/include', '-I/Users/mdlama/Dropbox/Work/StudentResearch/Mark/HindmarshRose/bifurcation/drew_play/auto_temp', '-I/Users/mdlama/dev/PyDSTool/PyDSTool/PyCont/auto/src/include', '-I/System/Library/Frameworks/Python.framework/Versions/2.7/Extras/lib/python/numpy/core/include', '-I/System/Library/Frameworks/Python.framework/Versions/2.7/include/python2.7', '-c', '/Users/mdlama/dev/PyDSTool/PyDSTool/PyCont/auto/module/../src/libf2c/pow_di.c', '-o', 'auto_temp/Users/mdlama/dev/PyDSTool/PyDSTool/PyCont/auto/src/libf2c/pow_di.o', '-w', '-D__PYTHON__', '-std=c99'],)[0m
[36mRetaining cwd: /Users/mdlama/Dropbox/Work/StudentResearch/Mark/HindmarshRose/bifurcation/drew_play[0m
[36m_preserve_environment([])[0m
[36m_update_environment(...)[0m
[36m_exec_command_posix(...)[0m
[36mRunning os.system('( cc -fno-strict-aliasing -fno-common -dynamic -arch i386 -arch x86_64 -g -Os -pipe -fno-common -fno-strict-aliasing -fwrapv -DENABLE_DTRACE -DMACOSX -DNDEBUG -Wall -Wstrict-prototypes -Wshorten-64-to-32 -DNDEBUG -g -fwrapv -Os -Wall -Wstrict-prototypes -DENABLE_DTRACE -arch i386 -arch x86_64 -pipe -I/System/Library/Frameworks/Python.framework/Versions/2.7/Extras/lib/python/numpy/core/include -I/Users/mdlama/Dropbox/Work/StudentResearch/Mark/HindmarshRose/bifurcation/drew_play -I/Users/mdlama/dev/PyDSTool/PyDSTool/PyCont/auto/module/include -I/Users/mdlama/Dropbox/Work/StudentResearch/Mark/HindmarshRose/bifurcation/drew_play/auto_temp -I/Users/mdlama/dev/PyDSTool/PyDSTool/PyCont/auto/src/include -I/System/Library/Frameworks/Python.framework/Versions/2.7/Extras/lib/python/numpy/core/include -I/System/Library/Frameworks/Python.framework/Versions/2.7/include/python2.7 -c /Users/mdlama/dev/PyDSTool/PyDSTool/PyCont/auto/module/../src/libf2c/pow_di.c -o auto_temp/Users/mdlama/dev/PyDSTool/PyDSTool/PyCont/auto/src/libf2c/pow_di.o -w -D__PYTHON__ -std=c99 ; echo $? > /var/folders/k0/n_7n3thj4h35pzp_ppnm3_l00000gp/T/tmp5eh5Za/sik4B7 ) 2>&1 | tee /var/folders/k0/n_7n3thj4h35pzp_ppnm3_l00000gp/T/tmp5eh5Za/i_qmzt ')[0m
[36m_update_environment(...)[0m
[39mcc: /Users/mdlama/dev/PyDSTool/PyDSTool/PyCont/auto/module/../src/auto.c[0m
[36mexec_command(['cc', '-fno-strict-aliasing', '-fno-common', '-dynamic', '-arch', 'i386', '-arch', 'x86_64', '-g', '-Os', '-pipe', '-fno-common', '-fno-strict-aliasing', '-fwrapv', '-DENABLE_DTRACE', '-DMACOSX', '-DNDEBUG', '-Wall', '-Wstrict-prototypes', '-Wshorten-64-to-32', '-DNDEBUG', '-g', '-fwrapv', '-Os', '-Wall', '-Wstrict-prototypes', '-DENABLE_DTRACE', '-arch', 'i386', '-arch', 'x86_64', '-pipe', '-I/System/Library/Frameworks/Python.framework/Versions/2.7/Extras/lib/python/numpy/core/include', '-I/Users/mdlama/Dropbox/Work/StudentResearch/Mark/HindmarshRose/bifurcation/drew_play', '-I/Users/mdlama/dev/PyDSTool/PyDSTool/PyCont/auto/module/include', '-I/Users/mdlama/Dropbox/Work/StudentResearch/Mark/HindmarshRose/bifurcation/drew_play/auto_temp', '-I/Users/mdlama/dev/PyDSTool/PyDSTool/PyCont/auto/src/include', '-I/System/Library/Frameworks/Python.framework/Versions/2.7/Extras/lib/python/numpy/core/include', '-I/System/Library/Frameworks/Python.framework/Versions/2.7/include/python2.7', '-c', '/Users/mdlama/dev/PyDSTool/PyDSTool/PyCont/auto/module/../src/auto.c', '-o', 'auto_temp/Users/mdlama/dev/PyDSTool/PyDSTool/PyCont/auto/src/auto.o', '-w', '-D__PYTHON__', '-std=c99'],)[0m
[36mRetaining cwd: /Users/mdlama/Dropbox/Work/StudentResearch/Mark/HindmarshRose/bifurcation/drew_play[0m
[36m_preserve_environment([])[0m
[36m_update_environment(...)[0m
[36m_exec_command_posix(...)[0m
[36mRunning os.system('( cc -fno-strict-aliasing -fno-common -dynamic -arch i386 -arch x86_64 -g -Os -pipe -fno-common -fno-strict-aliasing -fwrapv -DENABLE_DTRACE -DMACOSX -DNDEBUG -Wall -Wstrict-prototypes -Wshorten-64-to-32 -DNDEBUG -g -fwrapv -Os -Wall -Wstrict-prototypes -DENABLE_DTRACE -arch i386 -arch x86_64 -pipe -I/System/Library/Frameworks/Python.framework/Versions/2.7/Extras/lib/python/numpy/core/include -I/Users/mdlama/Dropbox/Work/StudentResearch/Mark/HindmarshRose/bifurcation/drew_play -I/Users/mdlama/dev/PyDSTool/PyDSTool/PyCont/auto/module/include -I/Users/mdlama/Dropbox/Work/StudentResearch/Mark/HindmarshRose/bifurcation/drew_play/auto_temp -I/Users/mdlama/dev/PyDSTool/PyDSTool/PyCont/auto/src/include -I/System/Library/Frameworks/Python.framework/Versions/2.7/Extras/lib/python/numpy/core/include -I/System/Library/Frameworks/Python.framework/Versions/2.7/include/python2.7 -c /Users/mdlama/dev/PyDSTool/PyDSTool/PyCont/auto/module/../src/auto.c -o auto_temp/Users/mdlama/dev/PyDSTool/PyDSTool/PyCont/auto/src/auto.o -w -D__PYTHON__ -std=c99 ; echo $? > /var/folders/k0/n_7n3thj4h35pzp_ppnm3_l00000gp/T/tmp5eh5Za/C2pMfy ) 2>&1 | tee /var/folders/k0/n_7n3thj4h35pzp_ppnm3_l00000gp/T/tmp5eh5Za/OSCgDL ')[0m
[36m_update_environment(...)[0m
[39mcc: /Users/mdlama/dev/PyDSTool/PyDSTool/PyCont/auto/module/../src/libf2c/z_log.c[0m
[36mexec_command(['cc', '-fno-strict-aliasing', '-fno-common', '-dynamic', '-arch', 'i386', '-arch', 'x86_64', '-g', '-Os', '-pipe', '-fno-common', '-fno-strict-aliasing', '-fwrapv', '-DENABLE_DTRACE', '-DMACOSX', '-DNDEBUG', '-Wall', '-Wstrict-prototypes', '-Wshorten-64-to-32', '-DNDEBUG', '-g', '-fwrapv', '-Os', '-Wall', '-Wstrict-prototypes', '-DENABLE_DTRACE', '-arch', 'i386', '-arch', 'x86_64', '-pipe', '-I/System/Library/Frameworks/Python.framework/Versions/2.7/Extras/lib/python/numpy/core/include', '-I/Users/mdlama/Dropbox/Work/StudentResearch/Mark/HindmarshRose/bifurcation/drew_play', '-I/Users/mdlama/dev/PyDSTool/PyDSTool/PyCont/auto/module/include', '-I/Users/mdlama/Dropbox/Work/StudentResearch/Mark/HindmarshRose/bifurcation/drew_play/auto_temp', '-I/Users/mdlama/dev/PyDSTool/PyDSTool/PyCont/auto/src/include', '-I/System/Library/Frameworks/Python.framework/Versions/2.7/Extras/lib/python/numpy/core/include', '-I/System/Library/Frameworks/Python.framework/Versions/2.7/include/python2.7', '-c', '/Users/mdlama/dev/PyDSTool/PyDSTool/PyCont/auto/module/../src/libf2c/z_log.c', '-o', 'auto_temp/Users/mdlama/dev/PyDSTool/PyDSTool/PyCont/auto/src/libf2c/z_log.o', '-w', '-D__PYTHON__', '-std=c99'],)[0m
[36mRetaining cwd: /Users/mdlama/Dropbox/Work/StudentResearch/Mark/HindmarshRose/bifurcation/drew_play[0m
[36m_preserve_environment([])[0m
[36m_update_environment(...)[0m
[36m_exec_command_posix(...)[0m
[36mRunning os.system('( cc -fno-strict-aliasing -fno-common -dynamic -arch i386 -arch x86_64 -g -Os -pipe -fno-common -fno-strict-aliasing -fwrapv -DENABLE_DTRACE -DMACOSX -DNDEBUG -Wall -Wstrict-prototypes -Wshorten-64-to-32 -DNDEBUG -g -fwrapv -Os -Wall -Wstrict-prototypes -DENABLE_DTRACE -arch i386 -arch x86_64 -pipe -I/System/Library/Frameworks/Python.framework/Versions/2.7/Extras/lib/python/numpy/core/include -I/Users/mdlama/Dropbox/Work/StudentResearch/Mark/HindmarshRose/bifurcation/drew_play -I/Users/mdlama/dev/PyDSTool/PyDSTool/PyCont/auto/module/include -I/Users/mdlama/Dropbox/Work/StudentResearch/Mark/HindmarshRose/bifurcation/drew_play/auto_temp -I/Users/mdlama/dev/PyDSTool/PyDSTool/PyCont/auto/src/include -I/System/Library/Frameworks/Python.framework/Versions/2.7/Extras/lib/python/numpy/core/include -I/System/Library/Frameworks/Python.framework/Versions/2.7/include/python2.7 -c /Users/mdlama/dev/PyDSTool/PyDSTool/PyCont/auto/module/../src/libf2c/z_log.c -o auto_temp/Users/mdlama/dev/PyDSTool/PyDSTool/PyCont/auto/src/libf2c/z_log.o -w -D__PYTHON__ -std=c99 ; echo $? > /var/folders/k0/n_7n3thj4h35pzp_ppnm3_l00000gp/T/tmp5eh5Za/QVn0yb ) 2>&1 | tee /var/folders/k0/n_7n3thj4h35pzp_ppnm3_l00000gp/T/tmp5eh5Za/mpCAcK ')[0m
[36m_update_environment(...)[0m
[39mcc: /Users/mdlama/dev/PyDSTool/PyDSTool/PyCont/auto/module/../src/libf2c/d_lg10.c[0m
[36mexec_command(['cc', '-fno-strict-aliasing', '-fno-common', '-dynamic', '-arch', 'i386', '-arch', 'x86_64', '-g', '-Os', '-pipe', '-fno-common', '-fno-strict-aliasing', '-fwrapv', '-DENABLE_DTRACE', '-DMACOSX', '-DNDEBUG', '-Wall', '-Wstrict-prototypes', '-Wshorten-64-to-32', '-DNDEBUG', '-g', '-fwrapv', '-Os', '-Wall', '-Wstrict-prototypes', '-DENABLE_DTRACE', '-arch', 'i386', '-arch', 'x86_64', '-pipe', '-I/System/Library/Frameworks/Python.framework/Versions/2.7/Extras/lib/python/numpy/core/include', '-I/Users/mdlama/Dropbox/Work/StudentResearch/Mark/HindmarshRose/bifurcation/drew_play', '-I/Users/mdlama/dev/PyDSTool/PyDSTool/PyCont/auto/module/include', '-I/Users/mdlama/Dropbox/Work/StudentResearch/Mark/HindmarshRose/bifurcation/drew_play/auto_temp', '-I/Users/mdlama/dev/PyDSTool/PyDSTool/PyCont/auto/src/include', '-I/System/Library/Frameworks/Python.framework/Versions/2.7/Extras/lib/python/numpy/core/include', '-I/System/Library/Frameworks/Python.framework/Versions/2.7/include/python2.7', '-c', '/Users/mdlama/dev/PyDSTool/PyDSTool/PyCont/auto/module/../src/libf2c/d_lg10.c', '-o', 'auto_temp/Users/mdlama/dev/PyDSTool/PyDSTool/PyCont/auto/src/libf2c/d_lg10.o', '-w', '-D__PYTHON__', '-std=c99'],)[0m
[36mRetaining cwd: /Users/mdlama/Dropbox/Work/StudentResearch/Mark/HindmarshRose/bifurcation/drew_play[0m
[36m_preserve_environment([])[0m
[36m_update_environment(...)[0m
[36m_exec_command_posix(...)[0m
[36mRunning os.system('( cc -fno-strict-aliasing -fno-common -dynamic -arch i386 -arch x86_64 -g -Os -pipe -fno-common -fno-strict-aliasing -fwrapv -DENABLE_DTRACE -DMACOSX -DNDEBUG -Wall -Wstrict-prototypes -Wshorten-64-to-32 -DNDEBUG -g -fwrapv -Os -Wall -Wstrict-prototypes -DENABLE_DTRACE -arch i386 -arch x86_64 -pipe -I/System/Library/Frameworks/Python.framework/Versions/2.7/Extras/lib/python/numpy/core/include -I/Users/mdlama/Dropbox/Work/StudentResearch/Mark/HindmarshRose/bifurcation/drew_play -I/Users/mdlama/dev/PyDSTool/PyDSTool/PyCont/auto/module/include -I/Users/mdlama/Dropbox/Work/StudentResearch/Mark/HindmarshRose/bifurcation/drew_play/auto_temp -I/Users/mdlama/dev/PyDSTool/PyDSTool/PyCont/auto/src/include -I/System/Library/Frameworks/Python.framework/Versions/2.7/Extras/lib/python/numpy/core/include -I/System/Library/Frameworks/Python.framework/Versions/2.7/include/python2.7 -c /Users/mdlama/dev/PyDSTool/PyDSTool/PyCont/auto/module/../src/libf2c/d_lg10.c -o auto_temp/Users/mdlama/dev/PyDSTool/PyDSTool/PyCont/auto/src/libf2c/d_lg10.o -w -D__PYTHON__ -std=c99 ; echo $? > /var/folders/k0/n_7n3thj4h35pzp_ppnm3_l00000gp/T/tmp5eh5Za/DCaJyp ) 2>&1 | tee /var/folders/k0/n_7n3thj4h35pzp_ppnm3_l00000gp/T/tmp5eh5Za/uaLbK7 ')[0m
[36m_update_environment(...)[0m
[39mcc: /Users/mdlama/dev/PyDSTool/PyDSTool/PyCont/auto/module/../src/libf2c/pow_dd.c[0m
[36mexec_command(['cc', '-fno-strict-aliasing', '-fno-common', '-dynamic', '-arch', 'i386', '-arch', 'x86_64', '-g', '-Os', '-pipe', '-fno-common', '-fno-strict-aliasing', '-fwrapv', '-DENABLE_DTRACE', '-DMACOSX', '-DNDEBUG', '-Wall', '-Wstrict-prototypes', '-Wshorten-64-to-32', '-DNDEBUG', '-g', '-fwrapv', '-Os', '-Wall', '-Wstrict-prototypes', '-DENABLE_DTRACE', '-arch', 'i386', '-arch', 'x86_64', '-pipe', '-I/System/Library/Frameworks/Python.framework/Versions/2.7/Extras/lib/python/numpy/core/include', '-I/Users/mdlama/Dropbox/Work/StudentResearch/Mark/HindmarshRose/bifurcation/drew_play', '-I/Users/mdlama/dev/PyDSTool/PyDSTool/PyCont/auto/module/include', '-I/Users/mdlama/Dropbox/Work/StudentResearch/Mark/HindmarshRose/bifurcation/drew_play/auto_temp', '-I/Users/mdlama/dev/PyDSTool/PyDSTool/PyCont/auto/src/include', '-I/System/Library/Frameworks/Python.framework/Versions/2.7/Extras/lib/python/numpy/core/include', '-I/System/Library/Frameworks/Python.framework/Versions/2.7/include/python2.7', '-c', '/Users/mdlama/dev/PyDSTool/PyDSTool/PyCont/auto/module/../src/libf2c/pow_dd.c', '-o', 'auto_temp/Users/mdlama/dev/PyDSTool/PyDSTool/PyCont/auto/src/libf2c/pow_dd.o', '-w', '-D__PYTHON__', '-std=c99'],)[0m
[36mRetaining cwd: /Users/mdlama/Dropbox/Work/StudentResearch/Mark/HindmarshRose/bifurcation/drew_play[0m
[36m_preserve_environment([])[0m
[36m_update_environment(...)[0m
[36m_exec_command_posix(...)[0m
[36mRunning os.system('( cc -fno-strict-aliasing -fno-common -dynamic -arch i386 -arch x86_64 -g -Os -pipe -fno-common -fno-strict-aliasing -fwrapv -DENABLE_DTRACE -DMACOSX -DNDEBUG -Wall -Wstrict-prototypes -Wshorten-64-to-32 -DNDEBUG -g -fwrapv -Os -Wall -Wstrict-prototypes -DENABLE_DTRACE -arch i386 -arch x86_64 -pipe -I/System/Library/Frameworks/Python.framework/Versions/2.7/Extras/lib/python/numpy/core/include -I/Users/mdlama/Dropbox/Work/StudentResearch/Mark/HindmarshRose/bifurcation/drew_play -I/Users/mdlama/dev/PyDSTool/PyDSTool/PyCont/auto/module/include -I/Users/mdlama/Dropbox/Work/StudentResearch/Mark/HindmarshRose/bifurcation/drew_play/auto_temp -I/Users/mdlama/dev/PyDSTool/PyDSTool/PyCont/auto/src/include -I/System/Library/Frameworks/Python.framework/Versions/2.7/Extras/lib/python/numpy/core/include -I/System/Library/Frameworks/Python.framework/Versions/2.7/include/python2.7 -c /Users/mdlama/dev/PyDSTool/PyDSTool/PyCont/auto/module/../src/libf2c/pow_dd.c -o auto_temp/Users/mdlama/dev/PyDSTool/PyDSTool/PyCont/auto/src/libf2c/pow_dd.o -w -D__PYTHON__ -std=c99 ; echo $? > /var/folders/k0/n_7n3thj4h35pzp_ppnm3_l00000gp/T/tmp5eh5Za/Cx_iHq ) 2>&1 | tee /var/folders/k0/n_7n3thj4h35pzp_ppnm3_l00000gp/T/tmp5eh5Za/HszzFB ')[0m
[36m_update_environment(...)[0m
[39mcc: /Users/mdlama/dev/PyDSTool/PyDSTool/PyCont/auto/module/../src/setubv.c[0m
[36mexec_command(['cc', '-fno-strict-aliasing', '-fno-common', '-dynamic', '-arch', 'i386', '-arch', 'x86_64', '-g', '-Os', '-pipe', '-fno-common', '-fno-strict-aliasing', '-fwrapv', '-DENABLE_DTRACE', '-DMACOSX', '-DNDEBUG', '-Wall', '-Wstrict-prototypes', '-Wshorten-64-to-32', '-DNDEBUG', '-g', '-fwrapv', '-Os', '-Wall', '-Wstrict-prototypes', '-DENABLE_DTRACE', '-arch', 'i386', '-arch', 'x86_64', '-pipe', '-I/System/Library/Frameworks/Python.framework/Versions/2.7/Extras/lib/python/numpy/core/include', '-I/Users/mdlama/Dropbox/Work/StudentResearch/Mark/HindmarshRose/bifurcation/drew_play', '-I/Users/mdlama/dev/PyDSTool/PyDSTool/PyCont/auto/module/include', '-I/Users/mdlama/Dropbox/Work/StudentResearch/Mark/HindmarshRose/bifurcation/drew_play/auto_temp', '-I/Users/mdlama/dev/PyDSTool/PyDSTool/PyCont/auto/src/include', '-I/System/Library/Frameworks/Python.framework/Versions/2.7/Extras/lib/python/numpy/core/include', '-I/System/Library/Frameworks/Python.framework/Versions/2.7/include/python2.7', '-c', '/Users/mdlama/dev/PyDSTool/PyDSTool/PyCont/auto/module/../src/setubv.c', '-o', 'auto_temp/Users/mdlama/dev/PyDSTool/PyDSTool/PyCont/auto/src/setubv.o', '-w', '-D__PYTHON__', '-std=c99'],)[0m
[36mRetaining cwd: /Users/mdlama/Dropbox/Work/StudentResearch/Mark/HindmarshRose/bifurcation/drew_play[0m
[36m_preserve_environment([])[0m
[36m_update_environment(...)[0m
[36m_exec_command_posix(...)[0m
[36mRunning os.system('( cc -fno-strict-aliasing -fno-common -dynamic -arch i386 -arch x86_64 -g -Os -pipe -fno-common -fno-strict-aliasing -fwrapv -DENABLE_DTRACE -DMACOSX -DNDEBUG -Wall -Wstrict-prototypes -Wshorten-64-to-32 -DNDEBUG -g -fwrapv -Os -Wall -Wstrict-prototypes -DENABLE_DTRACE -arch i386 -arch x86_64 -pipe -I/System/Library/Frameworks/Python.framework/Versions/2.7/Extras/lib/python/numpy/core/include -I/Users/mdlama/Dropbox/Work/StudentResearch/Mark/HindmarshRose/bifurcation/drew_play -I/Users/mdlama/dev/PyDSTool/PyDSTool/PyCont/auto/module/include -I/Users/mdlama/Dropbox/Work/StudentResearch/Mark/HindmarshRose/bifurcation/drew_play/auto_temp -I/Users/mdlama/dev/PyDSTool/PyDSTool/PyCont/auto/src/include -I/System/Library/Frameworks/Python.framework/Versions/2.7/Extras/lib/python/numpy/core/include -I/System/Library/Frameworks/Python.framework/Versions/2.7/include/python2.7 -c /Users/mdlama/dev/PyDSTool/PyDSTool/PyCont/auto/module/../src/setubv.c -o auto_temp/Users/mdlama/dev/PyDSTool/PyDSTool/PyCont/auto/src/setubv.o -w -D__PYTHON__ -std=c99 ; echo $? > /var/folders/k0/n_7n3thj4h35pzp_ppnm3_l00000gp/T/tmp5eh5Za/XrT3aW ) 2>&1 | tee /var/folders/k0/n_7n3thj4h35pzp_ppnm3_l00000gp/T/tmp5eh5Za/g9wya8 ')[0m
[36m_update_environment(...)[0m
[39mcc: /Users/mdlama/dev/PyDSTool/PyDSTool/PyCont/auto/module/../src/libf2c/d_imag.c[0m
[36mexec_command(['cc', '-fno-strict-aliasing', '-fno-common', '-dynamic', '-arch', 'i386', '-arch', 'x86_64', '-g', '-Os', '-pipe', '-fno-common', '-fno-strict-aliasing', '-fwrapv', '-DENABLE_DTRACE', '-DMACOSX', '-DNDEBUG', '-Wall', '-Wstrict-prototypes', '-Wshorten-64-to-32', '-DNDEBUG', '-g', '-fwrapv', '-Os', '-Wall', '-Wstrict-prototypes', '-DENABLE_DTRACE', '-arch', 'i386', '-arch', 'x86_64', '-pipe', '-I/System/Library/Frameworks/Python.framework/Versions/2.7/Extras/lib/python/numpy/core/include', '-I/Users/mdlama/Dropbox/Work/StudentResearch/Mark/HindmarshRose/bifurcation/drew_play', '-I/Users/mdlama/dev/PyDSTool/PyDSTool/PyCont/auto/module/include', '-I/Users/mdlama/Dropbox/Work/StudentResearch/Mark/HindmarshRose/bifurcation/drew_play/auto_temp', '-I/Users/mdlama/dev/PyDSTool/PyDSTool/PyCont/auto/src/include', '-I/System/Library/Frameworks/Python.framework/Versions/2.7/Extras/lib/python/numpy/core/include', '-I/System/Library/Frameworks/Python.framework/Versions/2.7/include/python2.7', '-c', '/Users/mdlama/dev/PyDSTool/PyDSTool/PyCont/auto/module/../src/libf2c/d_imag.c', '-o', 'auto_temp/Users/mdlama/dev/PyDSTool/PyDSTool/PyCont/auto/src/libf2c/d_imag.o', '-w', '-D__PYTHON__', '-std=c99'],)[0m
[36mRetaining cwd: /Users/mdlama/Dropbox/Work/StudentResearch/Mark/HindmarshRose/bifurcation/drew_play[0m
[36m_preserve_environment([])[0m
[36m_update_environment(...)[0m
[36m_exec_command_posix(...)[0m
[36mRunning os.system('( cc -fno-strict-aliasing -fno-common -dynamic -arch i386 -arch x86_64 -g -Os -pipe -fno-common -fno-strict-aliasing -fwrapv -DENABLE_DTRACE -DMACOSX -DNDEBUG -Wall -Wstrict-prototypes -Wshorten-64-to-32 -DNDEBUG -g -fwrapv -Os -Wall -Wstrict-prototypes -DENABLE_DTRACE -arch i386 -arch x86_64 -pipe -I/System/Library/Frameworks/Python.framework/Versions/2.7/Extras/lib/python/numpy/core/include -I/Users/mdlama/Dropbox/Work/StudentResearch/Mark/HindmarshRose/bifurcation/drew_play -I/Users/mdlama/dev/PyDSTool/PyDSTool/PyCont/auto/module/include -I/Users/mdlama/Dropbox/Work/StudentResearch/Mark/HindmarshRose/bifurcation/drew_play/auto_temp -I/Users/mdlama/dev/PyDSTool/PyDSTool/PyCont/auto/src/include -I/System/Library/Frameworks/Python.framework/Versions/2.7/Extras/lib/python/numpy/core/include -I/System/Library/Frameworks/Python.framework/Versions/2.7/include/python2.7 -c /Users/mdlama/dev/PyDSTool/PyDSTool/PyCont/auto/module/../src/libf2c/d_imag.c -o auto_temp/Users/mdlama/dev/PyDSTool/PyDSTool/PyCont/auto/src/libf2c/d_imag.o -w -D__PYTHON__ -std=c99 ; echo $? > /var/folders/k0/n_7n3thj4h35pzp_ppnm3_l00000gp/T/tmp5eh5Za/AglikO ) 2>&1 | tee /var/folders/k0/n_7n3thj4h35pzp_ppnm3_l00000gp/T/tmp5eh5Za/3QE_Dw ')[0m
[36m_update_environment(...)[0m
[39mcc: /Users/mdlama/dev/PyDSTool/PyDSTool/PyCont/auto/module/../src/autlib1.c[0m
[36mexec_command(['cc', '-fno-strict-aliasing', '-fno-common', '-dynamic', '-arch', 'i386', '-arch', 'x86_64', '-g', '-Os', '-pipe', '-fno-common', '-fno-strict-aliasing', '-fwrapv', '-DENABLE_DTRACE', '-DMACOSX', '-DNDEBUG', '-Wall', '-Wstrict-prototypes', '-Wshorten-64-to-32', '-DNDEBUG', '-g', '-fwrapv', '-Os', '-Wall', '-Wstrict-prototypes', '-DENABLE_DTRACE', '-arch', 'i386', '-arch', 'x86_64', '-pipe', '-I/System/Library/Frameworks/Python.framework/Versions/2.7/Extras/lib/python/numpy/core/include', '-I/Users/mdlama/Dropbox/Work/StudentResearch/Mark/HindmarshRose/bifurcation/drew_play', '-I/Users/mdlama/dev/PyDSTool/PyDSTool/PyCont/auto/module/include', '-I/Users/mdlama/Dropbox/Work/StudentResearch/Mark/HindmarshRose/bifurcation/drew_play/auto_temp', '-I/Users/mdlama/dev/PyDSTool/PyDSTool/PyCont/auto/src/include', '-I/System/Library/Frameworks/Python.framework/Versions/2.7/Extras/lib/python/numpy/core/include', '-I/System/Library/Frameworks/Python.framework/Versions/2.7/include/python2.7', '-c', '/Users/mdlama/dev/PyDSTool/PyDSTool/PyCont/auto/module/../src/autlib1.c', '-o', 'auto_temp/Users/mdlama/dev/PyDSTool/PyDSTool/PyCont/auto/src/autlib1.o', '-w', '-D__PYTHON__', '-std=c99'],)[0m
[36mRetaining cwd: /Users/mdlama/Dropbox/Work/StudentResearch/Mark/HindmarshRose/bifurcation/drew_play[0m
[36m_preserve_environment([])[0m
[36m_update_environment(...)[0m
[36m_exec_command_posix(...)[0m
[36mRunning os.system('( cc -fno-strict-aliasing -fno-common -dynamic -arch i386 -arch x86_64 -g -Os -pipe -fno-common -fno-strict-aliasing -fwrapv -DENABLE_DTRACE -DMACOSX -DNDEBUG -Wall -Wstrict-prototypes -Wshorten-64-to-32 -DNDEBUG -g -fwrapv -Os -Wall -Wstrict-prototypes -DENABLE_DTRACE -arch i386 -arch x86_64 -pipe -I/System/Library/Frameworks/Python.framework/Versions/2.7/Extras/lib/python/numpy/core/include -I/Users/mdlama/Dropbox/Work/StudentResearch/Mark/HindmarshRose/bifurcation/drew_play -I/Users/mdlama/dev/PyDSTool/PyDSTool/PyCont/auto/module/include -I/Users/mdlama/Dropbox/Work/StudentResearch/Mark/HindmarshRose/bifurcation/drew_play/auto_temp -I/Users/mdlama/dev/PyDSTool/PyDSTool/PyCont/auto/src/include -I/System/Library/Frameworks/Python.framework/Versions/2.7/Extras/lib/python/numpy/core/include -I/System/Library/Frameworks/Python.framework/Versions/2.7/include/python2.7 -c /Users/mdlama/dev/PyDSTool/PyDSTool/PyCont/auto/module/../src/autlib1.c -o auto_temp/Users/mdlama/dev/PyDSTool/PyDSTool/PyCont/auto/src/autlib1.o -w -D__PYTHON__ -std=c99 ; echo $? > /var/folders/k0/n_7n3thj4h35pzp_ppnm3_l00000gp/T/tmp5eh5Za/Khy00L ) 2>&1 | tee /var/folders/k0/n_7n3thj4h35pzp_ppnm3_l00000gp/T/tmp5eh5Za/IKeQaS ')[0m
[36m_update_environment(...)[0m
[39mcc: /Users/mdlama/dev/PyDSTool/PyDSTool/PyCont/auto/module/../src/libf2c/pow_ii.c[0m
[36mexec_command(['cc', '-fno-strict-aliasing', '-fno-common', '-dynamic', '-arch', 'i386', '-arch', 'x86_64', '-g', '-Os', '-pipe', '-fno-common', '-fno-strict-aliasing', '-fwrapv', '-DENABLE_DTRACE', '-DMACOSX', '-DNDEBUG', '-Wall', '-Wstrict-prototypes', '-Wshorten-64-to-32', '-DNDEBUG', '-g', '-fwrapv', '-Os', '-Wall', '-Wstrict-prototypes', '-DENABLE_DTRACE', '-arch', 'i386', '-arch', 'x86_64', '-pipe', '-I/System/Library/Frameworks/Python.framework/Versions/2.7/Extras/lib/python/numpy/core/include', '-I/Users/mdlama/Dropbox/Work/StudentResearch/Mark/HindmarshRose/bifurcation/drew_play', '-I/Users/mdlama/dev/PyDSTool/PyDSTool/PyCont/auto/module/include', '-I/Users/mdlama/Dropbox/Work/StudentResearch/Mark/HindmarshRose/bifurcation/drew_play/auto_temp', '-I/Users/mdlama/dev/PyDSTool/PyDSTool/PyCont/auto/src/include', '-I/System/Library/Frameworks/Python.framework/Versions/2.7/Extras/lib/python/numpy/core/include', '-I/System/Library/Frameworks/Python.framework/Versions/2.7/include/python2.7', '-c', '/Users/mdlama/dev/PyDSTool/PyDSTool/PyCont/auto/module/../src/libf2c/pow_ii.c', '-o', 'auto_temp/Users/mdlama/dev/PyDSTool/PyDSTool/PyCont/auto/src/libf2c/pow_ii.o', '-w', '-D__PYTHON__', '-std=c99'],)[0m
[36mRetaining cwd: /Users/mdlama/Dropbox/Work/StudentResearch/Mark/HindmarshRose/bifurcation/drew_play[0m
[36m_preserve_environment([])[0m
[36m_update_environment(...)[0m
[36m_exec_command_posix(...)[0m
[36mRunning os.system('( cc -fno-strict-aliasing -fno-common -dynamic -arch i386 -arch x86_64 -g -Os -pipe -fno-common -fno-strict-aliasing -fwrapv -DENABLE_DTRACE -DMACOSX -DNDEBUG -Wall -Wstrict-prototypes -Wshorten-64-to-32 -DNDEBUG -g -fwrapv -Os -Wall -Wstrict-prototypes -DENABLE_DTRACE -arch i386 -arch x86_64 -pipe -I/System/Library/Frameworks/Python.framework/Versions/2.7/Extras/lib/python/numpy/core/include -I/Users/mdlama/Dropbox/Work/StudentResearch/Mark/HindmarshRose/bifurcation/drew_play -I/Users/mdlama/dev/PyDSTool/PyDSTool/PyCont/auto/module/include -I/Users/mdlama/Dropbox/Work/StudentResearch/Mark/HindmarshRose/bifurcation/drew_play/auto_temp -I/Users/mdlama/dev/PyDSTool/PyDSTool/PyCont/auto/src/include -I/System/Library/Frameworks/Python.framework/Versions/2.7/Extras/lib/python/numpy/core/include -I/System/Library/Frameworks/Python.framework/Versions/2.7/include/python2.7 -c /Users/mdlama/dev/PyDSTool/PyDSTool/PyCont/auto/module/../src/libf2c/pow_ii.c -o auto_temp/Users/mdlama/dev/PyDSTool/PyDSTool/PyCont/auto/src/libf2c/pow_ii.o -w -D__PYTHON__ -std=c99 ; echo $? > /var/folders/k0/n_7n3thj4h35pzp_ppnm3_l00000gp/T/tmp5eh5Za/07s_6E ) 2>&1 | tee /var/folders/k0/n_7n3thj4h35pzp_ppnm3_l00000gp/T/tmp5eh5Za/RnH8sR ')[0m
[36m_update_environment(...)[0m
[39mcc: /Users/mdlama/dev/PyDSTool/PyDSTool/PyCont/auto/module/../src/fcon.c[0m
[36mexec_command(['cc', '-fno-strict-aliasing', '-fno-common', '-dynamic', '-arch', 'i386', '-arch', 'x86_64', '-g', '-Os', '-pipe', '-fno-common', '-fno-strict-aliasing', '-fwrapv', '-DENABLE_DTRACE', '-DMACOSX', '-DNDEBUG', '-Wall', '-Wstrict-prototypes', '-Wshorten-64-to-32', '-DNDEBUG', '-g', '-fwrapv', '-Os', '-Wall', '-Wstrict-prototypes', '-DENABLE_DTRACE', '-arch', 'i386', '-arch', 'x86_64', '-pipe', '-I/System/Library/Frameworks/Python.framework/Versions/2.7/Extras/lib/python/numpy/core/include', '-I/Users/mdlama/Dropbox/Work/StudentResearch/Mark/HindmarshRose/bifurcation/drew_play', '-I/Users/mdlama/dev/PyDSTool/PyDSTool/PyCont/auto/module/include', '-I/Users/mdlama/Dropbox/Work/StudentResearch/Mark/HindmarshRose/bifurcation/drew_play/auto_temp', '-I/Users/mdlama/dev/PyDSTool/PyDSTool/PyCont/auto/src/include', '-I/System/Library/Frameworks/Python.framework/Versions/2.7/Extras/lib/python/numpy/core/include', '-I/System/Library/Frameworks/Python.framework/Versions/2.7/include/python2.7', '-c', '/Users/mdlama/dev/PyDSTool/PyDSTool/PyCont/auto/module/../src/fcon.c', '-o', 'auto_temp/Users/mdlama/dev/PyDSTool/PyDSTool/PyCont/auto/src/fcon.o', '-w', '-D__PYTHON__', '-std=c99'],)[0m
[36mRetaining cwd: /Users/mdlama/Dropbox/Work/StudentResearch/Mark/HindmarshRose/bifurcation/drew_play[0m
[36m_preserve_environment([])[0m
[36m_update_environment(...)[0m
[36m_exec_command_posix(...)[0m
[36mRunning os.system('( cc -fno-strict-aliasing -fno-common -dynamic -arch i386 -arch x86_64 -g -Os -pipe -fno-common -fno-strict-aliasing -fwrapv -DENABLE_DTRACE -DMACOSX -DNDEBUG -Wall -Wstrict-prototypes -Wshorten-64-to-32 -DNDEBUG -g -fwrapv -Os -Wall -Wstrict-prototypes -DENABLE_DTRACE -arch i386 -arch x86_64 -pipe -I/System/Library/Frameworks/Python.framework/Versions/2.7/Extras/lib/python/numpy/core/include -I/Users/mdlama/Dropbox/Work/StudentResearch/Mark/HindmarshRose/bifurcation/drew_play -I/Users/mdlama/dev/PyDSTool/PyDSTool/PyCont/auto/module/include -I/Users/mdlama/Dropbox/Work/StudentResearch/Mark/HindmarshRose/bifurcation/drew_play/auto_temp -I/Users/mdlama/dev/PyDSTool/PyDSTool/PyCont/auto/src/include -I/System/Library/Frameworks/Python.framework/Versions/2.7/Extras/lib/python/numpy/core/include -I/System/Library/Frameworks/Python.framework/Versions/2.7/include/python2.7 -c /Users/mdlama/dev/PyDSTool/PyDSTool/PyCont/auto/module/../src/fcon.c -o auto_temp/Users/mdlama/dev/PyDSTool/PyDSTool/PyCont/auto/src/fcon.o -w -D__PYTHON__ -std=c99 ; echo $? > /var/folders/k0/n_7n3thj4h35pzp_ppnm3_l00000gp/T/tmp5eh5Za/nbisCV ) 2>&1 | tee /var/folders/k0/n_7n3thj4h35pzp_ppnm3_l00000gp/T/tmp5eh5Za/VtzyNk ')[0m
[36m_update_environment(...)[0m
[39mcc: /Users/mdlama/dev/PyDSTool/PyDSTool/PyCont/auto/module/../src/libf2c/d_sign.c[0m
[36mexec_command(['cc', '-fno-strict-aliasing', '-fno-common', '-dynamic', '-arch', 'i386', '-arch', 'x86_64', '-g', '-Os', '-pipe', '-fno-common', '-fno-strict-aliasing', '-fwrapv', '-DENABLE_DTRACE', '-DMACOSX', '-DNDEBUG', '-Wall', '-Wstrict-prototypes', '-Wshorten-64-to-32', '-DNDEBUG', '-g', '-fwrapv', '-Os', '-Wall', '-Wstrict-prototypes', '-DENABLE_DTRACE', '-arch', 'i386', '-arch', 'x86_64', '-pipe', '-I/System/Library/Frameworks/Python.framework/Versions/2.7/Extras/lib/python/numpy/core/include', '-I/Users/mdlama/Dropbox/Work/StudentResearch/Mark/HindmarshRose/bifurcation/drew_play', '-I/Users/mdlama/dev/PyDSTool/PyDSTool/PyCont/auto/module/include', '-I/Users/mdlama/Dropbox/Work/StudentResearch/Mark/HindmarshRose/bifurcation/drew_play/auto_temp', '-I/Users/mdlama/dev/PyDSTool/PyDSTool/PyCont/auto/src/include', '-I/System/Library/Frameworks/Python.framework/Versions/2.7/Extras/lib/python/numpy/core/include', '-I/System/Library/Frameworks/Python.framework/Versions/2.7/include/python2.7', '-c', '/Users/mdlama/dev/PyDSTool/PyDSTool/PyCont/auto/module/../src/libf2c/d_sign.c', '-o', 'auto_temp/Users/mdlama/dev/PyDSTool/PyDSTool/PyCont/auto/src/libf2c/d_sign.o', '-w', '-D__PYTHON__', '-std=c99'],)[0m
[36mRetaining cwd: /Users/mdlama/Dropbox/Work/StudentResearch/Mark/HindmarshRose/bifurcation/drew_play[0m
[36m_preserve_environment([])[0m
[36m_update_environment(...)[0m
[36m_exec_command_posix(...)[0m
[36mRunning os.system('( cc -fno-strict-aliasing -fno-common -dynamic -arch i386 -arch x86_64 -g -Os -pipe -fno-common -fno-strict-aliasing -fwrapv -DENABLE_DTRACE -DMACOSX -DNDEBUG -Wall -Wstrict-prototypes -Wshorten-64-to-32 -DNDEBUG -g -fwrapv -Os -Wall -Wstrict-prototypes -DENABLE_DTRACE -arch i386 -arch x86_64 -pipe -I/System/Library/Frameworks/Python.framework/Versions/2.7/Extras/lib/python/numpy/core/include -I/Users/mdlama/Dropbox/Work/StudentResearch/Mark/HindmarshRose/bifurcation/drew_play -I/Users/mdlama/dev/PyDSTool/PyDSTool/PyCont/auto/module/include -I/Users/mdlama/Dropbox/Work/StudentResearch/Mark/HindmarshRose/bifurcation/drew_play/auto_temp -I/Users/mdlama/dev/PyDSTool/PyDSTool/PyCont/auto/src/include -I/System/Library/Frameworks/Python.framework/Versions/2.7/Extras/lib/python/numpy/core/include -I/System/Library/Frameworks/Python.framework/Versions/2.7/include/python2.7 -c /Users/mdlama/dev/PyDSTool/PyDSTool/PyCont/auto/module/../src/libf2c/d_sign.c -o auto_temp/Users/mdlama/dev/PyDSTool/PyDSTool/PyCont/auto/src/libf2c/d_sign.o -w -D__PYTHON__ -std=c99 ; echo $? > /var/folders/k0/n_7n3thj4h35pzp_ppnm3_l00000gp/T/tmp5eh5Za/YjanCX ) 2>&1 | tee /var/folders/k0/n_7n3thj4h35pzp_ppnm3_l00000gp/T/tmp5eh5Za/lvyLFc ')[0m
[36m_update_environment(...)[0m
[39mcc: auto_temp/src.macosx-10.11-intel-2.7/auto_temp/auto_HindmarshRoseFast_vf_wrap.c[0m
[36mexec_command(['cc', '-fno-strict-aliasing', '-fno-common', '-dynamic', '-arch', 'i386', '-arch', 'x86_64', '-g', '-Os', '-pipe', '-fno-common', '-fno-strict-aliasing', '-fwrapv', '-DENABLE_DTRACE', '-DMACOSX', '-DNDEBUG', '-Wall', '-Wstrict-prototypes', '-Wshorten-64-to-32', '-DNDEBUG', '-g', '-fwrapv', '-Os', '-Wall', '-Wstrict-prototypes', '-DENABLE_DTRACE', '-arch', 'i386', '-arch', 'x86_64', '-pipe', '-I/System/Library/Frameworks/Python.framework/Versions/2.7/Extras/lib/python/numpy/core/include', '-I/Users/mdlama/Dropbox/Work/StudentResearch/Mark/HindmarshRose/bifurcation/drew_play', '-I/Users/mdlama/dev/PyDSTool/PyDSTool/PyCont/auto/module/include', '-I/Users/mdlama/Dropbox/Work/StudentResearch/Mark/HindmarshRose/bifurcation/drew_play/auto_temp', '-I/Users/mdlama/dev/PyDSTool/PyDSTool/PyCont/auto/src/include', '-I/System/Library/Frameworks/Python.framework/Versions/2.7/Extras/lib/python/numpy/core/include', '-I/System/Library/Frameworks/Python.framework/Versions/2.7/include/python2.7', '-c', 'auto_temp/src.macosx-10.11-intel-2.7/auto_temp/auto_HindmarshRoseFast_vf_wrap.c', '-o', 'auto_temp/auto_temp/src.macosx-10.11-intel-2.7/auto_temp/auto_HindmarshRoseFast_vf_wrap.o', '-w', '-D__PYTHON__', '-std=c99'],)[0m
[36mRetaining cwd: /Users/mdlama/Dropbox/Work/StudentResearch/Mark/HindmarshRose/bifurcation/drew_play[0m
[36m_preserve_environment([])[0m
[36m_update_environment(...)[0m
[36m_exec_command_posix(...)[0m
[36mRunning os.system('( cc -fno-strict-aliasing -fno-common -dynamic -arch i386 -arch x86_64 -g -Os -pipe -fno-common -fno-strict-aliasing -fwrapv -DENABLE_DTRACE -DMACOSX -DNDEBUG -Wall -Wstrict-prototypes -Wshorten-64-to-32 -DNDEBUG -g -fwrapv -Os -Wall -Wstrict-prototypes -DENABLE_DTRACE -arch i386 -arch x86_64 -pipe -I/System/Library/Frameworks/Python.framework/Versions/2.7/Extras/lib/python/numpy/core/include -I/Users/mdlama/Dropbox/Work/StudentResearch/Mark/HindmarshRose/bifurcation/drew_play -I/Users/mdlama/dev/PyDSTool/PyDSTool/PyCont/auto/module/include -I/Users/mdlama/Dropbox/Work/StudentResearch/Mark/HindmarshRose/bifurcation/drew_play/auto_temp -I/Users/mdlama/dev/PyDSTool/PyDSTool/PyCont/auto/src/include -I/System/Library/Frameworks/Python.framework/Versions/2.7/Extras/lib/python/numpy/core/include -I/System/Library/Frameworks/Python.framework/Versions/2.7/include/python2.7 -c auto_temp/src.macosx-10.11-intel-2.7/auto_temp/auto_HindmarshRoseFast_vf_wrap.c -o auto_temp/auto_temp/src.macosx-10.11-intel-2.7/auto_temp/auto_HindmarshRoseFast_vf_wrap.o -w -D__PYTHON__ -std=c99 ; echo $? > /var/folders/k0/n_7n3thj4h35pzp_ppnm3_l00000gp/T/tmp5eh5Za/iDH4ca ) 2>&1 | tee /var/folders/k0/n_7n3thj4h35pzp_ppnm3_l00000gp/T/tmp5eh5Za/b7vUhI ')[0m
[36m_update_environment(...)[0m
[39mcc: /Users/mdlama/dev/PyDSTool/PyDSTool/PyCont/auto/module/../src/eispack.c[0m
[36mexec_command(['cc', '-fno-strict-aliasing', '-fno-common', '-dynamic', '-arch', 'i386', '-arch', 'x86_64', '-g', '-Os', '-pipe', '-fno-common', '-fno-strict-aliasing', '-fwrapv', '-DENABLE_DTRACE', '-DMACOSX', '-DNDEBUG', '-Wall', '-Wstrict-prototypes', '-Wshorten-64-to-32', '-DNDEBUG', '-g', '-fwrapv', '-Os', '-Wall', '-Wstrict-prototypes', '-DENABLE_DTRACE', '-arch', 'i386', '-arch', 'x86_64', '-pipe', '-I/System/Library/Frameworks/Python.framework/Versions/2.7/Extras/lib/python/numpy/core/include', '-I/Users/mdlama/Dropbox/Work/StudentResearch/Mark/HindmarshRose/bifurcation/drew_play', '-I/Users/mdlama/dev/PyDSTool/PyDSTool/PyCont/auto/module/include', '-I/Users/mdlama/Dropbox/Work/StudentResearch/Mark/HindmarshRose/bifurcation/drew_play/auto_temp', '-I/Users/mdlama/dev/PyDSTool/PyDSTool/PyCont/auto/src/include', '-I/System/Library/Frameworks/Python.framework/Versions/2.7/Extras/lib/python/numpy/core/include', '-I/System/Library/Frameworks/Python.framework/Versions/2.7/include/python2.7', '-c', '/Users/mdlama/dev/PyDSTool/PyDSTool/PyCont/auto/module/../src/eispack.c', '-o', 'auto_temp/Users/mdlama/dev/PyDSTool/PyDSTool/PyCont/auto/src/eispack.o', '-w', '-D__PYTHON__', '-std=c99'],)[0m
[36mRetaining cwd: /Users/mdlama/Dropbox/Work/StudentResearch/Mark/HindmarshRose/bifurcation/drew_play[0m
[36m_preserve_environment([])[0m
[36m_update_environment(...)[0m
[36m_exec_command_posix(...)[0m
[36mRunning os.system('( cc -fno-strict-aliasing -fno-common -dynamic -arch i386 -arch x86_64 -g -Os -pipe -fno-common -fno-strict-aliasing -fwrapv -DENABLE_DTRACE -DMACOSX -DNDEBUG -Wall -Wstrict-prototypes -Wshorten-64-to-32 -DNDEBUG -g -fwrapv -Os -Wall -Wstrict-prototypes -DENABLE_DTRACE -arch i386 -arch x86_64 -pipe -I/System/Library/Frameworks/Python.framework/Versions/2.7/Extras/lib/python/numpy/core/include -I/Users/mdlama/Dropbox/Work/StudentResearch/Mark/HindmarshRose/bifurcation/drew_play -I/Users/mdlama/dev/PyDSTool/PyDSTool/PyCont/auto/module/include -I/Users/mdlama/Dropbox/Work/StudentResearch/Mark/HindmarshRose/bifurcation/drew_play/auto_temp -I/Users/mdlama/dev/PyDSTool/PyDSTool/PyCont/auto/src/include -I/System/Library/Frameworks/Python.framework/Versions/2.7/Extras/lib/python/numpy/core/include -I/System/Library/Frameworks/Python.framework/Versions/2.7/include/python2.7 -c /Users/mdlama/dev/PyDSTool/PyDSTool/PyCont/auto/module/../src/eispack.c -o auto_temp/Users/mdlama/dev/PyDSTool/PyDSTool/PyCont/auto/src/eispack.o -w -D__PYTHON__ -std=c99 ; echo $? > /var/folders/k0/n_7n3thj4h35pzp_ppnm3_l00000gp/T/tmp5eh5Za/X3__Fn ) 2>&1 | tee /var/folders/k0/n_7n3thj4h35pzp_ppnm3_l00000gp/T/tmp5eh5Za/u4CINg ')[0m
[36m_update_environment(...)[0m
[39mcc: /Users/mdlama/Dropbox/Work/StudentResearch/Mark/HindmarshRose/bifurcation/drew_play/auto_temp/HindmarshRoseFast_vf.c[0m
[36mexec_command(['cc', '-fno-strict-aliasing', '-fno-common', '-dynamic', '-arch', 'i386', '-arch', 'x86_64', '-g', '-Os', '-pipe', '-fno-common', '-fno-strict-aliasing', '-fwrapv', '-DENABLE_DTRACE', '-DMACOSX', '-DNDEBUG', '-Wall', '-Wstrict-prototypes', '-Wshorten-64-to-32', '-DNDEBUG', '-g', '-fwrapv', '-Os', '-Wall', '-Wstrict-prototypes', '-DENABLE_DTRACE', '-arch', 'i386', '-arch', 'x86_64', '-pipe', '-I/System/Library/Frameworks/Python.framework/Versions/2.7/Extras/lib/python/numpy/core/include', '-I/Users/mdlama/Dropbox/Work/StudentResearch/Mark/HindmarshRose/bifurcation/drew_play', '-I/Users/mdlama/dev/PyDSTool/PyDSTool/PyCont/auto/module/include', '-I/Users/mdlama/Dropbox/Work/StudentResearch/Mark/HindmarshRose/bifurcation/drew_play/auto_temp', '-I/Users/mdlama/dev/PyDSTool/PyDSTool/PyCont/auto/src/include', '-I/System/Library/Frameworks/Python.framework/Versions/2.7/Extras/lib/python/numpy/core/include', '-I/System/Library/Frameworks/Python.framework/Versions/2.7/include/python2.7', '-c', '/Users/mdlama/Dropbox/Work/StudentResearch/Mark/HindmarshRose/bifurcation/drew_play/auto_temp/HindmarshRoseFast_vf.c', '-o', 'auto_temp/Users/mdlama/Dropbox/Work/StudentResearch/Mark/HindmarshRose/bifurcation/drew_play/auto_temp/HindmarshRoseFast_vf.o', '-w', '-D__PYTHON__', '-std=c99'],)[0m
[36mRetaining cwd: /Users/mdlama/Dropbox/Work/StudentResearch/Mark/HindmarshRose/bifurcation/drew_play[0m
[36m_preserve_environment([])[0m
[36m_update_environment(...)[0m
[36m_exec_command_posix(...)[0m
[36mRunning os.system('( cc -fno-strict-aliasing -fno-common -dynamic -arch i386 -arch x86_64 -g -Os -pipe -fno-common -fno-strict-aliasing -fwrapv -DENABLE_DTRACE -DMACOSX -DNDEBUG -Wall -Wstrict-prototypes -Wshorten-64-to-32 -DNDEBUG -g -fwrapv -Os -Wall -Wstrict-prototypes -DENABLE_DTRACE -arch i386 -arch x86_64 -pipe -I/System/Library/Frameworks/Python.framework/Versions/2.7/Extras/lib/python/numpy/core/include -I/Users/mdlama/Dropbox/Work/StudentResearch/Mark/HindmarshRose/bifurcation/drew_play -I/Users/mdlama/dev/PyDSTool/PyDSTool/PyCont/auto/module/include -I/Users/mdlama/Dropbox/Work/StudentResearch/Mark/HindmarshRose/bifurcation/drew_play/auto_temp -I/Users/mdlama/dev/PyDSTool/PyDSTool/PyCont/auto/src/include -I/System/Library/Frameworks/Python.framework/Versions/2.7/Extras/lib/python/numpy/core/include -I/System/Library/Frameworks/Python.framework/Versions/2.7/include/python2.7 -c /Users/mdlama/Dropbox/Work/StudentResearch/Mark/HindmarshRose/bifurcation/drew_play/auto_temp/HindmarshRoseFast_vf.c -o auto_temp/Users/mdlama/Dropbox/Work/StudentResearch/Mark/HindmarshRose/bifurcation/drew_play/auto_temp/HindmarshRoseFast_vf.o -w -D__PYTHON__ -std=c99 ; echo $? > /var/folders/k0/n_7n3thj4h35pzp_ppnm3_l00000gp/T/tmp5eh5Za/z75Kn_ ) 2>&1 | tee /var/folders/k0/n_7n3thj4h35pzp_ppnm3_l00000gp/T/tmp5eh5Za/t4d9a2 ')[0m
[36m_update_environment(...)[0m
[39mcc: /Users/mdlama/dev/PyDSTool/PyDSTool/PyCont/auto/module/automod.c[0m
[36mexec_command(['cc', '-fno-strict-aliasing', '-fno-common', '-dynamic', '-arch', 'i386', '-arch', 'x86_64', '-g', '-Os', '-pipe', '-fno-common', '-fno-strict-aliasing', '-fwrapv', '-DENABLE_DTRACE', '-DMACOSX', '-DNDEBUG', '-Wall', '-Wstrict-prototypes', '-Wshorten-64-to-32', '-DNDEBUG', '-g', '-fwrapv', '-Os', '-Wall', '-Wstrict-prototypes', '-DENABLE_DTRACE', '-arch', 'i386', '-arch', 'x86_64', '-pipe', '-I/System/Library/Frameworks/Python.framework/Versions/2.7/Extras/lib/python/numpy/core/include', '-I/Users/mdlama/Dropbox/Work/StudentResearch/Mark/HindmarshRose/bifurcation/drew_play', '-I/Users/mdlama/dev/PyDSTool/PyDSTool/PyCont/auto/module/include', '-I/Users/mdlama/Dropbox/Work/StudentResearch/Mark/HindmarshRose/bifurcation/drew_play/auto_temp', '-I/Users/mdlama/dev/PyDSTool/PyDSTool/PyCont/auto/src/include', '-I/System/Library/Frameworks/Python.framework/Versions/2.7/Extras/lib/python/numpy/core/include', '-I/System/Library/Frameworks/Python.framework/Versions/2.7/include/python2.7', '-c', '/Users/mdlama/dev/PyDSTool/PyDSTool/PyCont/auto/module/automod.c', '-o', 'auto_temp/Users/mdlama/dev/PyDSTool/PyDSTool/PyCont/auto/module/automod.o', '-w', '-D__PYTHON__', '-std=c99'],)[0m
[36mRetaining cwd: /Users/mdlama/Dropbox/Work/StudentResearch/Mark/HindmarshRose/bifurcation/drew_play[0m
[36m_preserve_environment([])[0m
[36m_update_environment(...)[0m
[36m_exec_command_posix(...)[0m
[36mRunning os.system('( cc -fno-strict-aliasing -fno-common -dynamic -arch i386 -arch x86_64 -g -Os -pipe -fno-common -fno-strict-aliasing -fwrapv -DENABLE_DTRACE -DMACOSX -DNDEBUG -Wall -Wstrict-prototypes -Wshorten-64-to-32 -DNDEBUG -g -fwrapv -Os -Wall -Wstrict-prototypes -DENABLE_DTRACE -arch i386 -arch x86_64 -pipe -I/System/Library/Frameworks/Python.framework/Versions/2.7/Extras/lib/python/numpy/core/include -I/Users/mdlama/Dropbox/Work/StudentResearch/Mark/HindmarshRose/bifurcation/drew_play -I/Users/mdlama/dev/PyDSTool/PyDSTool/PyCont/auto/module/include -I/Users/mdlama/Dropbox/Work/StudentResearch/Mark/HindmarshRose/bifurcation/drew_play/auto_temp -I/Users/mdlama/dev/PyDSTool/PyDSTool/PyCont/auto/src/include -I/System/Library/Frameworks/Python.framework/Versions/2.7/Extras/lib/python/numpy/core/include -I/System/Library/Frameworks/Python.framework/Versions/2.7/include/python2.7 -c /Users/mdlama/dev/PyDSTool/PyDSTool/PyCont/auto/module/automod.c -o auto_temp/Users/mdlama/dev/PyDSTool/PyDSTool/PyCont/auto/module/automod.o -w -D__PYTHON__ -std=c99 ; echo $? > /var/folders/k0/n_7n3thj4h35pzp_ppnm3_l00000gp/T/tmp5eh5Za/JCpo6I ) 2>&1 | tee /var/folders/k0/n_7n3thj4h35pzp_ppnm3_l00000gp/T/tmp5eh5Za/_caBI1 ')[0m
[36m_update_environment(...)[0m
[39mcc: /Users/mdlama/dev/PyDSTool/PyDSTool/PyCont/auto/module/../src/autlib2.c[0m
[36mexec_command(['cc', '-fno-strict-aliasing', '-fno-common', '-dynamic', '-arch', 'i386', '-arch', 'x86_64', '-g', '-Os', '-pipe', '-fno-common', '-fno-strict-aliasing', '-fwrapv', '-DENABLE_DTRACE', '-DMACOSX', '-DNDEBUG', '-Wall', '-Wstrict-prototypes', '-Wshorten-64-to-32', '-DNDEBUG', '-g', '-fwrapv', '-Os', '-Wall', '-Wstrict-prototypes', '-DENABLE_DTRACE', '-arch', 'i386', '-arch', 'x86_64', '-pipe', '-I/System/Library/Frameworks/Python.framework/Versions/2.7/Extras/lib/python/numpy/core/include', '-I/Users/mdlama/Dropbox/Work/StudentResearch/Mark/HindmarshRose/bifurcation/drew_play', '-I/Users/mdlama/dev/PyDSTool/PyDSTool/PyCont/auto/module/include', '-I/Users/mdlama/Dropbox/Work/StudentResearch/Mark/HindmarshRose/bifurcation/drew_play/auto_temp', '-I/Users/mdlama/dev/PyDSTool/PyDSTool/PyCont/auto/src/include', '-I/System/Library/Frameworks/Python.framework/Versions/2.7/Extras/lib/python/numpy/core/include', '-I/System/Library/Frameworks/Python.framework/Versions/2.7/include/python2.7', '-c', '/Users/mdlama/dev/PyDSTool/PyDSTool/PyCont/auto/module/../src/autlib2.c', '-o', 'auto_temp/Users/mdlama/dev/PyDSTool/PyDSTool/PyCont/auto/src/autlib2.o', '-w', '-D__PYTHON__', '-std=c99'],)[0m
[36mRetaining cwd: /Users/mdlama/Dropbox/Work/StudentResearch/Mark/HindmarshRose/bifurcation/drew_play[0m
[36m_preserve_environment([])[0m
[36m_update_environment(...)[0m
[36m_exec_command_posix(...)[0m
[36mRunning os.system('( cc -fno-strict-aliasing -fno-common -dynamic -arch i386 -arch x86_64 -g -Os -pipe -fno-common -fno-strict-aliasing -fwrapv -DENABLE_DTRACE -DMACOSX -DNDEBUG -Wall -Wstrict-prototypes -Wshorten-64-to-32 -DNDEBUG -g -fwrapv -Os -Wall -Wstrict-prototypes -DENABLE_DTRACE -arch i386 -arch x86_64 -pipe -I/System/Library/Frameworks/Python.framework/Versions/2.7/Extras/lib/python/numpy/core/include -I/Users/mdlama/Dropbox/Work/StudentResearch/Mark/HindmarshRose/bifurcation/drew_play -I/Users/mdlama/dev/PyDSTool/PyDSTool/PyCont/auto/module/include -I/Users/mdlama/Dropbox/Work/StudentResearch/Mark/HindmarshRose/bifurcation/drew_play/auto_temp -I/Users/mdlama/dev/PyDSTool/PyDSTool/PyCont/auto/src/include -I/System/Library/Frameworks/Python.framework/Versions/2.7/Extras/lib/python/numpy/core/include -I/System/Library/Frameworks/Python.framework/Versions/2.7/include/python2.7 -c /Users/mdlama/dev/PyDSTool/PyDSTool/PyCont/auto/module/../src/autlib2.c -o auto_temp/Users/mdlama/dev/PyDSTool/PyDSTool/PyCont/auto/src/autlib2.o -w -D__PYTHON__ -std=c99 ; echo $? > /var/folders/k0/n_7n3thj4h35pzp_ppnm3_l00000gp/T/tmp5eh5Za/xBi9CD ) 2>&1 | tee /var/folders/k0/n_7n3thj4h35pzp_ppnm3_l00000gp/T/tmp5eh5Za/PnEroQ ')[0m
[36m_update_environment(...)[0m
[39mcc: /Users/mdlama/dev/PyDSTool/PyDSTool/PyCont/auto/module/../src/libf2c/i_nint.c[0m
[36mexec_command(['cc', '-fno-strict-aliasing', '-fno-common', '-dynamic', '-arch', 'i386', '-arch', 'x86_64', '-g', '-Os', '-pipe', '-fno-common', '-fno-strict-aliasing', '-fwrapv', '-DENABLE_DTRACE', '-DMACOSX', '-DNDEBUG', '-Wall', '-Wstrict-prototypes', '-Wshorten-64-to-32', '-DNDEBUG', '-g', '-fwrapv', '-Os', '-Wall', '-Wstrict-prototypes', '-DENABLE_DTRACE', '-arch', 'i386', '-arch', 'x86_64', '-pipe', '-I/System/Library/Frameworks/Python.framework/Versions/2.7/Extras/lib/python/numpy/core/include', '-I/Users/mdlama/Dropbox/Work/StudentResearch/Mark/HindmarshRose/bifurcation/drew_play', '-I/Users/mdlama/dev/PyDSTool/PyDSTool/PyCont/auto/module/include', '-I/Users/mdlama/Dropbox/Work/StudentResearch/Mark/HindmarshRose/bifurcation/drew_play/auto_temp', '-I/Users/mdlama/dev/PyDSTool/PyDSTool/PyCont/auto/src/include', '-I/System/Library/Frameworks/Python.framework/Versions/2.7/Extras/lib/python/numpy/core/include', '-I/System/Library/Frameworks/Python.framework/Versions/2.7/include/python2.7', '-c', '/Users/mdlama/dev/PyDSTool/PyDSTool/PyCont/auto/module/../src/libf2c/i_nint.c', '-o', 'auto_temp/Users/mdlama/dev/PyDSTool/PyDSTool/PyCont/auto/src/libf2c/i_nint.o', '-w', '-D__PYTHON__', '-std=c99'],)[0m
[36mRetaining cwd: /Users/mdlama/Dropbox/Work/StudentResearch/Mark/HindmarshRose/bifurcation/drew_play[0m
[36m_preserve_environment([])[0m
[36m_update_environment(...)[0m
[36m_exec_command_posix(...)[0m
[36mRunning os.system('( cc -fno-strict-aliasing -fno-common -dynamic -arch i386 -arch x86_64 -g -Os -pipe -fno-common -fno-strict-aliasing -fwrapv -DENABLE_DTRACE -DMACOSX -DNDEBUG -Wall -Wstrict-prototypes -Wshorten-64-to-32 -DNDEBUG -g -fwrapv -Os -Wall -Wstrict-prototypes -DENABLE_DTRACE -arch i386 -arch x86_64 -pipe -I/System/Library/Frameworks/Python.framework/Versions/2.7/Extras/lib/python/numpy/core/include -I/Users/mdlama/Dropbox/Work/StudentResearch/Mark/HindmarshRose/bifurcation/drew_play -I/Users/mdlama/dev/PyDSTool/PyDSTool/PyCont/auto/module/include -I/Users/mdlama/Dropbox/Work/StudentResearch/Mark/HindmarshRose/bifurcation/drew_play/auto_temp -I/Users/mdlama/dev/PyDSTool/PyDSTool/PyCont/auto/src/include -I/System/Library/Frameworks/Python.framework/Versions/2.7/Extras/lib/python/numpy/core/include -I/System/Library/Frameworks/Python.framework/Versions/2.7/include/python2.7 -c /Users/mdlama/dev/PyDSTool/PyDSTool/PyCont/auto/module/../src/libf2c/i_nint.c -o auto_temp/Users/mdlama/dev/PyDSTool/PyDSTool/PyCont/auto/src/libf2c/i_nint.o -w -D__PYTHON__ -std=c99 ; echo $? > /var/folders/k0/n_7n3thj4h35pzp_ppnm3_l00000gp/T/tmp5eh5Za/NvdCxu ) 2>&1 | tee /var/folders/k0/n_7n3thj4h35pzp_ppnm3_l00000gp/T/tmp5eh5Za/rP6pTw ')[0m
[36m_update_environment(...)[0m
[39mcc: /Users/mdlama/dev/PyDSTool/PyDSTool/PyCont/auto/module/../src/autlib3.c[0m
[36mexec_command(['cc', '-fno-strict-aliasing', '-fno-common', '-dynamic', '-arch', 'i386', '-arch', 'x86_64', '-g', '-Os', '-pipe', '-fno-common', '-fno-strict-aliasing', '-fwrapv', '-DENABLE_DTRACE', '-DMACOSX', '-DNDEBUG', '-Wall', '-Wstrict-prototypes', '-Wshorten-64-to-32', '-DNDEBUG', '-g', '-fwrapv', '-Os', '-Wall', '-Wstrict-prototypes', '-DENABLE_DTRACE', '-arch', 'i386', '-arch', 'x86_64', '-pipe', '-I/System/Library/Frameworks/Python.framework/Versions/2.7/Extras/lib/python/numpy/core/include', '-I/Users/mdlama/Dropbox/Work/StudentResearch/Mark/HindmarshRose/bifurcation/drew_play', '-I/Users/mdlama/dev/PyDSTool/PyDSTool/PyCont/auto/module/include', '-I/Users/mdlama/Dropbox/Work/StudentResearch/Mark/HindmarshRose/bifurcation/drew_play/auto_temp', '-I/Users/mdlama/dev/PyDSTool/PyDSTool/PyCont/auto/src/include', '-I/System/Library/Frameworks/Python.framework/Versions/2.7/Extras/lib/python/numpy/core/include', '-I/System/Library/Frameworks/Python.framework/Versions/2.7/include/python2.7', '-c', '/Users/mdlama/dev/PyDSTool/PyDSTool/PyCont/auto/module/../src/autlib3.c', '-o', 'auto_temp/Users/mdlama/dev/PyDSTool/PyDSTool/PyCont/auto/src/autlib3.o', '-w', '-D__PYTHON__', '-std=c99'],)[0m
[36mRetaining cwd: /Users/mdlama/Dropbox/Work/StudentResearch/Mark/HindmarshRose/bifurcation/drew_play[0m
[36m_preserve_environment([])[0m
[36m_update_environment(...)[0m
[36m_exec_command_posix(...)[0m
[36mRunning os.system('( cc -fno-strict-aliasing -fno-common -dynamic -arch i386 -arch x86_64 -g -Os -pipe -fno-common -fno-strict-aliasing -fwrapv -DENABLE_DTRACE -DMACOSX -DNDEBUG -Wall -Wstrict-prototypes -Wshorten-64-to-32 -DNDEBUG -g -fwrapv -Os -Wall -Wstrict-prototypes -DENABLE_DTRACE -arch i386 -arch x86_64 -pipe -I/System/Library/Frameworks/Python.framework/Versions/2.7/Extras/lib/python/numpy/core/include -I/Users/mdlama/Dropbox/Work/StudentResearch/Mark/HindmarshRose/bifurcation/drew_play -I/Users/mdlama/dev/PyDSTool/PyDSTool/PyCont/auto/module/include -I/Users/mdlama/Dropbox/Work/StudentResearch/Mark/HindmarshRose/bifurcation/drew_play/auto_temp -I/Users/mdlama/dev/PyDSTool/PyDSTool/PyCont/auto/src/include -I/System/Library/Frameworks/Python.framework/Versions/2.7/Extras/lib/python/numpy/core/include -I/System/Library/Frameworks/Python.framework/Versions/2.7/include/python2.7 -c /Users/mdlama/dev/PyDSTool/PyDSTool/PyCont/auto/module/../src/autlib3.c -o auto_temp/Users/mdlama/dev/PyDSTool/PyDSTool/PyCont/auto/src/autlib3.o -w -D__PYTHON__ -std=c99 ; echo $? > /var/folders/k0/n_7n3thj4h35pzp_ppnm3_l00000gp/T/tmp5eh5Za/lUW16a ) 2>&1 | tee /var/folders/k0/n_7n3thj4h35pzp_ppnm3_l00000gp/T/tmp5eh5Za/1cjjvr ')[0m
[36m_update_environment(...)[0m
[39mcc: /Users/mdlama/dev/PyDSTool/PyDSTool/PyCont/auto/module/../src/autlib5.c[0m
[36mexec_command(['cc', '-fno-strict-aliasing', '-fno-common', '-dynamic', '-arch', 'i386', '-arch', 'x86_64', '-g', '-Os', '-pipe', '-fno-common', '-fno-strict-aliasing', '-fwrapv', '-DENABLE_DTRACE', '-DMACOSX', '-DNDEBUG', '-Wall', '-Wstrict-prototypes', '-Wshorten-64-to-32', '-DNDEBUG', '-g', '-fwrapv', '-Os', '-Wall', '-Wstrict-prototypes', '-DENABLE_DTRACE', '-arch', 'i386', '-arch', 'x86_64', '-pipe', '-I/System/Library/Frameworks/Python.framework/Versions/2.7/Extras/lib/python/numpy/core/include', '-I/Users/mdlama/Dropbox/Work/StudentResearch/Mark/HindmarshRose/bifurcation/drew_play', '-I/Users/mdlama/dev/PyDSTool/PyDSTool/PyCont/auto/module/include', '-I/Users/mdlama/Dropbox/Work/StudentResearch/Mark/HindmarshRose/bifurcation/drew_play/auto_temp', '-I/Users/mdlama/dev/PyDSTool/PyDSTool/PyCont/auto/src/include', '-I/System/Library/Frameworks/Python.framework/Versions/2.7/Extras/lib/python/numpy/core/include', '-I/System/Library/Frameworks/Python.framework/Versions/2.7/include/python2.7', '-c', '/Users/mdlama/dev/PyDSTool/PyDSTool/PyCont/auto/module/../src/autlib5.c', '-o', 'auto_temp/Users/mdlama/dev/PyDSTool/PyDSTool/PyCont/auto/src/autlib5.o', '-w', '-D__PYTHON__', '-std=c99'],)[0m
[36mRetaining cwd: /Users/mdlama/Dropbox/Work/StudentResearch/Mark/HindmarshRose/bifurcation/drew_play[0m
[36m_preserve_environment([])[0m
[36m_update_environment(...)[0m
[36m_exec_command_posix(...)[0m
[36mRunning os.system('( cc -fno-strict-aliasing -fno-common -dynamic -arch i386 -arch x86_64 -g -Os -pipe -fno-common -fno-strict-aliasing -fwrapv -DENABLE_DTRACE -DMACOSX -DNDEBUG -Wall -Wstrict-prototypes -Wshorten-64-to-32 -DNDEBUG -g -fwrapv -Os -Wall -Wstrict-prototypes -DENABLE_DTRACE -arch i386 -arch x86_64 -pipe -I/System/Library/Frameworks/Python.framework/Versions/2.7/Extras/lib/python/numpy/core/include -I/Users/mdlama/Dropbox/Work/StudentResearch/Mark/HindmarshRose/bifurcation/drew_play -I/Users/mdlama/dev/PyDSTool/PyDSTool/PyCont/auto/module/include -I/Users/mdlama/Dropbox/Work/StudentResearch/Mark/HindmarshRose/bifurcation/drew_play/auto_temp -I/Users/mdlama/dev/PyDSTool/PyDSTool/PyCont/auto/src/include -I/System/Library/Frameworks/Python.framework/Versions/2.7/Extras/lib/python/numpy/core/include -I/System/Library/Frameworks/Python.framework/Versions/2.7/include/python2.7 -c /Users/mdlama/dev/PyDSTool/PyDSTool/PyCont/auto/module/../src/autlib5.c -o auto_temp/Users/mdlama/dev/PyDSTool/PyDSTool/PyCont/auto/src/autlib5.o -w -D__PYTHON__ -std=c99 ; echo $? > /var/folders/k0/n_7n3thj4h35pzp_ppnm3_l00000gp/T/tmp5eh5Za/neiTK1 ) 2>&1 | tee /var/folders/k0/n_7n3thj4h35pzp_ppnm3_l00000gp/T/tmp5eh5Za/hbVBss ')[0m
[36m_update_environment(...)[0m
[39mcc: /Users/mdlama/dev/PyDSTool/PyDSTool/PyCont/auto/module/interface.c[0m
[36mexec_command(['cc', '-fno-strict-aliasing', '-fno-common', '-dynamic', '-arch', 'i386', '-arch', 'x86_64', '-g', '-Os', '-pipe', '-fno-common', '-fno-strict-aliasing', '-fwrapv', '-DENABLE_DTRACE', '-DMACOSX', '-DNDEBUG', '-Wall', '-Wstrict-prototypes', '-Wshorten-64-to-32', '-DNDEBUG', '-g', '-fwrapv', '-Os', '-Wall', '-Wstrict-prototypes', '-DENABLE_DTRACE', '-arch', 'i386', '-arch', 'x86_64', '-pipe', '-I/System/Library/Frameworks/Python.framework/Versions/2.7/Extras/lib/python/numpy/core/include', '-I/Users/mdlama/Dropbox/Work/StudentResearch/Mark/HindmarshRose/bifurcation/drew_play', '-I/Users/mdlama/dev/PyDSTool/PyDSTool/PyCont/auto/module/include', '-I/Users/mdlama/Dropbox/Work/StudentResearch/Mark/HindmarshRose/bifurcation/drew_play/auto_temp', '-I/Users/mdlama/dev/PyDSTool/PyDSTool/PyCont/auto/src/include', '-I/System/Library/Frameworks/Python.framework/Versions/2.7/Extras/lib/python/numpy/core/include', '-I/System/Library/Frameworks/Python.framework/Versions/2.7/include/python2.7', '-c', '/Users/mdlama/dev/PyDSTool/PyDSTool/PyCont/auto/module/interface.c', '-o', 'auto_temp/Users/mdlama/dev/PyDSTool/PyDSTool/PyCont/auto/module/interface.o', '-w', '-D__PYTHON__', '-std=c99'],)[0m
[36mRetaining cwd: /Users/mdlama/Dropbox/Work/StudentResearch/Mark/HindmarshRose/bifurcation/drew_play[0m
[36m_preserve_environment([])[0m
[36m_update_environment(...)[0m
[36m_exec_command_posix(...)[0m
[36mRunning os.system('( cc -fno-strict-aliasing -fno-common -dynamic -arch i386 -arch x86_64 -g -Os -pipe -fno-common -fno-strict-aliasing -fwrapv -DENABLE_DTRACE -DMACOSX -DNDEBUG -Wall -Wstrict-prototypes -Wshorten-64-to-32 -DNDEBUG -g -fwrapv -Os -Wall -Wstrict-prototypes -DENABLE_DTRACE -arch i386 -arch x86_64 -pipe -I/System/Library/Frameworks/Python.framework/Versions/2.7/Extras/lib/python/numpy/core/include -I/Users/mdlama/Dropbox/Work/StudentResearch/Mark/HindmarshRose/bifurcation/drew_play -I/Users/mdlama/dev/PyDSTool/PyDSTool/PyCont/auto/module/include -I/Users/mdlama/Dropbox/Work/StudentResearch/Mark/HindmarshRose/bifurcation/drew_play/auto_temp -I/Users/mdlama/dev/PyDSTool/PyDSTool/PyCont/auto/src/include -I/System/Library/Frameworks/Python.framework/Versions/2.7/Extras/lib/python/numpy/core/include -I/System/Library/Frameworks/Python.framework/Versions/2.7/include/python2.7 -c /Users/mdlama/dev/PyDSTool/PyDSTool/PyCont/auto/module/interface.c -o auto_temp/Users/mdlama/dev/PyDSTool/PyDSTool/PyCont/auto/module/interface.o -w -D__PYTHON__ -std=c99 ; echo $? > /var/folders/k0/n_7n3thj4h35pzp_ppnm3_l00000gp/T/tmp5eh5Za/2uvoBJ ) 2>&1 | tee /var/folders/k0/n_7n3thj4h35pzp_ppnm3_l00000gp/T/tmp5eh5Za/x8AyEr ')[0m
[36m_update_environment(...)[0m
[39mcc: /Users/mdlama/dev/PyDSTool/PyDSTool/PyCont/auto/module/../src/libf2c/z_exp.c[0m
[36mexec_command(['cc', '-fno-strict-aliasing', '-fno-common', '-dynamic', '-arch', 'i386', '-arch', 'x86_64', '-g', '-Os', '-pipe', '-fno-common', '-fno-strict-aliasing', '-fwrapv', '-DENABLE_DTRACE', '-DMACOSX', '-DNDEBUG', '-Wall', '-Wstrict-prototypes', '-Wshorten-64-to-32', '-DNDEBUG', '-g', '-fwrapv', '-Os', '-Wall', '-Wstrict-prototypes', '-DENABLE_DTRACE', '-arch', 'i386', '-arch', 'x86_64', '-pipe', '-I/System/Library/Frameworks/Python.framework/Versions/2.7/Extras/lib/python/numpy/core/include', '-I/Users/mdlama/Dropbox/Work/StudentResearch/Mark/HindmarshRose/bifurcation/drew_play', '-I/Users/mdlama/dev/PyDSTool/PyDSTool/PyCont/auto/module/include', '-I/Users/mdlama/Dropbox/Work/StudentResearch/Mark/HindmarshRose/bifurcation/drew_play/auto_temp', '-I/Users/mdlama/dev/PyDSTool/PyDSTool/PyCont/auto/src/include', '-I/System/Library/Frameworks/Python.framework/Versions/2.7/Extras/lib/python/numpy/core/include', '-I/System/Library/Frameworks/Python.framework/Versions/2.7/include/python2.7', '-c', '/Users/mdlama/dev/PyDSTool/PyDSTool/PyCont/auto/module/../src/libf2c/z_exp.c', '-o', 'auto_temp/Users/mdlama/dev/PyDSTool/PyDSTool/PyCont/auto/src/libf2c/z_exp.o', '-w', '-D__PYTHON__', '-std=c99'],)[0m
[36mRetaining cwd: /Users/mdlama/Dropbox/Work/StudentResearch/Mark/HindmarshRose/bifurcation/drew_play[0m
[36m_preserve_environment([])[0m
[36m_update_environment(...)[0m
[36m_exec_command_posix(...)[0m
[36mRunning os.system('( cc -fno-strict-aliasing -fno-common -dynamic -arch i386 -arch x86_64 -g -Os -pipe -fno-common -fno-strict-aliasing -fwrapv -DENABLE_DTRACE -DMACOSX -DNDEBUG -Wall -Wstrict-prototypes -Wshorten-64-to-32 -DNDEBUG -g -fwrapv -Os -Wall -Wstrict-prototypes -DENABLE_DTRACE -arch i386 -arch x86_64 -pipe -I/System/Library/Frameworks/Python.framework/Versions/2.7/Extras/lib/python/numpy/core/include -I/Users/mdlama/Dropbox/Work/StudentResearch/Mark/HindmarshRose/bifurcation/drew_play -I/Users/mdlama/dev/PyDSTool/PyDSTool/PyCont/auto/module/include -I/Users/mdlama/Dropbox/Work/StudentResearch/Mark/HindmarshRose/bifurcation/drew_play/auto_temp -I/Users/mdlama/dev/PyDSTool/PyDSTool/PyCont/auto/src/include -I/System/Library/Frameworks/Python.framework/Versions/2.7/Extras/lib/python/numpy/core/include -I/System/Library/Frameworks/Python.framework/Versions/2.7/include/python2.7 -c /Users/mdlama/dev/PyDSTool/PyDSTool/PyCont/auto/module/../src/libf2c/z_exp.c -o auto_temp/Users/mdlama/dev/PyDSTool/PyDSTool/PyCont/auto/src/libf2c/z_exp.o -w -D__PYTHON__ -std=c99 ; echo $? > /var/folders/k0/n_7n3thj4h35pzp_ppnm3_l00000gp/T/tmp5eh5Za/1zTiH6 ) 2>&1 | tee /var/folders/k0/n_7n3thj4h35pzp_ppnm3_l00000gp/T/tmp5eh5Za/WVcqyW ')[0m
[36m_update_environment(...)[0m
[39mcc: /Users/mdlama/dev/PyDSTool/PyDSTool/PyCont/auto/module/../src/libf2c/r_lg10.c[0m
[36mexec_command(['cc', '-fno-strict-aliasing', '-fno-common', '-dynamic', '-arch', 'i386', '-arch', 'x86_64', '-g', '-Os', '-pipe', '-fno-common', '-fno-strict-aliasing', '-fwrapv', '-DENABLE_DTRACE', '-DMACOSX', '-DNDEBUG', '-Wall', '-Wstrict-prototypes', '-Wshorten-64-to-32', '-DNDEBUG', '-g', '-fwrapv', '-Os', '-Wall', '-Wstrict-prototypes', '-DENABLE_DTRACE', '-arch', 'i386', '-arch', 'x86_64', '-pipe', '-I/System/Library/Frameworks/Python.framework/Versions/2.7/Extras/lib/python/numpy/core/include', '-I/Users/mdlama/Dropbox/Work/StudentResearch/Mark/HindmarshRose/bifurcation/drew_play', '-I/Users/mdlama/dev/PyDSTool/PyDSTool/PyCont/auto/module/include', '-I/Users/mdlama/Dropbox/Work/StudentResearch/Mark/HindmarshRose/bifurcation/drew_play/auto_temp', '-I/Users/mdlama/dev/PyDSTool/PyDSTool/PyCont/auto/src/include', '-I/System/Library/Frameworks/Python.framework/Versions/2.7/Extras/lib/python/numpy/core/include', '-I/System/Library/Frameworks/Python.framework/Versions/2.7/include/python2.7', '-c', '/Users/mdlama/dev/PyDSTool/PyDSTool/PyCont/auto/module/../src/libf2c/r_lg10.c', '-o', 'auto_temp/Users/mdlama/dev/PyDSTool/PyDSTool/PyCont/auto/src/libf2c/r_lg10.o', '-w', '-D__PYTHON__', '-std=c99'],)[0m
[36mRetaining cwd: /Users/mdlama/Dropbox/Work/StudentResearch/Mark/HindmarshRose/bifurcation/drew_play[0m
[36m_preserve_environment([])[0m
[36m_update_environment(...)[0m
[36m_exec_command_posix(...)[0m
[36mRunning os.system('( cc -fno-strict-aliasing -fno-common -dynamic -arch i386 -arch x86_64 -g -Os -pipe -fno-common -fno-strict-aliasing -fwrapv -DENABLE_DTRACE -DMACOSX -DNDEBUG -Wall -Wstrict-prototypes -Wshorten-64-to-32 -DNDEBUG -g -fwrapv -Os -Wall -Wstrict-prototypes -DENABLE_DTRACE -arch i386 -arch x86_64 -pipe -I/System/Library/Frameworks/Python.framework/Versions/2.7/Extras/lib/python/numpy/core/include -I/Users/mdlama/Dropbox/Work/StudentResearch/Mark/HindmarshRose/bifurcation/drew_play -I/Users/mdlama/dev/PyDSTool/PyDSTool/PyCont/auto/module/include -I/Users/mdlama/Dropbox/Work/StudentResearch/Mark/HindmarshRose/bifurcation/drew_play/auto_temp -I/Users/mdlama/dev/PyDSTool/PyDSTool/PyCont/auto/src/include -I/System/Library/Frameworks/Python.framework/Versions/2.7/Extras/lib/python/numpy/core/include -I/System/Library/Frameworks/Python.framework/Versions/2.7/include/python2.7 -c /Users/mdlama/dev/PyDSTool/PyDSTool/PyCont/auto/module/../src/libf2c/r_lg10.c -o auto_temp/Users/mdlama/dev/PyDSTool/PyDSTool/PyCont/auto/src/libf2c/r_lg10.o -w -D__PYTHON__ -std=c99 ; echo $? > /var/folders/k0/n_7n3thj4h35pzp_ppnm3_l00000gp/T/tmp5eh5Za/OsDMd_ ) 2>&1 | tee /var/folders/k0/n_7n3thj4h35pzp_ppnm3_l00000gp/T/tmp5eh5Za/OkmH5J ')[0m
[36m_update_environment(...)[0m
[39mcc: /Users/mdlama/dev/PyDSTool/PyDSTool/PyCont/auto/module/../src/autlib4.c[0m
[36mexec_command(['cc', '-fno-strict-aliasing', '-fno-common', '-dynamic', '-arch', 'i386', '-arch', 'x86_64', '-g', '-Os', '-pipe', '-fno-common', '-fno-strict-aliasing', '-fwrapv', '-DENABLE_DTRACE', '-DMACOSX', '-DNDEBUG', '-Wall', '-Wstrict-prototypes', '-Wshorten-64-to-32', '-DNDEBUG', '-g', '-fwrapv', '-Os', '-Wall', '-Wstrict-prototypes', '-DENABLE_DTRACE', '-arch', 'i386', '-arch', 'x86_64', '-pipe', '-I/System/Library/Frameworks/Python.framework/Versions/2.7/Extras/lib/python/numpy/core/include', '-I/Users/mdlama/Dropbox/Work/StudentResearch/Mark/HindmarshRose/bifurcation/drew_play', '-I/Users/mdlama/dev/PyDSTool/PyDSTool/PyCont/auto/module/include', '-I/Users/mdlama/Dropbox/Work/StudentResearch/Mark/HindmarshRose/bifurcation/drew_play/auto_temp', '-I/Users/mdlama/dev/PyDSTool/PyDSTool/PyCont/auto/src/include', '-I/System/Library/Frameworks/Python.framework/Versions/2.7/Extras/lib/python/numpy/core/include', '-I/System/Library/Frameworks/Python.framework/Versions/2.7/include/python2.7', '-c', '/Users/mdlama/dev/PyDSTool/PyDSTool/PyCont/auto/module/../src/autlib4.c', '-o', 'auto_temp/Users/mdlama/dev/PyDSTool/PyDSTool/PyCont/auto/src/autlib4.o', '-w', '-D__PYTHON__', '-std=c99'],)[0m
[36mRetaining cwd: /Users/mdlama/Dropbox/Work/StudentResearch/Mark/HindmarshRose/bifurcation/drew_play[0m
[36m_preserve_environment([])[0m
[36m_update_environment(...)[0m
[36m_exec_command_posix(...)[0m
[36mRunning os.system('( cc -fno-strict-aliasing -fno-common -dynamic -arch i386 -arch x86_64 -g -Os -pipe -fno-common -fno-strict-aliasing -fwrapv -DENABLE_DTRACE -DMACOSX -DNDEBUG -Wall -Wstrict-prototypes -Wshorten-64-to-32 -DNDEBUG -g -fwrapv -Os -Wall -Wstrict-prototypes -DENABLE_DTRACE -arch i386 -arch x86_64 -pipe -I/System/Library/Frameworks/Python.framework/Versions/2.7/Extras/lib/python/numpy/core/include -I/Users/mdlama/Dropbox/Work/StudentResearch/Mark/HindmarshRose/bifurcation/drew_play -I/Users/mdlama/dev/PyDSTool/PyDSTool/PyCont/auto/module/include -I/Users/mdlama/Dropbox/Work/StudentResearch/Mark/HindmarshRose/bifurcation/drew_play/auto_temp -I/Users/mdlama/dev/PyDSTool/PyDSTool/PyCont/auto/src/include -I/System/Library/Frameworks/Python.framework/Versions/2.7/Extras/lib/python/numpy/core/include -I/System/Library/Frameworks/Python.framework/Versions/2.7/include/python2.7 -c /Users/mdlama/dev/PyDSTool/PyDSTool/PyCont/auto/module/../src/autlib4.c -o auto_temp/Users/mdlama/dev/PyDSTool/PyDSTool/PyCont/auto/src/autlib4.o -w -D__PYTHON__ -std=c99 ; echo $? > /var/folders/k0/n_7n3thj4h35pzp_ppnm3_l00000gp/T/tmp5eh5Za/fJmURo ) 2>&1 | tee /var/folders/k0/n_7n3thj4h35pzp_ppnm3_l00000gp/T/tmp5eh5Za/ISA3Pr ')[0m
[36m_update_environment(...)[0m
[39mcc -bundle -undefined dynamic_lookup -arch i386 -arch x86_64 -Wl,-F. auto_temp/auto_temp/src.macosx-10.11-intel-2.7/auto_temp/auto_HindmarshRoseFast_vf_wrap.o auto_temp/Users/mdlama/dev/PyDSTool/PyDSTool/PyCont/auto/src/auto.o auto_temp/Users/mdlama/dev/PyDSTool/PyDSTool/PyCont/auto/src/autlib1.o auto_temp/Users/mdlama/dev/PyDSTool/PyDSTool/PyCont/auto/src/autlib2.o auto_temp/Users/mdlama/dev/PyDSTool/PyDSTool/PyCont/auto/src/autlib3.o auto_temp/Users/mdlama/dev/PyDSTool/PyDSTool/PyCont/auto/src/autlib4.o auto_temp/Users/mdlama/dev/PyDSTool/PyDSTool/PyCont/auto/src/autlib5.o auto_temp/Users/mdlama/dev/PyDSTool/PyDSTool/PyCont/auto/src/eispack.o auto_temp/Users/mdlama/dev/PyDSTool/PyDSTool/PyCont/auto/src/conpar.o auto_temp/Users/mdlama/dev/PyDSTool/PyDSTool/PyCont/auto/src/setubv.o auto_temp/Users/mdlama/dev/PyDSTool/PyDSTool/PyCont/auto/src/reduce.o auto_temp/Users/mdlama/dev/PyDSTool/PyDSTool/PyCont/auto/src/dmatrix.o auto_temp/Users/mdlama/dev/PyDSTool/PyDSTool/PyCont/auto/src/fcon.o auto_temp/Users/mdlama/dev/PyDSTool/PyDSTool/PyCont/auto/src/libf2c/cabs.o auto_temp/Users/mdlama/dev/PyDSTool/PyDSTool/PyCont/auto/src/libf2c/d_lg10.o auto_temp/Users/mdlama/dev/PyDSTool/PyDSTool/PyCont/auto/src/libf2c/i_nint.o auto_temp/Users/mdlama/dev/PyDSTool/PyDSTool/PyCont/auto/src/libf2c/pow_di.o auto_temp/Users/mdlama/dev/PyDSTool/PyDSTool/PyCont/auto/src/libf2c/r_lg10.o auto_temp/Users/mdlama/dev/PyDSTool/PyDSTool/PyCont/auto/src/libf2c/z_exp.o auto_temp/Users/mdlama/dev/PyDSTool/PyDSTool/PyCont/auto/src/libf2c/d_imag.o auto_temp/Users/mdlama/dev/PyDSTool/PyDSTool/PyCont/auto/src/libf2c/d_sign.o auto_temp/Users/mdlama/dev/PyDSTool/PyDSTool/PyCont/auto/src/libf2c/i_dnnt.o auto_temp/Users/mdlama/dev/PyDSTool/PyDSTool/PyCont/auto/src/libf2c/pow_dd.o auto_temp/Users/mdlama/dev/PyDSTool/PyDSTool/PyCont/auto/src/libf2c/pow_ii.o auto_temp/Users/mdlama/dev/PyDSTool/PyDSTool/PyCont/auto/src/libf2c/z_abs.o auto_temp/Users/mdlama/dev/PyDSTool/PyDSTool/PyCont/auto/src/libf2c/z_log.o auto_temp/Users/mdlama/dev/PyDSTool/PyDSTool/PyCont/auto/module/automod.o auto_temp/Users/mdlama/dev/PyDSTool/PyDSTool/PyCont/auto/module/interface.o auto_temp/Users/mdlama/Dropbox/Work/StudentResearch/Mark/HindmarshRose/bifurcation/drew_play/auto_temp/HindmarshRoseFast_vf.o -L./ -o ./_auto_HindmarshRoseFast_vf.so -w[0m
[36mexec_command(['cc', '-bundle', '-undefined', 'dynamic_lookup', '-arch', 'i386', '-arch', 'x86_64', '-Wl,-F.', 'auto_temp/auto_temp/src.macosx-10.11-intel-2.7/auto_temp/auto_HindmarshRoseFast_vf_wrap.o', 'auto_temp/Users/mdlama/dev/PyDSTool/PyDSTool/PyCont/auto/src/auto.o', 'auto_temp/Users/mdlama/dev/PyDSTool/PyDSTool/PyCont/auto/src/autlib1.o', 'auto_temp/Users/mdlama/dev/PyDSTool/PyDSTool/PyCont/auto/src/autlib2.o', 'auto_temp/Users/mdlama/dev/PyDSTool/PyDSTool/PyCont/auto/src/autlib3.o', 'auto_temp/Users/mdlama/dev/PyDSTool/PyDSTool/PyCont/auto/src/autlib4.o', 'auto_temp/Users/mdlama/dev/PyDSTool/PyDSTool/PyCont/auto/src/autlib5.o', 'auto_temp/Users/mdlama/dev/PyDSTool/PyDSTool/PyCont/auto/src/eispack.o', 'auto_temp/Users/mdlama/dev/PyDSTool/PyDSTool/PyCont/auto/src/conpar.o', 'auto_temp/Users/mdlama/dev/PyDSTool/PyDSTool/PyCont/auto/src/setubv.o', 'auto_temp/Users/mdlama/dev/PyDSTool/PyDSTool/PyCont/auto/src/reduce.o', 'auto_temp/Users/mdlama/dev/PyDSTool/PyDSTool/PyCont/auto/src/dmatrix.o', 'auto_temp/Users/mdlama/dev/PyDSTool/PyDSTool/PyCont/auto/src/fcon.o', 'auto_temp/Users/mdlama/dev/PyDSTool/PyDSTool/PyCont/auto/src/libf2c/cabs.o', 'auto_temp/Users/mdlama/dev/PyDSTool/PyDSTool/PyCont/auto/src/libf2c/d_lg10.o', 'auto_temp/Users/mdlama/dev/PyDSTool/PyDSTool/PyCont/auto/src/libf2c/i_nint.o', 'auto_temp/Users/mdlama/dev/PyDSTool/PyDSTool/PyCont/auto/src/libf2c/pow_di.o', 'auto_temp/Users/mdlama/dev/PyDSTool/PyDSTool/PyCont/auto/src/libf2c/r_lg10.o', 'auto_temp/Users/mdlama/dev/PyDSTool/PyDSTool/PyCont/auto/src/libf2c/z_exp.o', 'auto_temp/Users/mdlama/dev/PyDSTool/PyDSTool/PyCont/auto/src/libf2c/d_imag.o', 'auto_temp/Users/mdlama/dev/PyDSTool/PyDSTool/PyCont/auto/src/libf2c/d_sign.o', 'auto_temp/Users/mdlama/dev/PyDSTool/PyDSTool/PyCont/auto/src/libf2c/i_dnnt.o', 'auto_temp/Users/mdlama/dev/PyDSTool/PyDSTool/PyCont/auto/src/libf2c/pow_dd.o', 'auto_temp/Users/mdlama/dev/PyDSTool/PyDSTool/PyCont/auto/src/libf2c/pow_ii.o', 'auto_temp/Users/mdlama/dev/PyDSTool/PyDSTool/PyCont/auto/src/libf2c/z_abs.o', 'auto_temp/Users/mdlama/dev/PyDSTool/PyDSTool/PyCont/auto/src/libf2c/z_log.o', 'auto_temp/Users/mdlama/dev/PyDSTool/PyDSTool/PyCont/auto/module/automod.o', 'auto_temp/Users/mdlama/dev/PyDSTool/PyDSTool/PyCont/auto/module/interface.o', 'auto_temp/Users/mdlama/Dropbox/Work/StudentResearch/Mark/HindmarshRose/bifurcation/drew_play/auto_temp/HindmarshRoseFast_vf.o', '-L./', '-o', './_auto_HindmarshRoseFast_vf.so', '-w'],)[0m
[36mRetaining cwd: /Users/mdlama/Dropbox/Work/StudentResearch/Mark/HindmarshRose/bifurcation/drew_play[0m
[36m_preserve_environment([])[0m
[36m_update_environment(...)[0m
[36m_exec_command_posix(...)[0m
[36mRunning os.system('( cc -bundle -undefined dynamic_lookup -arch i386 -arch x86_64 -Wl,-F. auto_temp/auto_temp/src.macosx-10.11-intel-2.7/auto_temp/auto_HindmarshRoseFast_vf_wrap.o auto_temp/Users/mdlama/dev/PyDSTool/PyDSTool/PyCont/auto/src/auto.o auto_temp/Users/mdlama/dev/PyDSTool/PyDSTool/PyCont/auto/src/autlib1.o auto_temp/Users/mdlama/dev/PyDSTool/PyDSTool/PyCont/auto/src/autlib2.o auto_temp/Users/mdlama/dev/PyDSTool/PyDSTool/PyCont/auto/src/autlib3.o auto_temp/Users/mdlama/dev/PyDSTool/PyDSTool/PyCont/auto/src/autlib4.o auto_temp/Users/mdlama/dev/PyDSTool/PyDSTool/PyCont/auto/src/autlib5.o auto_temp/Users/mdlama/dev/PyDSTool/PyDSTool/PyCont/auto/src/eispack.o auto_temp/Users/mdlama/dev/PyDSTool/PyDSTool/PyCont/auto/src/conpar.o auto_temp/Users/mdlama/dev/PyDSTool/PyDSTool/PyCont/auto/src/setubv.o auto_temp/Users/mdlama/dev/PyDSTool/PyDSTool/PyCont/auto/src/reduce.o auto_temp/Users/mdlama/dev/PyDSTool/PyDSTool/PyCont/auto/src/dmatrix.o auto_temp/Users/mdlama/dev/PyDSTool/PyDSTool/PyCont/auto/src/fcon.o auto_temp/Users/mdlama/dev/PyDSTool/PyDSTool/PyCont/auto/src/libf2c/cabs.o auto_temp/Users/mdlama/dev/PyDSTool/PyDSTool/PyCont/auto/src/libf2c/d_lg10.o auto_temp/Users/mdlama/dev/PyDSTool/PyDSTool/PyCont/auto/src/libf2c/i_nint.o auto_temp/Users/mdlama/dev/PyDSTool/PyDSTool/PyCont/auto/src/libf2c/pow_di.o auto_temp/Users/mdlama/dev/PyDSTool/PyDSTool/PyCont/auto/src/libf2c/r_lg10.o auto_temp/Users/mdlama/dev/PyDSTool/PyDSTool/PyCont/auto/src/libf2c/z_exp.o auto_temp/Users/mdlama/dev/PyDSTool/PyDSTool/PyCont/auto/src/libf2c/d_imag.o auto_temp/Users/mdlama/dev/PyDSTool/PyDSTool/PyCont/auto/src/libf2c/d_sign.o auto_temp/Users/mdlama/dev/PyDSTool/PyDSTool/PyCont/auto/src/libf2c/i_dnnt.o auto_temp/Users/mdlama/dev/PyDSTool/PyDSTool/PyCont/auto/src/libf2c/pow_dd.o auto_temp/Users/mdlama/dev/PyDSTool/PyDSTool/PyCont/auto/src/libf2c/pow_ii.o auto_temp/Users/mdlama/dev/PyDSTool/PyDSTool/PyCont/auto/src/libf2c/z_abs.o auto_temp/Users/mdlama/dev/PyDSTool/PyDSTool/PyCont/auto/src/libf2c/z_log.o auto_temp/Users/mdlama/dev/PyDSTool/PyDSTool/PyCont/auto/module/automod.o auto_temp/Users/mdlama/dev/PyDSTool/PyDSTool/PyCont/auto/module/interface.o auto_temp/Users/mdlama/Dropbox/Work/StudentResearch/Mark/HindmarshRose/bifurcation/drew_play/auto_temp/HindmarshRoseFast_vf.o -L./ -o ./_auto_HindmarshRoseFast_vf.so -w ; echo $? > /var/folders/k0/n_7n3thj4h35pzp_ppnm3_l00000gp/T/tmp5eh5Za/ZZCYvy ) 2>&1 | tee /var/folders/k0/n_7n3thj4h35pzp_ppnm3_l00000gp/T/tmp5eh5Za/6Nh8ck ')[0m
[36m_update_environment(...)[0m
