[39mrunning build[0m
[39mrunning config_cc[0m
[39munifing config_cc, config, build_clib, build_ext, build commands --compiler options[0m
[39mrunning config_fc[0m
[39munifing config_fc, config, build_clib, build_ext, build commands --fcompiler options[0m
[39mrunning build_src[0m
[39mbuild_src[0m
[39mbuilding extension "_auto_HindmarshRoseFast_vf" sources[0m
[39mswig: /home/osboxes/Documents/workspace/research/code/bifurcation/auto_temp/auto_HindmarshRoseFast_vf.i[0m
[39mswig -python -I/home/osboxes/anaconda2/lib/python2.7/site-packages/numpy/core/include -I/home/osboxes/Documents/workspace/research/code/bifurcation -I/home/osboxes/anaconda2/lib/python2.7/site-packages/PyDSTool/PyCont/auto/module/include -I/home/osboxes/Documents/workspace/research/code/bifurcation/auto_temp -I/home/osboxes/anaconda2/lib/python2.7/site-packages/PyDSTool/PyCont/auto/src/include -o auto_temp/src.linux-x86_64-2.7/auto_temp/auto_HindmarshRoseFast_vf_wrap.c -outdir auto_temp/src.linux-x86_64-2.7/auto_temp /home/osboxes/Documents/workspace/research/code/bifurcation/auto_temp/auto_HindmarshRoseFast_vf.i[0m
[39mbuild_src: building npy-pkg config files[0m
[39mrunning build_ext[0m
[36mnew_compiler returns distutils.unixccompiler.UnixCCompiler[0m
[39mcustomize UnixCCompiler[0m
[39mcustomize UnixCCompiler using build_ext[0m
********************************************************************************
distutils.unixccompiler.UnixCCompiler
linker_exe    = ['gcc', '-pthread', '-B', '/home/osboxes/anaconda2/compiler_compat', '-Wl,--sysroot=/']
compiler_so   = ['gcc', '-pthread', '-B', '/home/osboxes/anaconda2/compiler_compat', '-Wl,--sysroot=/', '-fno-strict-aliasing', '-g', '-O2', '-DNDEBUG', '-g', '-fwrapv', '-O3', '-Wall', '-Wstrict-prototypes', '-fPIC']
archiver      = ['ar', 'rc']
preprocessor  = ['gcc', '-pthread', '-B', '/home/osboxes/anaconda2/compiler_compat', '-Wl,--sysroot=/', '-E']
linker_so     = ['gcc', '-pthread', '-shared', '-B', '/home/osboxes/anaconda2/compiler_compat', '-L/home/osboxes/anaconda2/lib', '-Wl,-rpath=/home/osboxes/anaconda2/lib', '-Wl,--no-as-needed', '-Wl,--sysroot=/']
compiler_cxx  = ['g++', '-pthread', '-B', '/home/osboxes/anaconda2/compiler_compat', '-Wl,--sysroot=/']
ranlib        = None
compiler      = ['gcc', '-pthread', '-B', '/home/osboxes/anaconda2/compiler_compat', '-Wl,--sysroot=/', '-fno-strict-aliasing', '-g', '-O2', '-DNDEBUG', '-g', '-fwrapv', '-O3', '-Wall', '-Wstrict-prototypes']
libraries     = []
library_dirs  = ['/home/osboxes/anaconda2/lib']
include_dirs  = ['/home/osboxes/anaconda2/include/python2.7']
********************************************************************************
[39mbuilding '_auto_HindmarshRoseFast_vf' extension[0m
[39mcompiling C sources[0m
[39mC compiler: gcc -pthread -B /home/osboxes/anaconda2/compiler_compat -Wl,--sysroot=/ -fno-strict-aliasing -g -O2 -DNDEBUG -g -fwrapv -O3 -Wall -Wstrict-prototypes -fPIC
[0m
[39mcompile options: '-I/home/osboxes/anaconda2/lib/python2.7/site-packages/numpy/core/include -I/home/osboxes/Documents/workspace/research/code/bifurcation -I/home/osboxes/anaconda2/lib/python2.7/site-packages/PyDSTool/PyCont/auto/module/include -I/home/osboxes/Documents/workspace/research/code/bifurcation/auto_temp -I/home/osboxes/anaconda2/lib/python2.7/site-packages/PyDSTool/PyCont/auto/src/include -I/home/osboxes/anaconda2/lib/python2.7/site-packages/numpy/core/include -I/home/osboxes/anaconda2/include/python2.7 -c'
extra options: '-w -D__PYTHON__ -std=c99'[0m
[39mgcc: auto_temp/src.linux-x86_64-2.7/auto_temp/auto_HindmarshRoseFast_vf_wrap.c[0m
[36mexec_command(['gcc', '-pthread', '-B', '/home/osboxes/anaconda2/compiler_compat', '-Wl,--sysroot=/', '-fno-strict-aliasing', '-g', '-O2', '-DNDEBUG', '-g', '-fwrapv', '-O3', '-Wall', '-Wstrict-prototypes', '-fPIC', '-I/home/osboxes/anaconda2/lib/python2.7/site-packages/numpy/core/include', '-I/home/osboxes/Documents/workspace/research/code/bifurcation', '-I/home/osboxes/anaconda2/lib/python2.7/site-packages/PyDSTool/PyCont/auto/module/include', '-I/home/osboxes/Documents/workspace/research/code/bifurcation/auto_temp', '-I/home/osboxes/anaconda2/lib/python2.7/site-packages/PyDSTool/PyCont/auto/src/include', '-I/home/osboxes/anaconda2/lib/python2.7/site-packages/numpy/core/include', '-I/home/osboxes/anaconda2/include/python2.7', '-c', 'auto_temp/src.linux-x86_64-2.7/auto_temp/auto_HindmarshRoseFast_vf_wrap.c', '-o', 'auto_temp/auto_temp/src.linux-x86_64-2.7/auto_temp/auto_HindmarshRoseFast_vf_wrap.o', '-MMD', '-MF', 'auto_temp/auto_temp/src.linux-x86_64-2.7/auto_temp/auto_HindmarshRoseFast_vf_wrap.o.d', '-w', '-D__PYTHON__', '-std=c99'],)[0m
[36mRetaining cwd: /home/osboxes/Documents/workspace/research/code/bifurcation[0m
[36m_preserve_environment([])[0m
[36m_update_environment(...)[0m
[36m_update_environment(...)[0m
[39mgcc: /home/osboxes/Documents/workspace/research/code/bifurcation/auto_temp/HindmarshRoseFast_vf.c[0m
[36mexec_command(['gcc', '-pthread', '-B', '/home/osboxes/anaconda2/compiler_compat', '-Wl,--sysroot=/', '-fno-strict-aliasing', '-g', '-O2', '-DNDEBUG', '-g', '-fwrapv', '-O3', '-Wall', '-Wstrict-prototypes', '-fPIC', '-I/home/osboxes/anaconda2/lib/python2.7/site-packages/numpy/core/include', '-I/home/osboxes/Documents/workspace/research/code/bifurcation', '-I/home/osboxes/anaconda2/lib/python2.7/site-packages/PyDSTool/PyCont/auto/module/include', '-I/home/osboxes/Documents/workspace/research/code/bifurcation/auto_temp', '-I/home/osboxes/anaconda2/lib/python2.7/site-packages/PyDSTool/PyCont/auto/src/include', '-I/home/osboxes/anaconda2/lib/python2.7/site-packages/numpy/core/include', '-I/home/osboxes/anaconda2/include/python2.7', '-c', '/home/osboxes/Documents/workspace/research/code/bifurcation/auto_temp/HindmarshRoseFast_vf.c', '-o', 'auto_temp/home/osboxes/Documents/workspace/research/code/bifurcation/auto_temp/HindmarshRoseFast_vf.o', '-MMD', '-MF', 'auto_temp/home/osboxes/Documents/workspace/research/code/bifurcation/auto_temp/HindmarshRoseFast_vf.o.d', '-w', '-D__PYTHON__', '-std=c99'],)[0m
[36mRetaining cwd: /home/osboxes/Documents/workspace/research/code/bifurcation[0m
[36m_preserve_environment([])[0m
[36m_update_environment(...)[0m
[36m_update_environment(...)[0m
[39mgcc -pthread -shared -B /home/osboxes/anaconda2/compiler_compat -L/home/osboxes/anaconda2/lib -Wl,-rpath=/home/osboxes/anaconda2/lib -Wl,--no-as-needed -Wl,--sysroot=/ auto_temp/auto_temp/src.linux-x86_64-2.7/auto_temp/auto_HindmarshRoseFast_vf_wrap.o auto_temp/home/osboxes/anaconda2/lib/python2.7/site-packages/PyDSTool/PyCont/auto/src/auto.o auto_temp/home/osboxes/anaconda2/lib/python2.7/site-packages/PyDSTool/PyCont/auto/src/autlib1.o auto_temp/home/osboxes/anaconda2/lib/python2.7/site-packages/PyDSTool/PyCont/auto/src/autlib2.o auto_temp/home/osboxes/anaconda2/lib/python2.7/site-packages/PyDSTool/PyCont/auto/src/autlib3.o auto_temp/home/osboxes/anaconda2/lib/python2.7/site-packages/PyDSTool/PyCont/auto/src/autlib4.o auto_temp/home/osboxes/anaconda2/lib/python2.7/site-packages/PyDSTool/PyCont/auto/src/autlib5.o auto_temp/home/osboxes/anaconda2/lib/python2.7/site-packages/PyDSTool/PyCont/auto/src/eispack.o auto_temp/home/osboxes/anaconda2/lib/python2.7/site-packages/PyDSTool/PyCont/auto/src/conpar.o auto_temp/home/osboxes/anaconda2/lib/python2.7/site-packages/PyDSTool/PyCont/auto/src/setubv.o auto_temp/home/osboxes/anaconda2/lib/python2.7/site-packages/PyDSTool/PyCont/auto/src/reduce.o auto_temp/home/osboxes/anaconda2/lib/python2.7/site-packages/PyDSTool/PyCont/auto/src/dmatrix.o auto_temp/home/osboxes/anaconda2/lib/python2.7/site-packages/PyDSTool/PyCont/auto/src/fcon.o auto_temp/home/osboxes/anaconda2/lib/python2.7/site-packages/PyDSTool/PyCont/auto/src/libf2c/cabs.o auto_temp/home/osboxes/anaconda2/lib/python2.7/site-packages/PyDSTool/PyCont/auto/src/libf2c/d_lg10.o auto_temp/home/osboxes/anaconda2/lib/python2.7/site-packages/PyDSTool/PyCont/auto/src/libf2c/i_nint.o auto_temp/home/osboxes/anaconda2/lib/python2.7/site-packages/PyDSTool/PyCont/auto/src/libf2c/pow_di.o auto_temp/home/osboxes/anaconda2/lib/python2.7/site-packages/PyDSTool/PyCont/auto/src/libf2c/r_lg10.o auto_temp/home/osboxes/anaconda2/lib/python2.7/site-packages/PyDSTool/PyCont/auto/src/libf2c/z_exp.o auto_temp/home/osboxes/anaconda2/lib/python2.7/site-packages/PyDSTool/PyCont/auto/src/libf2c/d_imag.o auto_temp/home/osboxes/anaconda2/lib/python2.7/site-packages/PyDSTool/PyCont/auto/src/libf2c/d_sign.o auto_temp/home/osboxes/anaconda2/lib/python2.7/site-packages/PyDSTool/PyCont/auto/src/libf2c/i_dnnt.o auto_temp/home/osboxes/anaconda2/lib/python2.7/site-packages/PyDSTool/PyCont/auto/src/libf2c/pow_dd.o auto_temp/home/osboxes/anaconda2/lib/python2.7/site-packages/PyDSTool/PyCont/auto/src/libf2c/pow_ii.o auto_temp/home/osboxes/anaconda2/lib/python2.7/site-packages/PyDSTool/PyCont/auto/src/libf2c/z_abs.o auto_temp/home/osboxes/anaconda2/lib/python2.7/site-packages/PyDSTool/PyCont/auto/src/libf2c/z_log.o auto_temp/home/osboxes/anaconda2/lib/python2.7/site-packages/PyDSTool/PyCont/auto/module/automod.o auto_temp/home/osboxes/anaconda2/lib/python2.7/site-packages/PyDSTool/PyCont/auto/module/interface.o auto_temp/home/osboxes/Documents/workspace/research/code/bifurcation/auto_temp/HindmarshRoseFast_vf.o -L./ -L/home/osboxes/anaconda2/lib -lpython2.7 -o ./_auto_HindmarshRoseFast_vf.so -w[0m
[36mexec_command(['gcc', '-pthread', '-shared', '-B', '/home/osboxes/anaconda2/compiler_compat', '-L/home/osboxes/anaconda2/lib', '-Wl,-rpath=/home/osboxes/anaconda2/lib', '-Wl,--no-as-needed', '-Wl,--sysroot=/', 'auto_temp/auto_temp/src.linux-x86_64-2.7/auto_temp/auto_HindmarshRoseFast_vf_wrap.o', 'auto_temp/home/osboxes/anaconda2/lib/python2.7/site-packages/PyDSTool/PyCont/auto/src/auto.o', 'auto_temp/home/osboxes/anaconda2/lib/python2.7/site-packages/PyDSTool/PyCont/auto/src/autlib1.o', 'auto_temp/home/osboxes/anaconda2/lib/python2.7/site-packages/PyDSTool/PyCont/auto/src/autlib2.o', 'auto_temp/home/osboxes/anaconda2/lib/python2.7/site-packages/PyDSTool/PyCont/auto/src/autlib3.o', 'auto_temp/home/osboxes/anaconda2/lib/python2.7/site-packages/PyDSTool/PyCont/auto/src/autlib4.o', 'auto_temp/home/osboxes/anaconda2/lib/python2.7/site-packages/PyDSTool/PyCont/auto/src/autlib5.o', 'auto_temp/home/osboxes/anaconda2/lib/python2.7/site-packages/PyDSTool/PyCont/auto/src/eispack.o', 'auto_temp/home/osboxes/anaconda2/lib/python2.7/site-packages/PyDSTool/PyCont/auto/src/conpar.o', 'auto_temp/home/osboxes/anaconda2/lib/python2.7/site-packages/PyDSTool/PyCont/auto/src/setubv.o', 'auto_temp/home/osboxes/anaconda2/lib/python2.7/site-packages/PyDSTool/PyCont/auto/src/reduce.o', 'auto_temp/home/osboxes/anaconda2/lib/python2.7/site-packages/PyDSTool/PyCont/auto/src/dmatrix.o', 'auto_temp/home/osboxes/anaconda2/lib/python2.7/site-packages/PyDSTool/PyCont/auto/src/fcon.o', 'auto_temp/home/osboxes/anaconda2/lib/python2.7/site-packages/PyDSTool/PyCont/auto/src/libf2c/cabs.o', 'auto_temp/home/osboxes/anaconda2/lib/python2.7/site-packages/PyDSTool/PyCont/auto/src/libf2c/d_lg10.o', 'auto_temp/home/osboxes/anaconda2/lib/python2.7/site-packages/PyDSTool/PyCont/auto/src/libf2c/i_nint.o', 'auto_temp/home/osboxes/anaconda2/lib/python2.7/site-packages/PyDSTool/PyCont/auto/src/libf2c/pow_di.o', 'auto_temp/home/osboxes/anaconda2/lib/python2.7/site-packages/PyDSTool/PyCont/auto/src/libf2c/r_lg10.o', 'auto_temp/home/osboxes/anaconda2/lib/python2.7/site-packages/PyDSTool/PyCont/auto/src/libf2c/z_exp.o', 'auto_temp/home/osboxes/anaconda2/lib/python2.7/site-packages/PyDSTool/PyCont/auto/src/libf2c/d_imag.o', 'auto_temp/home/osboxes/anaconda2/lib/python2.7/site-packages/PyDSTool/PyCont/auto/src/libf2c/d_sign.o', 'auto_temp/home/osboxes/anaconda2/lib/python2.7/site-packages/PyDSTool/PyCont/auto/src/libf2c/i_dnnt.o', 'auto_temp/home/osboxes/anaconda2/lib/python2.7/site-packages/PyDSTool/PyCont/auto/src/libf2c/pow_dd.o', 'auto_temp/home/osboxes/anaconda2/lib/python2.7/site-packages/PyDSTool/PyCont/auto/src/libf2c/pow_ii.o', 'auto_temp/home/osboxes/anaconda2/lib/python2.7/site-packages/PyDSTool/PyCont/auto/src/libf2c/z_abs.o', 'auto_temp/home/osboxes/anaconda2/lib/python2.7/site-packages/PyDSTool/PyCont/auto/src/libf2c/z_log.o', 'auto_temp/home/osboxes/anaconda2/lib/python2.7/site-packages/PyDSTool/PyCont/auto/module/automod.o', 'auto_temp/home/osboxes/anaconda2/lib/python2.7/site-packages/PyDSTool/PyCont/auto/module/interface.o', 'auto_temp/home/osboxes/Documents/workspace/research/code/bifurcation/auto_temp/HindmarshRoseFast_vf.o', '-L./', '-L/home/osboxes/anaconda2/lib', '-lpython2.7', '-o', './_auto_HindmarshRoseFast_vf.so', '-w'],)[0m
[36mRetaining cwd: /home/osboxes/Documents/workspace/research/code/bifurcation[0m
[36m_preserve_environment([])[0m
[36m_update_environment(...)[0m
[36m_update_environment(...)[0m
